{"uuid":"1c9d2c59-1da4-4954-b73c-13aa3a547a31","name":"Scenario: Verify Event Genration End 2 End flow","children":["b3a95e66-6cfc-4dc1-ad7c-3ba28c11da79"],"befores":[{"name":"com.FaceFirst.web.stepDefinitions.Steps.setUpDriver()","status":"passed","stage":"finished","steps":[],"attachments":[],"parameters":[],"start":1673453543830,"stop":1673453550996},{"name":"com.FaceFirst.web.stepDefinitions.Steps.PrintScenarioName(io.cucumber.java.Scenario)","status":"passed","stage":"finished","steps":[],"attachments":[],"parameters":[],"start":1673453551009,"stop":1673453551010}],"afters":[{"name":"com.FaceFirst.web.stepDefinitions.Steps.addScreenshot(io.cucumber.java.Scenario)","status":"broken","statusDetails":{"known":false,"muted":false,"flaky":false,"message":"AFTER_STEP is failed: java.io.IOException: There is not enough space on the disk\nBuild info: version: '3.141.59', revision: 'e82be7d358', time: '2018-11-14T08:17:03'\nSystem info: host: 'DESKTOP-KDRQDOD', ip: '192.168.1.19', os.name: 'Windows 10', os.arch: 'amd64', os.version: '10.0', java.version: '17.0.5'\nDriver info: driver.version: RemoteWebDriver","trace":"org.openqa.selenium.WebDriverException: java.io.IOException: There is not enough space on the disk\nBuild info: version: '3.141.59', revision: 'e82be7d358', time: '2018-11-14T08:17:03'\nSystem info: host: 'DESKTOP-KDRQDOD', ip: '192.168.1.19', os.name: 'Windows 10', os.arch: 'amd64', os.version: '10.0', java.version: '17.0.5'\nDriver info: driver.version: RemoteWebDriver\r\n\tat org.openqa.selenium.OutputType$3.save(OutputType.java:92)\r\n\tat org.openqa.selenium.OutputType$3.convertFromBase64Png(OutputType.java:73)\r\n\tat org.openqa.selenium.OutputType$3.convertFromBase64Png(OutputType.java:71)\r\n\tat org.openqa.selenium.remote.RemoteWebDriver.getScreenshotAs(RemoteWebDriver.java:299)\r\n\tat com.FaceFirst.web.stepDefinitions.Steps.addScreenshot(Steps.java:86)\r\nCaused by: java.io.IOException: There is not enough space on the disk\r\n\tat java.base/java.io.FileOutputStream.writeBytes(Native Method)\r\n\tat java.base/java.io.FileOutputStream.write(FileOutputStream.java:336)\r\n\tat org.openqa.selenium.OutputType$3.save(OutputType.java:88)\r\n\tat org.openqa.selenium.OutputType$3.convertFromBase64Png(OutputType.java:73)\r\n\tat org.openqa.selenium.OutputType$3.convertFromBase64Png(OutputType.java:71)\r\n\tat org.openqa.selenium.remote.RemoteWebDriver.getScreenshotAs(RemoteWebDriver.java:299)\r\n\tat com.FaceFirst.web.stepDefinitions.Steps.addScreenshot(Steps.java:86)\r\n\tat java.base/jdk.internal.reflect.NativeMethodAccessorImpl.invoke0(Native Method)\r\n\tat java.base/jdk.internal.reflect.NativeMethodAccessorImpl.invoke(NativeMethodAccessorImpl.java:77)\r\n\tat java.base/jdk.internal.reflect.DelegatingMethodAccessorImpl.invoke(DelegatingMethodAccessorImpl.java:43)\r\n\tat java.base/java.lang.reflect.Method.invoke(Method.java:568)\r\n\tat io.cucumber.java.Invoker.doInvoke(Invoker.java:66)\r\n\tat io.cucumber.java.Invoker.invoke(Invoker.java:24)\r\n\tat io.cucumber.java.AbstractGlueDefinition.invokeMethod(AbstractGlueDefinition.java:47)\r\n\tat io.cucumber.java.JavaHookDefinition.execute(JavaHookDefinition.java:64)\r\n\tat io.cucumber.core.runner.CoreHookDefinition.execute(CoreHookDefinition.java:46)\r\n\tat io.cucumber.core.runner.HookDefinitionMatch.runStep(HookDefinitionMatch.java:21)\r\n\tat io.cucumber.core.runner.ExecutionMode$1.execute(ExecutionMode.java:10)\r\n\tat io.cucumber.core.runner.TestStep.executeStep(TestStep.java:86)\r\n\tat io.cucumber.core.runner.TestStep.run(TestStep.java:57)\r\n\tat io.cucumber.core.runner.PickleStepTestStep.run(PickleStepTestStep.java:56)\r\n\tat io.cucumber.core.runner.TestCase.run(TestCase.java:95)\r\n\tat io.cucumber.core.runner.Runner.runPickle(Runner.java:75)\r\n\tat io.cucumber.testng.TestNGCucumberRunner.lambda$runScenario$1(TestNGCucumberRunner.java:132)\r\n\tat io.cucumber.core.runtime.CucumberExecutionContext.lambda$runTestCase$3(CucumberExecutionContext.java:151)\r\n\tat io.cucumber.core.runtime.RethrowingThrowableCollector.executeAndThrow(RethrowingThrowableCollector.java:23)\r\n\tat io.cucumber.core.runtime.CucumberExecutionContext.runTestCase(CucumberExecutionContext.java:151)\r\n\tat io.cucumber.testng.TestNGCucumberRunner.runScenario(TestNGCucumberRunner.java:129)\r\n\tat com.FaceFirst.web.runner.RunTestNGTest.feature(RunTestNGTest.java:37)\r\n\tat java.base/jdk.internal.reflect.NativeMethodAccessorImpl.invoke0(Native Method)\r\n\tat java.base/jdk.internal.reflect.NativeMethodAccessorImpl.invoke(NativeMethodAccessorImpl.java:77)\r\n\tat java.base/jdk.internal.reflect.DelegatingMethodAccessorImpl.invoke(DelegatingMethodAccessorImpl.java:43)\r\n\tat java.base/java.lang.reflect.Method.invoke(Method.java:568)\r\n\tat org.testng.internal.MethodInvocationHelper.invokeMethod(MethodInvocationHelper.java:133)\r\n\tat org.testng.internal.TestInvoker.invokeMethod(TestInvoker.java:598)\r\n\tat org.testng.internal.TestInvoker.invokeTestMethod(TestInvoker.java:173)\r\n\tat org.testng.internal.MethodRunner.runInSequence(MethodRunner.java:46)\r\n\tat org.testng.internal.TestInvoker$MethodInvocationAgent.invoke(TestInvoker.java:824)\r\n\tat org.testng.internal.TestInvoker.invokeTestMethods(TestInvoker.java:146)\r\n\tat org.testng.internal.TestMethodWorker.invokeTestMethods(TestMethodWorker.java:146)\r\n\tat org.testng.internal.TestMethodWorker.run(TestMethodWorker.java:128)\r\n\tat java.base/java.util.ArrayList.forEach(ArrayList.java:1511)\r\n\tat org.testng.TestRunner.privateRun(TestRunner.java:794)\r\n\tat org.testng.TestRunner.run(TestRunner.java:596)\r\n\tat org.testng.SuiteRunner.runTest(SuiteRunner.java:377)\r\n\tat org.testng.SuiteRunner.runSequentially(SuiteRunner.java:371)\r\n\tat org.testng.SuiteRunner.privateRun(SuiteRunner.java:332)\r\n\tat org.testng.SuiteRunner.run(SuiteRunner.java:276)\r\n\tat org.testng.SuiteRunnerWorker.runSuite(SuiteRunnerWorker.java:53)\r\n\tat org.testng.SuiteRunnerWorker.run(SuiteRunnerWorker.java:96)\r\n\tat org.testng.TestNG.runSuitesSequentially(TestNG.java:1212)\r\n\tat org.testng.TestNG.runSuitesLocally(TestNG.java:1134)\r\n\tat org.testng.TestNG.runSuites(TestNG.java:1063)\r\n\tat org.testng.TestNG.run(TestNG.java:1031)\r\n\tat org.testng.remote.AbstractRemoteTestNG.run(AbstractRemoteTestNG.java:115)\r\n\tat org.testng.remote.RemoteTestNG.initAndRun(RemoteTestNG.java:251)\r\n\tat org.testng.remote.RemoteTestNG.main(RemoteTestNG.java:77)\r\n"},"stage":"finished","steps":[],"attachments":[],"parameters":[],"start":1673453553239,"stop":1673453553629},{"name":"com.FaceFirst.web.stepDefinitions.Steps.addScreenshot(io.cucumber.java.Scenario)","status":"skipped","statusDetails":{"known":false,"muted":false,"flaky":false,"message":"AFTER_STEP is failed."},"stage":"finished","steps":[],"attachments":[],"parameters":[],"start":1673453553637,"stop":1673453553637},{"name":"com.FaceFirst.web.stepDefinitions.Steps.addScreenshot(io.cucumber.java.Scenario)","status":"skipped","statusDetails":{"known":false,"muted":false,"flaky":false,"message":"AFTER_STEP is failed."},"stage":"finished","steps":[],"attachments":[],"parameters":[],"start":1673453553640,"stop":1673453553641},{"name":"com.FaceFirst.web.stepDefinitions.Steps.addScreenshot(io.cucumber.java.Scenario)","status":"skipped","statusDetails":{"known":false,"muted":false,"flaky":false,"message":"AFTER_STEP is failed."},"stage":"finished","steps":[],"attachments":[],"parameters":[],"start":1673453553643,"stop":1673453553643},{"name":"com.FaceFirst.web.stepDefinitions.Steps.addScreenshot(io.cucumber.java.Scenario)","status":"skipped","statusDetails":{"known":false,"muted":false,"flaky":false,"message":"AFTER_STEP is failed."},"stage":"finished","steps":[],"attachments":[],"parameters":[],"start":1673453553646,"stop":1673453553646},{"name":"com.FaceFirst.web.stepDefinitions.Steps.addScreenshot(io.cucumber.java.Scenario)","status":"skipped","statusDetails":{"known":false,"muted":false,"flaky":false,"message":"AFTER_STEP is failed."},"stage":"finished","steps":[],"attachments":[],"parameters":[],"start":1673453553648,"stop":1673453553648},{"name":"com.FaceFirst.web.stepDefinitions.Steps.addScreenshot(io.cucumber.java.Scenario)","status":"skipped","statusDetails":{"known":false,"muted":false,"flaky":false,"message":"AFTER_STEP is failed."},"stage":"finished","steps":[],"attachments":[],"parameters":[],"start":1673453553649,"stop":1673453553651},{"name":"com.FaceFirst.web.stepDefinitions.Steps.addScreenshot(io.cucumber.java.Scenario)","status":"skipped","statusDetails":{"known":false,"muted":false,"flaky":false,"message":"AFTER_STEP is failed."},"stage":"finished","steps":[],"attachments":[],"parameters":[],"start":1673453553651,"stop":1673453553652},{"name":"com.FaceFirst.web.stepDefinitions.Steps.addScreenshot(io.cucumber.java.Scenario)","status":"skipped","statusDetails":{"known":false,"muted":false,"flaky":false,"message":"AFTER_STEP is failed."},"stage":"finished","steps":[],"attachments":[],"parameters":[],"start":1673453553653,"stop":1673453553654},{"name":"com.FaceFirst.web.stepDefinitions.Steps.addScreenshot(io.cucumber.java.Scenario)","status":"skipped","statusDetails":{"known":false,"muted":false,"flaky":false,"message":"AFTER_STEP is failed."},"stage":"finished","steps":[],"attachments":[],"parameters":[],"start":1673453553656,"stop":1673453553656},{"name":"com.FaceFirst.web.stepDefinitions.Steps.addScreenshot(io.cucumber.java.Scenario)","status":"skipped","statusDetails":{"known":false,"muted":false,"flaky":false,"message":"AFTER_STEP is failed."},"stage":"finished","steps":[],"attachments":[],"parameters":[],"start":1673453553659,"stop":1673453553659},{"name":"com.FaceFirst.web.stepDefinitions.Steps.addScreenshot(io.cucumber.java.Scenario)","status":"skipped","statusDetails":{"known":false,"muted":false,"flaky":false,"message":"AFTER_STEP is failed."},"stage":"finished","steps":[],"attachments":[],"parameters":[],"start":1673453553661,"stop":1673453553662},{"name":"com.FaceFirst.web.stepDefinitions.Steps.addScreenshot(io.cucumber.java.Scenario)","status":"skipped","statusDetails":{"known":false,"muted":false,"flaky":false,"message":"AFTER_STEP is failed."},"stage":"finished","steps":[],"attachments":[],"parameters":[],"start":1673453553664,"stop":1673453553665},{"name":"com.FaceFirst.web.stepDefinitions.Steps.addScreenshot(io.cucumber.java.Scenario)","status":"skipped","statusDetails":{"known":false,"muted":false,"flaky":false,"message":"AFTER_STEP is failed."},"stage":"finished","steps":[],"attachments":[],"parameters":[],"start":1673453553667,"stop":1673453553667},{"name":"com.FaceFirst.web.stepDefinitions.Steps.addScreenshot(io.cucumber.java.Scenario)","status":"skipped","statusDetails":{"known":false,"muted":false,"flaky":false,"message":"AFTER_STEP is failed."},"stage":"finished","steps":[],"attachments":[],"parameters":[],"start":1673453553669,"stop":1673453553670},{"name":"com.FaceFirst.web.stepDefinitions.Steps.addScreenshot(io.cucumber.java.Scenario)","status":"skipped","statusDetails":{"known":false,"muted":false,"flaky":false,"message":"AFTER_STEP is failed."},"stage":"finished","steps":[],"attachments":[],"parameters":[],"start":1673453553675,"stop":1673453553675},{"name":"com.FaceFirst.web.stepDefinitions.Steps.addScreenshot(io.cucumber.java.Scenario)","status":"skipped","statusDetails":{"known":false,"muted":false,"flaky":false,"message":"AFTER_STEP is failed."},"stage":"finished","steps":[],"attachments":[],"parameters":[],"start":1673453553677,"stop":1673453553678},{"name":"com.FaceFirst.web.stepDefinitions.Steps.addScreenshot(io.cucumber.java.Scenario)","status":"skipped","statusDetails":{"known":false,"muted":false,"flaky":false,"message":"AFTER_STEP is failed."},"stage":"finished","steps":[],"attachments":[],"parameters":[],"start":1673453553680,"stop":1673453553680},{"name":"com.FaceFirst.web.stepDefinitions.Steps.tearDown(io.cucumber.java.Scenario)","status":"passed","stage":"finished","steps":[],"attachments":[],"parameters":[],"start":1673453553681,"stop":1673453553914}],"start":1673453543780,"stop":1673453553920}