2022-Jun-26 11:50:41 AM [main] INFO  com.driver.DriverFactory - Instantiate ChromeDriver
2022-Jun-26 11:50:46 AM [main] INFO  com.web.actions.WebActions - Navigate to 'https://uk-sitecore-freight-tst-rg-323540-cd.azurewebsites.net/
2022-Jun-26 11:50:46 AM [main] INFO  com.web.actions.WebActions - Wait For Element To Be Clickable: --> link text: Book Now]
2022-Jun-26 11:50:48 AM [main] INFO  com.web.actions.WebActions - Click on :--> link text: Book Now]
2022-Jun-26 11:50:48 AM [main] INFO  com.web.actions.WebActions - Clear Text From : --> id: LoginEmail]
2022-Jun-26 11:50:49 AM [main] INFO  com.web.actions.WebActions - Write Text 'fcduser03' on --> id: LoginEmail]
2022-Jun-26 11:50:49 AM [main] INFO  com.web.actions.WebActions - Clear Text From : --> id: LoginPass]
2022-Jun-26 11:50:49 AM [main] INFO  com.web.actions.WebActions - Write Text 'Password01' on --> id: LoginPass]
2022-Jun-26 11:50:49 AM [main] INFO  com.web.actions.WebActions - Click on :--> id: LoginUserBtn]
2022-Jun-26 11:50:52 AM [main] INFO  com.web.actions.WebActions - Get All Object Size : 1 of By.xpath: //a[@class='closeAds']
2022-Jun-26 11:51:02 AM [main] INFO  com.web.actions.WebActions - Click on :--> xpath: //a[@class='closeAds']]
2022-Jun-26 11:51:03 AM [main] INFO  com.web.actions.WebActions - Get All Object Size : 1 of By.xpath: //a[@class='closeAds']
2022-Jun-26 11:51:13 AM [main] INFO  com.web.actions.WebActions - Exception: clickElement '--> xpath: //a[@class='closeAds']]
2022-Jun-26 11:51:13 AM [main] INFO  com.web.actions.WebActions - Exception Log: org.openqa.selenium.ElementNotInteractableException: element not interactable
  (Session info: chrome=102.0.5005.115)
Build info: version: '3.141.59', revision: 'e82be7d358', time: '2018-11-14T08:17:03'
System info: host: 'POFWVDDEV-24', ip: '10.181.60.57', os.name: 'Windows 10', os.arch: 'amd64', os.version: '10.0', java.version: '1.8.0_321'
Driver info: org.openqa.selenium.chrome.ChromeDriver
Capabilities {acceptInsecureCerts: false, browserName: chrome, browserVersion: 102.0.5005.115, chrome: {chromedriverVersion: 102.0.5005.61 (0e59bcc00cc4..., userDataDir: C:\Users\KHAIRN~1\AppData\L...}, goog:chromeOptions: {debuggerAddress: localhost:50614}, javascriptEnabled: true, networkConnectionEnabled: false, pageLoadStrategy: normal, platform: WINDOWS, platformName: WINDOWS, proxy: Proxy(), setWindowRect: true, strictFileInteractability: false, timeouts: {implicit: 0, pageLoad: 300000, script: 30000}, unhandledPromptBehavior: dismiss and notify, webauthn:extension:credBlob: true, webauthn:extension:largeBlob: true, webauthn:virtualAuthenticators: true}
Session ID: 9b2cf9e325fcfa05f85d2c34a45eefbc
2022-Jun-26 11:51:14 AM [main] INFO  com.web.actions.WebActions - Get All Object Size : 1 of By.xpath: //a[@class='closeAds']
2022-Jun-26 11:51:24 AM [main] INFO  com.web.actions.WebActions - Exception: clickElement '--> xpath: //a[@class='closeAds']]
2022-Jun-26 11:51:24 AM [main] INFO  com.web.actions.WebActions - Exception Log: org.openqa.selenium.ElementNotInteractableException: element not interactable
  (Session info: chrome=102.0.5005.115)
Build info: version: '3.141.59', revision: 'e82be7d358', time: '2018-11-14T08:17:03'
System info: host: 'POFWVDDEV-24', ip: '10.181.60.57', os.name: 'Windows 10', os.arch: 'amd64', os.version: '10.0', java.version: '1.8.0_321'
Driver info: org.openqa.selenium.chrome.ChromeDriver
Capabilities {acceptInsecureCerts: false, browserName: chrome, browserVersion: 102.0.5005.115, chrome: {chromedriverVersion: 102.0.5005.61 (0e59bcc00cc4..., userDataDir: C:\Users\KHAIRN~1\AppData\L...}, goog:chromeOptions: {debuggerAddress: localhost:50614}, javascriptEnabled: true, networkConnectionEnabled: false, pageLoadStrategy: normal, platform: WINDOWS, platformName: WINDOWS, proxy: Proxy(), setWindowRect: true, strictFileInteractability: false, timeouts: {implicit: 0, pageLoad: 300000, script: 30000}, unhandledPromptBehavior: dismiss and notify, webauthn:extension:credBlob: true, webauthn:extension:largeBlob: true, webauthn:virtualAuthenticators: true}
Session ID: 9b2cf9e325fcfa05f85d2c34a45eefbc
2022-Jun-26 11:51:25 AM [main] INFO  com.web.actions.WebActions - Wait For Element To Be Clickable: --> xpath: //section//a[contains(@href,'CreateBookings')]]
2022-Jun-26 11:51:36 AM [main] INFO  com.web.actions.WebActions - Click on :
2022-Jun-26 11:51:47 AM [main] INFO  com.web.actions.WebActions - Click on :--> xpath: //select[@id='RouteFilter']]
2022-Jun-26 11:51:47 AM [main] INFO  com.web.actions.WebActions - Select By Visible Text : [Europoort to Hull], --> xpath: //select[@id='RouteFilter']]
2022-Jun-26 11:51:47 AM [main] INFO  com.web.actions.WebActions - Click on :--> id: generateFormButton]
2022-Jun-26 11:51:47 AM [main] INFO  com.web.actions.WebActions - Click on :--> id: UnitType_0]
2022-Jun-26 11:51:47 AM [main] INFO  com.web.actions.WebActions - Select By Visible Text : [Accompanied Vehicle( SDV )], --> id: UnitType_0]
2022-Jun-26 11:51:47 AM [main] INFO  com.web.actions.WebActions - Clear Text From : --> id: UnitID_0]
2022-Jun-26 11:51:48 AM [main] INFO  com.web.actions.WebActions - Write Text 'MMyBG' on --> id: UnitID_0]
2022-Jun-26 11:51:48 AM [main] INFO  com.web.actions.WebActions - Clear Text From : --> id: JobReference_0]
2022-Jun-26 11:51:48 AM [main] INFO  com.web.actions.WebActions - Write Text 'YgBYt' on --> id: JobReference_0]
2022-Jun-26 11:51:48 AM [main] INFO  com.web.actions.WebActions - Clear Text From : --> id: JobDescription_0]
2022-Jun-26 11:51:49 AM [main] INFO  com.web.actions.WebActions - Write Text 'HpoWl' on --> id: JobDescription_0]
2022-Jun-26 11:51:49 AM [main] INFO  com.web.actions.WebActions - Verify Object Enabled : TRUE --> id: UnitLength_0]
2022-Jun-26 11:51:49 AM [main] INFO  com.web.actions.WebActions - Clear Text From : --> id: UnitLength_0]
2022-Jun-26 11:51:49 AM [main] INFO  com.web.actions.WebActions - Write Text '5' on --> id: UnitLength_0]
2022-Jun-26 11:51:49 AM [main] INFO  com.web.actions.WebActions - Verify Object Enabled : TRUE --> id: UnitWeight_0]
2022-Jun-26 11:51:49 AM [main] INFO  com.web.actions.WebActions - Clear Text From : --> id: UnitWeight_0]
2022-Jun-26 11:51:50 AM [main] INFO  com.web.actions.WebActions - Write Text '10' on --> id: UnitWeight_0]
2022-Jun-26 11:51:50 AM [main] INFO  com.web.actions.WebActions - Verify Object Exists : TRUE --> id: SelectDate_0]
2022-Jun-26 11:51:50 AM [main] INFO  com.web.actions.WebActions - Click on :--> id: SelectDate_0]
2022-Jun-26 11:52:01 AM [main] INFO  com.web.actions.WebActions - Click on :
2022-Jun-26 11:52:11 AM [main] INFO  com.web.actions.WebActions - Click on :--> xpath: //td[@data-handler='selectDay']/a[text()='1']]
2022-Jun-26 11:52:14 AM [main] INFO  com.web.actions.WebActions - Verify Object Exists : TRUE --> id: SelectSailing_0]
2022-Jun-26 11:52:14 AM [main] INFO  com.web.actions.WebActions - Click on :--> id: SelectSailing_0]
2022-Jun-26 11:52:24 AM [main] INFO  com.web.actions.WebActions - Exception: SelectByVisibleText: [], --> id: SelectSailing_0]
2022-Jun-26 11:52:24 AM [main] INFO  com.web.actions.WebActions - Exception Log: org.openqa.selenium.NoSuchElementException: Cannot locate element with text: 
For documentation on this error, please visit: https://www.seleniumhq.org/exceptions/no_such_element.html
Build info: version: '3.141.59', revision: 'e82be7d358', time: '2018-11-14T08:17:03'
System info: host: 'POFWVDDEV-24', ip: '10.181.60.57', os.name: 'Windows 10', os.arch: 'amd64', os.version: '10.0', java.version: '1.8.0_321'
Driver info: driver.version: unknown
2022-Jun-26 11:52:54 AM [main] INFO  com.web.actions.WebActions - Verify Object Exists : FALSE 
