2022-Nov-07 11:39:36 AM [main] INFO  com.driver.DriverFactory - Instantiate ChromeDriver
2022-Nov-07 11:39:42 AM [main] INFO  com.web.actions.WebActions - Navigate to 'https://uk-sitecore-freight-tst-rg-323540-cd.azurewebsites.net/
2022-Nov-07 11:39:43 AM [main] INFO  com.web.actions.WebActions - Wait For Element To Be Clickable: --> xpath: //a[@href='#mobileMenu'][@class='menuMobile']]
2022-Nov-07 11:39:43 AM [main] INFO  com.web.actions.WebActions - Click on :--> xpath: //a[@href='#mobileMenu'][@class='menuMobile']]
2022-Nov-07 11:39:43 AM [main] INFO  com.web.actions.WebActions - Wait For Element To Be Clickable: --> link text: Book Now]
2022-Nov-07 11:39:55 AM [main] INFO  com.web.actions.WebActions - Click on :
2022-Nov-07 11:40:06 AM [main] INFO  com.web.actions.WebActions - Clear Text From : --> id: LoginEmail]
2022-Nov-07 11:40:06 AM [main] INFO  com.web.actions.WebActions - Write Text 'fcduser03' on --> id: LoginEmail]
2022-Nov-07 11:40:06 AM [main] INFO  com.web.actions.WebActions - Clear Text From : --> id: LoginPass]
2022-Nov-07 11:40:06 AM [main] INFO  com.web.actions.WebActions - Write Text 'Password01' on --> id: LoginPass]
2022-Nov-07 11:40:06 AM [main] INFO  com.web.actions.WebActions - Click on :--> id: LoginUserBtn]
2022-Nov-07 11:40:17 AM [main] INFO  com.web.actions.WebActions - Get All Object Size : 0 of By.xpath: //a[@class='closeAds']
2022-Nov-07 11:40:27 AM [main] INFO  com.web.actions.WebActions - Get All Object Size : 0 of By.xpath: //a[@class='closeAds']
2022-Nov-07 11:40:37 AM [main] INFO  com.web.actions.WebActions - Get All Object Size : 0 of By.xpath: //a[@class='closeAds']
2022-Nov-07 11:40:47 AM [main] INFO  com.web.actions.WebActions - Get All Object Size : 0 of By.xpath: //a[@class='closeAds']
2022-Nov-07 11:40:57 AM [main] INFO  com.web.actions.WebActions - Get All Object Size : 0 of By.xpath: //a[@class='closeAds']
2022-Nov-07 11:41:07 AM [main] INFO  com.web.actions.WebActions - Get All Object Size : 0 of By.xpath: //a[@class='closeAds']
2022-Nov-07 11:41:17 AM [main] INFO  com.web.actions.WebActions - Get All Object Size : 0 of By.xpath: //a[@class='closeAds']
2022-Nov-07 11:41:27 AM [main] INFO  com.web.actions.WebActions - Get All Object Size : 0 of By.xpath: //a[@class='closeAds']
2022-Nov-07 11:41:37 AM [main] INFO  com.web.actions.WebActions - Get All Object Size : 0 of By.xpath: //a[@class='closeAds']
2022-Nov-07 11:41:47 AM [main] INFO  com.web.actions.WebActions - Get All Object Size : 0 of By.xpath: //a[@class='closeAds']
2022-Nov-07 11:42:27 AM [main] INFO  com.web.actions.WebActions - Exception: getObjectText '
2022-Nov-07 11:42:27 AM [main] INFO  com.web.actions.WebActions - Exception Log: org.openqa.selenium.NoSuchElementException: no such element: Unable to locate element: {"method":"xpath","selector":"//div[@id='showTiles']/div[1]//div[@class='eachLine'][text()='WayBill No: ']"}
  (Session info: chrome=107.0.5304.88)
For documentation on this error, please visit: https://www.seleniumhq.org/exceptions/no_such_element.html
Build info: version: '3.141.59', revision: 'e82be7d358', time: '2018-11-14T08:17:03'
System info: host: 'POFWVDDEV-24', ip: '10.181.60.57', os.name: 'Windows 10', os.arch: 'amd64', os.version: '10.0', java.version: '1.8.0_321'
Driver info: org.openqa.selenium.chrome.ChromeDriver
Capabilities {acceptInsecureCerts: false, browserName: chrome, browserVersion: 107.0.5304.88, chrome: {chromedriverVersion: 107.0.5304.62 (1eec40d3a576..., userDataDir: C:\Users\KHAIRN~1\AppData\L...}, goog:chromeOptions: {debuggerAddress: localhost:51423}, javascriptEnabled: true, networkConnectionEnabled: false, pageLoadStrategy: normal, platform: WINDOWS, platformName: WINDOWS, proxy: Proxy(), setWindowRect: true, strictFileInteractability: false, timeouts: {implicit: 0, pageLoad: 300000, script: 30000}, unhandledPromptBehavior: dismiss and notify, webauthn:extension:credBlob: true, webauthn:extension:largeBlob: true, webauthn:virtualAuthenticators: true}
Session ID: 4d1e017444b3027911b5fbe3c599e177
*** Element info: {Using=xpath, value=//div[@id='showTiles']/div[1]//div[@class='eachLine'][text()='WayBill No: ']}
2022-Nov-07 11:43:07 AM [main] INFO  com.web.actions.WebActions - Exception: clickElement '
2022-Nov-07 11:43:07 AM [main] INFO  com.web.actions.WebActions - Exception Log: org.openqa.selenium.NoSuchElementException: no such element: Unable to locate element: {"method":"xpath","selector":"//div[@id='showTiles']/div[1]//div[@class='eachLine'][text()='WayBill No: ']"}
  (Session info: chrome=107.0.5304.88)
For documentation on this error, please visit: https://www.seleniumhq.org/exceptions/no_such_element.html
Build info: version: '3.141.59', revision: 'e82be7d358', time: '2018-11-14T08:17:03'
System info: host: 'POFWVDDEV-24', ip: '10.181.60.57', os.name: 'Windows 10', os.arch: 'amd64', os.version: '10.0', java.version: '1.8.0_321'
Driver info: org.openqa.selenium.chrome.ChromeDriver
Capabilities {acceptInsecureCerts: false, browserName: chrome, browserVersion: 107.0.5304.88, chrome: {chromedriverVersion: 107.0.5304.62 (1eec40d3a576..., userDataDir: C:\Users\KHAIRN~1\AppData\L...}, goog:chromeOptions: {debuggerAddress: localhost:51423}, javascriptEnabled: true, networkConnectionEnabled: false, pageLoadStrategy: normal, platform: WINDOWS, platformName: WINDOWS, proxy: Proxy(), setWindowRect: true, strictFileInteractability: false, timeouts: {implicit: 0, pageLoad: 300000, script: 30000}, unhandledPromptBehavior: dismiss and notify, webauthn:extension:credBlob: true, webauthn:extension:largeBlob: true, webauthn:virtualAuthenticators: true}
Session ID: 4d1e017444b3027911b5fbe3c599e177
*** Element info: {Using=xpath, value=//div[@id='showTiles']/div[1]//div[@class='eachLine'][text()='WayBill No: ']}
2022-Nov-07 11:44:57 AM [main] INFO  com.web.actions.WebActions - Exception: waitForElementToBeVisibile '
2022-Nov-07 11:44:57 AM [main] INFO  com.web.actions.WebActions - Exception Log: org.openqa.selenium.TimeoutException: Expected condition failed: waiting for visibility of Proxy element for: DefaultElementLocator 'By.xpath: //*[@id='showDetails']//label[text()='Account: ']/../*[@class='data']' (tried for 60 second(s) with 500 milliseconds interval)
2022-Nov-07 11:45:14 AM [main] INFO  com.web.actions.WebActions - Exception: getObjectText '
2022-Nov-07 11:45:14 AM [main] INFO  com.web.actions.WebActions - Exception Log: org.openqa.selenium.WebDriverException: java.net.ConnectException: Failed to connect to localhost/0:0:0:0:0:0:0:1:16682
Build info: version: '3.141.59', revision: 'e82be7d358', time: '2018-11-14T08:17:03'
System info: host: 'POFWVDDEV-24', ip: '10.181.60.57', os.name: 'Windows 10', os.arch: 'amd64', os.version: '10.0', java.version: '1.8.0_321'
Driver info: driver.version: RemoteWebDriver
2022-Nov-07 11:45:30 AM [main] INFO  com.web.actions.WebActions - Exception: getObjectText '
2022-Nov-07 11:45:30 AM [main] INFO  com.web.actions.WebActions - Exception Log: org.openqa.selenium.WebDriverException: java.net.ConnectException: Failed to connect to localhost/0:0:0:0:0:0:0:1:16682
Build info: version: '3.141.59', revision: 'e82be7d358', time: '2018-11-14T08:17:03'
System info: host: 'POFWVDDEV-24', ip: '10.181.60.57', os.name: 'Windows 10', os.arch: 'amd64', os.version: '10.0', java.version: '1.8.0_321'
Driver info: driver.version: RemoteWebDriver
2022-Nov-07 11:45:47 AM [main] INFO  com.web.actions.WebActions - Exception: getObjectText '
2022-Nov-07 11:45:47 AM [main] INFO  com.web.actions.WebActions - Exception Log: org.openqa.selenium.WebDriverException: java.net.ConnectException: Failed to connect to localhost/0:0:0:0:0:0:0:1:16682
Build info: version: '3.141.59', revision: 'e82be7d358', time: '2018-11-14T08:17:03'
System info: host: 'POFWVDDEV-24', ip: '10.181.60.57', os.name: 'Windows 10', os.arch: 'amd64', os.version: '10.0', java.version: '1.8.0_321'
Driver info: driver.version: RemoteWebDriver
2022-Nov-07 11:46:03 AM [main] INFO  com.web.actions.WebActions - Exception: getObjectText '
2022-Nov-07 11:46:03 AM [main] INFO  com.web.actions.WebActions - Exception Log: org.openqa.selenium.WebDriverException: java.net.ConnectException: Failed to connect to localhost/0:0:0:0:0:0:0:1:16682
Build info: version: '3.141.59', revision: 'e82be7d358', time: '2018-11-14T08:17:03'
System info: host: 'POFWVDDEV-24', ip: '10.181.60.57', os.name: 'Windows 10', os.arch: 'amd64', os.version: '10.0', java.version: '1.8.0_321'
Driver info: driver.version: RemoteWebDriver
2022-Nov-07 11:46:19 AM [main] INFO  com.web.actions.WebActions - Exception: getObjectText '
2022-Nov-07 11:46:19 AM [main] INFO  com.web.actions.WebActions - Exception Log: org.openqa.selenium.WebDriverException: java.net.ConnectException: Failed to connect to localhost/0:0:0:0:0:0:0:1:16682
Build info: version: '3.141.59', revision: 'e82be7d358', time: '2018-11-14T08:17:03'
System info: host: 'POFWVDDEV-24', ip: '10.181.60.57', os.name: 'Windows 10', os.arch: 'amd64', os.version: '10.0', java.version: '1.8.0_321'
Driver info: driver.version: RemoteWebDriver
2022-Nov-07 11:46:36 AM [main] INFO  com.web.actions.WebActions - Exception: getObjectText '
2022-Nov-07 11:46:36 AM [main] INFO  com.web.actions.WebActions - Exception Log: org.openqa.selenium.WebDriverException: java.net.ConnectException: Failed to connect to localhost/0:0:0:0:0:0:0:1:16682
Build info: version: '3.141.59', revision: 'e82be7d358', time: '2018-11-14T08:17:03'
System info: host: 'POFWVDDEV-24', ip: '10.181.60.57', os.name: 'Windows 10', os.arch: 'amd64', os.version: '10.0', java.version: '1.8.0_321'
Driver info: driver.version: RemoteWebDriver
2022-Nov-07 11:46:54 AM [main] INFO  com.web.actions.WebActions - Exception: getObjectText '
2022-Nov-07 11:46:54 AM [main] INFO  com.web.actions.WebActions - Exception Log: org.openqa.selenium.WebDriverException: java.net.ConnectException: Failed to connect to localhost/0:0:0:0:0:0:0:1:16682
Build info: version: '3.141.59', revision: 'e82be7d358', time: '2018-11-14T08:17:03'
System info: host: 'POFWVDDEV-24', ip: '10.181.60.57', os.name: 'Windows 10', os.arch: 'amd64', os.version: '10.0', java.version: '1.8.0_321'
Driver info: driver.version: RemoteWebDriver
2022-Nov-07 11:47:13 AM [main] INFO  com.web.actions.WebActions - Exception: getObjectText '
2022-Nov-07 11:47:13 AM [main] INFO  com.web.actions.WebActions - Exception Log: org.openqa.selenium.WebDriverException: java.net.ConnectException: Failed to connect to localhost/0:0:0:0:0:0:0:1:16682
Build info: version: '3.141.59', revision: 'e82be7d358', time: '2018-11-14T08:17:03'
System info: host: 'POFWVDDEV-24', ip: '10.181.60.57', os.name: 'Windows 10', os.arch: 'amd64', os.version: '10.0', java.version: '1.8.0_321'
Driver info: driver.version: RemoteWebDriver
2022-Nov-07 11:47:32 AM [main] INFO  com.web.actions.WebActions - Exception: getObjectText '
2022-Nov-07 11:47:32 AM [main] INFO  com.web.actions.WebActions - Exception Log: org.openqa.selenium.WebDriverException: java.net.ConnectException: Failed to connect to localhost/0:0:0:0:0:0:0:1:16682
Build info: version: '3.141.59', revision: 'e82be7d358', time: '2018-11-14T08:17:03'
System info: host: 'POFWVDDEV-24', ip: '10.181.60.57', os.name: 'Windows 10', os.arch: 'amd64', os.version: '10.0', java.version: '1.8.0_321'
Driver info: driver.version: RemoteWebDriver
2022-Nov-07 11:47:48 AM [main] INFO  com.web.actions.WebActions - Exception: getObjectText '
2022-Nov-07 11:47:48 AM [main] INFO  com.web.actions.WebActions - Exception Log: org.openqa.selenium.WebDriverException: java.net.ConnectException: Failed to connect to localhost/0:0:0:0:0:0:0:1:16682
Build info: version: '3.141.59', revision: 'e82be7d358', time: '2018-11-14T08:17:03'
System info: host: 'POFWVDDEV-24', ip: '10.181.60.57', os.name: 'Windows 10', os.arch: 'amd64', os.version: '10.0', java.version: '1.8.0_321'
Driver info: driver.version: RemoteWebDriver
