2022-Nov-07 11:30:59 AM [main] INFO  com.driver.DriverFactory - Instantiate ChromeDriver
2022-Nov-07 11:31:06 AM [main] INFO  com.web.actions.WebActions - Navigate to 'https://uk-sitecore-freight-tst-rg-323540-cd.azurewebsites.net/
2022-Nov-07 11:31:06 AM [main] INFO  com.web.actions.WebActions - Wait For Element To Be Clickable: --> xpath: //a[@href='#mobileMenu'][@class='menuMobile']]
2022-Nov-07 11:31:07 AM [main] INFO  com.web.actions.WebActions - Click on :--> xpath: //a[@href='#mobileMenu'][@class='menuMobile']]
2022-Nov-07 11:31:07 AM [main] INFO  com.web.actions.WebActions - Wait For Element To Be Clickable: --> link text: Book Now]
2022-Nov-07 11:31:19 AM [main] INFO  com.web.actions.WebActions - Click on :
2022-Nov-07 11:31:29 AM [main] INFO  com.web.actions.WebActions - Clear Text From : --> id: LoginEmail]
2022-Nov-07 11:31:30 AM [main] INFO  com.web.actions.WebActions - Write Text 'fcduser03' on --> id: LoginEmail]
2022-Nov-07 11:31:30 AM [main] INFO  com.web.actions.WebActions - Clear Text From : --> id: LoginPass]
2022-Nov-07 11:31:30 AM [main] INFO  com.web.actions.WebActions - Write Text 'Password01' on --> id: LoginPass]
2022-Nov-07 11:31:30 AM [main] INFO  com.web.actions.WebActions - Click on :--> id: LoginUserBtn]
2022-Nov-07 11:31:40 AM [main] INFO  com.web.actions.WebActions - Get All Object Size : 0 of By.xpath: //a[@class='closeAds']
2022-Nov-07 11:31:50 AM [main] INFO  com.web.actions.WebActions - Get All Object Size : 0 of By.xpath: //a[@class='closeAds']
2022-Nov-07 11:32:00 AM [main] INFO  com.web.actions.WebActions - Get All Object Size : 0 of By.xpath: //a[@class='closeAds']
2022-Nov-07 11:32:10 AM [main] INFO  com.web.actions.WebActions - Get All Object Size : 0 of By.xpath: //a[@class='closeAds']
2022-Nov-07 11:32:20 AM [main] INFO  com.web.actions.WebActions - Get All Object Size : 0 of By.xpath: //a[@class='closeAds']
2022-Nov-07 11:32:30 AM [main] INFO  com.web.actions.WebActions - Get All Object Size : 0 of By.xpath: //a[@class='closeAds']
2022-Nov-07 11:32:41 AM [main] INFO  com.web.actions.WebActions - Get All Object Size : 0 of By.xpath: //a[@class='closeAds']
2022-Nov-07 11:32:51 AM [main] INFO  com.web.actions.WebActions - Get All Object Size : 0 of By.xpath: //a[@class='closeAds']
2022-Nov-07 11:33:01 AM [main] INFO  com.web.actions.WebActions - Get All Object Size : 0 of By.xpath: //a[@class='closeAds']
2022-Nov-07 11:33:11 AM [main] INFO  com.web.actions.WebActions - Get All Object Size : 0 of By.xpath: //a[@class='closeAds']
2022-Nov-07 11:33:22 AM [main] INFO  com.web.actions.WebActions - Object Text : WayBill No: HU01001790, --> xpath: //div[@id='showTiles']/div[1]//div[@class='eachLine'][text()='WayBill No: ']]
2022-Nov-07 11:33:22 AM [main] INFO  com.web.actions.WebActions - Click on :--> xpath: //div[@id='showTiles']/div[1]//div[@class='eachLine'][text()='WayBill No: ']]
2022-Nov-07 11:33:23 AM [main] INFO  com.web.actions.WebActions - Wait For Element To Be Visibile: --> xpath: //*[@id='showDetails']//label[text()='Account: ']/../*[@class='data']]
2022-Nov-07 11:33:23 AM [main] INFO  com.web.actions.WebActions - Object Text : 551370 , North Sea Express NV, --> xpath: //*[@id='showDetails']//label[text()='Account: ']/../*[@class='data']]
2022-Nov-07 11:33:23 AM [main] INFO  com.web.actions.WebActions - Object Text : Hull, --> xpath: //*[@id='showDetails']//label[text()='From:']/../*[@class='data']]
2022-Nov-07 11:33:23 AM [main] INFO  com.web.actions.WebActions - Object Text : Europoort, --> xpath: //*[@id='showDetails']//label[text()='To:']/../*[@class='data']]
2022-Nov-07 11:33:23 AM [main] INFO  com.web.actions.WebActions - Object Text : HU01001790, --> xpath: //*[@id='showDetails']//label[text()='WayBill No: ']/../*[@class='data']]
2022-Nov-07 11:33:23 AM [main] INFO  com.web.actions.WebActions - Object Text : 07 Nov 2022, --> xpath: //*[@id='showDetails']//label[text()='Booking Date:']/../*[@class='data']]
2022-Nov-07 11:33:23 AM [main] INFO  com.web.actions.WebActions - Object Text : CVN, --> xpath: //*[@id='showDetails']//label[text()='Unit Type: ']/../*[@class='data']]
2022-Nov-07 11:33:24 AM [main] INFO  com.web.actions.WebActions - Object Text : PN7NOV210, --> xpath: //*[@id='showDetails']//label[text()='Unit ID: ']/../*[@class='data']]
2022-Nov-07 11:33:24 AM [main] INFO  com.web.actions.WebActions - Object Text : 12, --> xpath: //*[@id='showDetails']//label[text()='Unit Length (M):']/../*[@class='data']]
2022-Nov-07 11:33:24 AM [main] INFO  com.web.actions.WebActions - Object Text : No, --> xpath: //*[@id='showDetails']//label[text()='Plug-in:']/../*[@class='data']]
2022-Nov-07 11:33:24 AM [main] INFO  com.web.actions.WebActions - Object Text : 0, --> xpath: //*[@id='showDetails']//label[text()='Drivers:']/../*[@class='data']]
2022-Nov-07 11:33:24 AM [main] INFO  com.web.actions.WebActions - Object Text : , --> xpath: //*[@id='showDetails']//label[text()='Temp (°C):']/../*[@class='data']]
2022-Nov-07 11:33:24 AM [main] INFO  com.web.actions.WebActions - Object Text : PN7NOV210JR, --> xpath: //*[@id='showDetails']//label[text()='Job Reference:']/../*[@class='data']]
2022-Nov-07 11:33:24 AM [main] INFO  com.web.actions.WebActions - Object Text : TEST-3, --> xpath: //*[@id='showDetails']//label[text()='Description:']/../*[@class='data']]
2022-Nov-07 11:33:25 AM [main] INFO  com.web.actions.WebActions - Click on :--> xpath: //h2[text()='Booking Details']/../..//a[@class='close icon']]
2022-Nov-07 11:33:25 AM [main] INFO  com.web.actions.WebActions - Wait For Element To Be Visibile: --> xpath: //div[@id='showTiles']/div[1]//div[@class='eachLine'][text()='WayBill No: ']]
2022-Nov-07 11:33:27 AM [main] INFO  com.web.actions.WebActions - Click on :--> class name: copy]
2022-Nov-07 11:34:20 AM [main] INFO  com.web.actions.WebActions - Exception: ClearText '
2022-Nov-07 11:34:20 AM [main] INFO  com.web.actions.WebActions - Exception Log: org.openqa.selenium.NoSuchElementException: no such element: Unable to locate element: {"method":"css selector","selector":"#UnitID_0"}
  (Session info: chrome=107.0.5304.88)
For documentation on this error, please visit: https://www.seleniumhq.org/exceptions/no_such_element.html
Build info: version: '3.141.59', revision: 'e82be7d358', time: '2018-11-14T08:17:03'
System info: host: 'POFWVDDEV-24', ip: '10.181.60.57', os.name: 'Windows 10', os.arch: 'amd64', os.version: '10.0', java.version: '1.8.0_321'
Driver info: org.openqa.selenium.chrome.ChromeDriver
Capabilities {acceptInsecureCerts: false, browserName: chrome, browserVersion: 107.0.5304.88, chrome: {chromedriverVersion: 107.0.5304.62 (1eec40d3a576..., userDataDir: C:\Users\KHAIRN~1\AppData\L...}, goog:chromeOptions: {debuggerAddress: localhost:50694}, javascriptEnabled: true, networkConnectionEnabled: false, pageLoadStrategy: normal, platform: WINDOWS, platformName: WINDOWS, proxy: Proxy(), setWindowRect: true, strictFileInteractability: false, timeouts: {implicit: 0, pageLoad: 300000, script: 30000}, unhandledPromptBehavior: dismiss and notify, webauthn:extension:credBlob: true, webauthn:extension:largeBlob: true, webauthn:virtualAuthenticators: true}
Session ID: c644bb96e5a7f0af57983367a3cdc384
*** Element info: {Using=id, value=UnitID_0}
2022-Nov-07 11:35:00 AM [main] INFO  com.web.actions.WebActions - Exception: Write Text '221107113329' on 
2022-Nov-07 11:35:00 AM [main] INFO  com.web.actions.WebActions - Exception Log: org.openqa.selenium.NoSuchElementException: no such element: Unable to locate element: {"method":"css selector","selector":"#UnitID_0"}
  (Session info: chrome=107.0.5304.88)
For documentation on this error, please visit: https://www.seleniumhq.org/exceptions/no_such_element.html
Build info: version: '3.141.59', revision: 'e82be7d358', time: '2018-11-14T08:17:03'
System info: host: 'POFWVDDEV-24', ip: '10.181.60.57', os.name: 'Windows 10', os.arch: 'amd64', os.version: '10.0', java.version: '1.8.0_321'
Driver info: org.openqa.selenium.chrome.ChromeDriver
Capabilities {acceptInsecureCerts: false, browserName: chrome, browserVersion: 107.0.5304.88, chrome: {chromedriverVersion: 107.0.5304.62 (1eec40d3a576..., userDataDir: C:\Users\KHAIRN~1\AppData\L...}, goog:chromeOptions: {debuggerAddress: localhost:50694}, javascriptEnabled: true, networkConnectionEnabled: false, pageLoadStrategy: normal, platform: WINDOWS, platformName: WINDOWS, proxy: Proxy(), setWindowRect: true, strictFileInteractability: false, timeouts: {implicit: 0, pageLoad: 300000, script: 30000}, unhandledPromptBehavior: dismiss and notify, webauthn:extension:credBlob: true, webauthn:extension:largeBlob: true, webauthn:virtualAuthenticators: true}
Session ID: c644bb96e5a7f0af57983367a3cdc384
*** Element info: {Using=id, value=UnitID_0}
2022-Nov-07 11:36:02 AM [main] INFO  com.web.actions.WebActions - Exception: ClearText '
2022-Nov-07 11:36:02 AM [main] INFO  com.web.actions.WebActions - Exception Log: org.openqa.selenium.NoSuchElementException: no such element: Unable to locate element: {"method":"css selector","selector":"#JobReference_0"}
  (Session info: chrome=107.0.5304.88)
For documentation on this error, please visit: https://www.seleniumhq.org/exceptions/no_such_element.html
Build info: version: '3.141.59', revision: 'e82be7d358', time: '2018-11-14T08:17:03'
System info: host: 'POFWVDDEV-24', ip: '10.181.60.57', os.name: 'Windows 10', os.arch: 'amd64', os.version: '10.0', java.version: '1.8.0_321'
Driver info: org.openqa.selenium.chrome.ChromeDriver
Capabilities {acceptInsecureCerts: false, browserName: chrome, browserVersion: 107.0.5304.88, chrome: {chromedriverVersion: 107.0.5304.62 (1eec40d3a576..., userDataDir: C:\Users\KHAIRN~1\AppData\L...}, goog:chromeOptions: {debuggerAddress: localhost:50694}, javascriptEnabled: true, networkConnectionEnabled: false, pageLoadStrategy: normal, platform: WINDOWS, platformName: WINDOWS, proxy: Proxy(), setWindowRect: true, strictFileInteractability: false, timeouts: {implicit: 0, pageLoad: 300000, script: 30000}, unhandledPromptBehavior: dismiss and notify, webauthn:extension:credBlob: true, webauthn:extension:largeBlob: true, webauthn:virtualAuthenticators: true}
Session ID: c644bb96e5a7f0af57983367a3cdc384
*** Element info: {Using=id, value=JobReference_0}
