2022-Oct-31 09:14:10 AM [main] INFO  com.driver.DriverFactory - Instantiate ChromeDriver
2022-Oct-31 09:14:14 AM [main] INFO  com.web.actions.WebActions - Navigate to 'https://uk-sitecore-freight-tst-rg-323540-cd.azurewebsites.net/
2022-Oct-31 09:14:46 AM [main] INFO  com.web.actions.WebActions - Wait For Element To Be Clickable: --> xpath: //a[@href='#mobileMenu'][@class='menuMobile']]
2022-Oct-31 09:14:46 AM [main] INFO  com.web.actions.WebActions - Click on :--> xpath: //a[@href='#mobileMenu'][@class='menuMobile']]
2022-Oct-31 09:14:46 AM [main] INFO  com.web.actions.WebActions - Wait For Element To Be Clickable: --> link text: Book Now]
2022-Oct-31 09:14:58 AM [main] INFO  com.web.actions.WebActions - Click on :
2022-Oct-31 09:15:08 AM [main] INFO  com.web.actions.WebActions - Clear Text From : --> id: LoginEmail]
2022-Oct-31 09:15:09 AM [main] INFO  com.web.actions.WebActions - Write Text 'fcduser03' on --> id: LoginEmail]
2022-Oct-31 09:15:09 AM [main] INFO  com.web.actions.WebActions - Clear Text From : --> id: LoginPass]
2022-Oct-31 09:15:09 AM [main] INFO  com.web.actions.WebActions - Write Text 'Password01' on --> id: LoginPass]
2022-Oct-31 09:15:09 AM [main] INFO  com.web.actions.WebActions - Click on :--> id: LoginUserBtn]
2022-Oct-31 09:15:12 AM [main] INFO  com.web.actions.WebActions - Get All Object Size : 1 of By.xpath: //a[@class='closeAds']
2022-Oct-31 09:15:22 AM [main] INFO  com.web.actions.WebActions - Click on :--> xpath: //a[@class='closeAds']]
2022-Oct-31 09:15:23 AM [main] INFO  com.web.actions.WebActions - Wait For Element To Be Clickable: --> xpath: //a[@href='#mobileMenu'][@class='menuMobile']]
2022-Oct-31 09:15:23 AM [main] INFO  com.web.actions.WebActions - Click on :--> xpath: //a[@href='#mobileMenu'][@class='menuMobile']]
2022-Oct-31 09:15:34 AM [main] INFO  com.web.actions.WebActions - Click on :
2022-Oct-31 09:15:48 AM [main] INFO  com.web.actions.WebActions - Click on :--> id: ChooseAccount]
2022-Oct-31 09:15:48 AM [main] INFO  com.web.actions.WebActions - Select By Visible Text : [551370, North Sea Express NV], --> id: ChooseAccount]
2022-Oct-31 09:15:48 AM [main] INFO  com.web.actions.WebActions - Wait For Element To Be Clickable: --> xpath: //a[@href='#mobileMenu'][@class='menuMobile']]
2022-Oct-31 09:15:48 AM [main] INFO  com.web.actions.WebActions - Click on :--> xpath: //a[@href='#mobileMenu'][@class='menuMobile']]
2022-Oct-31 09:15:50 AM [main] INFO  com.web.actions.WebActions - Click on :--> link text: Home]
2022-Oct-31 09:15:51 AM [main] INFO  com.web.actions.WebActions - Object Text : 551370, North Sea Express NV, --> xpath: //section[@class='ccAccountBand']//a/span]
2022-Oct-31 09:15:51 AM [main] INFO  com.poferries.tourist.web.stepDefinitions.Steps - Home Page Default Account is 551370, North Sea Express NV 
2022-Oct-31 09:16:21 AM [main] INFO  com.web.actions.WebActions - Exception: clickElement '
2022-Oct-31 09:16:21 AM [main] INFO  com.web.actions.WebActions - Exception Log: org.openqa.selenium.NoSuchElementException: no such element: Unable to locate element: {"method":"xpath","selector":"//nav//a[contains(@href,'CreateBookings')]"}
  (Session info: chrome=106.0.5249.119)
For documentation on this error, please visit: https://www.seleniumhq.org/exceptions/no_such_element.html
Build info: version: '3.141.59', revision: 'e82be7d358', time: '2018-11-14T08:17:03'
System info: host: 'POFWVDDEV-24', ip: '10.181.60.57', os.name: 'Windows 10', os.arch: 'amd64', os.version: '10.0', java.version: '1.8.0_321'
Driver info: org.openqa.selenium.chrome.ChromeDriver
Capabilities {acceptInsecureCerts: false, browserName: chrome, browserVersion: 106.0.5249.119, chrome: {chromedriverVersion: 106.0.5249.61 (511755355844..., userDataDir: C:\Users\KHAIRN~1\AppData\L...}, goog:chromeOptions: {debuggerAddress: localhost:58749}, javascriptEnabled: true, networkConnectionEnabled: false, pageLoadStrategy: normal, platform: WINDOWS, platformName: WINDOWS, proxy: Proxy(), setWindowRect: true, strictFileInteractability: false, timeouts: {implicit: 0, pageLoad: 300000, script: 30000}, unhandledPromptBehavior: dismiss and notify, webauthn:extension:credBlob: true, webauthn:extension:largeBlob: true, webauthn:virtualAuthenticators: true}
Session ID: 31b4cf99a09433c329a562049083ab72
*** Element info: {Using=xpath, value=//nav//a[contains(@href,'CreateBookings')]}
2022-Oct-31 09:17:24 AM [main] INFO  com.web.actions.WebActions - Exception: clickElement '
2022-Oct-31 09:17:24 AM [main] INFO  com.web.actions.WebActions - Exception Log: org.openqa.selenium.NoSuchElementException: no such element: Unable to locate element: {"method":"css selector","selector":"#AccountFilter"}
  (Session info: chrome=106.0.5249.119)
For documentation on this error, please visit: https://www.seleniumhq.org/exceptions/no_such_element.html
Build info: version: '3.141.59', revision: 'e82be7d358', time: '2018-11-14T08:17:03'
System info: host: 'POFWVDDEV-24', ip: '10.181.60.57', os.name: 'Windows 10', os.arch: 'amd64', os.version: '10.0', java.version: '1.8.0_321'
Driver info: org.openqa.selenium.chrome.ChromeDriver
Capabilities {acceptInsecureCerts: false, browserName: chrome, browserVersion: 106.0.5249.119, chrome: {chromedriverVersion: 106.0.5249.61 (511755355844..., userDataDir: C:\Users\KHAIRN~1\AppData\L...}, goog:chromeOptions: {debuggerAddress: localhost:58749}, javascriptEnabled: true, networkConnectionEnabled: false, pageLoadStrategy: normal, platform: WINDOWS, platformName: WINDOWS, proxy: Proxy(), setWindowRect: true, strictFileInteractability: false, timeouts: {implicit: 0, pageLoad: 300000, script: 30000}, unhandledPromptBehavior: dismiss and notify, webauthn:extension:credBlob: true, webauthn:extension:largeBlob: true, webauthn:virtualAuthenticators: true}
Session ID: 31b4cf99a09433c329a562049083ab72
*** Element info: {Using=id, value=AccountFilter}
2022-Oct-31 09:18:05 AM [main] INFO  com.web.actions.WebActions - Exception: FirstSelectedOption: 
2022-Oct-31 09:18:05 AM [main] INFO  com.web.actions.WebActions - Exception Log: org.openqa.selenium.NoSuchElementException: no such element: Unable to locate element: {"method":"css selector","selector":"#AccountFilter"}
  (Session info: chrome=106.0.5249.119)
For documentation on this error, please visit: https://www.seleniumhq.org/exceptions/no_such_element.html
Build info: version: '3.141.59', revision: 'e82be7d358', time: '2018-11-14T08:17:03'
System info: host: 'POFWVDDEV-24', ip: '10.181.60.57', os.name: 'Windows 10', os.arch: 'amd64', os.version: '10.0', java.version: '1.8.0_321'
Driver info: org.openqa.selenium.chrome.ChromeDriver
Capabilities {acceptInsecureCerts: false, browserName: chrome, browserVersion: 106.0.5249.119, chrome: {chromedriverVersion: 106.0.5249.61 (511755355844..., userDataDir: C:\Users\KHAIRN~1\AppData\L...}, goog:chromeOptions: {debuggerAddress: localhost:58749}, javascriptEnabled: true, networkConnectionEnabled: false, pageLoadStrategy: normal, platform: WINDOWS, platformName: WINDOWS, proxy: Proxy(), setWindowRect: true, strictFileInteractability: false, timeouts: {implicit: 0, pageLoad: 300000, script: 30000}, unhandledPromptBehavior: dismiss and notify, webauthn:extension:credBlob: true, webauthn:extension:largeBlob: true, webauthn:virtualAuthenticators: true}
Session ID: 31b4cf99a09433c329a562049083ab72
*** Element info: {Using=id, value=AccountFilter}
2022-Oct-31 09:18:05 AM [main] INFO  com.web.actions.WebBrowserActions - closes the currently opened browser session.
