2022-Oct-15 08:34:19 AM [main] INFO  com.driver.DriverFactory - Instantiate ChromeDriver
2022-Oct-15 08:34:23 AM [main] INFO  com.web.actions.WebActions - Navigate to 'https://uks-sitecore-freight-dev-r-317880-cd.azurewebsites.net/
2022-Oct-15 08:34:23 AM [main] INFO  com.web.actions.WebActions - Wait For Element To Be Clickable: --> xpath: //a[@href='#mobileMenu'][@class='menuMobile']]
2022-Oct-15 08:34:24 AM [main] INFO  com.web.actions.WebActions - Click on :--> xpath: //a[@href='#mobileMenu'][@class='menuMobile']]
2022-Oct-15 08:34:24 AM [main] INFO  com.web.actions.WebActions - Wait For Element To Be Clickable: --> link text: Book Now]
2022-Oct-15 08:34:39 AM [main] INFO  com.web.actions.WebActions - Click on :
2022-Oct-15 08:34:49 AM [main] INFO  com.web.actions.WebActions - Clear Text From : --> id: LoginEmail]
2022-Oct-15 08:34:50 AM [main] INFO  com.web.actions.WebActions - Write Text 'fcduser03' on --> id: LoginEmail]
2022-Oct-15 08:34:50 AM [main] INFO  com.web.actions.WebActions - Clear Text From : --> id: LoginPass]
2022-Oct-15 08:34:50 AM [main] INFO  com.web.actions.WebActions - Write Text 'Password01' on --> id: LoginPass]
2022-Oct-15 08:34:50 AM [main] INFO  com.web.actions.WebActions - Click on :--> id: LoginUserBtn]
2022-Oct-15 08:35:00 AM [main] INFO  com.web.actions.WebActions - Get All Object Size : 0 of By.xpath: //a[@class='closeAds']
2022-Oct-15 08:35:10 AM [main] INFO  com.web.actions.WebActions - Get All Object Size : 0 of By.xpath: //a[@class='closeAds']
2022-Oct-15 08:35:20 AM [main] INFO  com.web.actions.WebActions - Get All Object Size : 0 of By.xpath: //a[@class='closeAds']
2022-Oct-15 08:35:30 AM [main] INFO  com.web.actions.WebActions - Get All Object Size : 0 of By.xpath: //a[@class='closeAds']
2022-Oct-15 08:35:41 AM [main] INFO  com.web.actions.WebActions - Get All Object Size : 0 of By.xpath: //a[@class='closeAds']
2022-Oct-15 08:35:51 AM [main] INFO  com.web.actions.WebActions - Get All Object Size : 0 of By.xpath: //a[@class='closeAds']
2022-Oct-15 08:36:01 AM [main] INFO  com.web.actions.WebActions - Get All Object Size : 0 of By.xpath: //a[@class='closeAds']
2022-Oct-15 08:36:11 AM [main] INFO  com.web.actions.WebActions - Get All Object Size : 0 of By.xpath: //a[@class='closeAds']
2022-Oct-15 08:36:21 AM [main] INFO  com.web.actions.WebActions - Get All Object Size : 0 of By.xpath: //a[@class='closeAds']
2022-Oct-15 08:36:31 AM [main] INFO  com.web.actions.WebActions - Get All Object Size : 0 of By.xpath: //a[@class='closeAds']
2022-Oct-15 08:36:41 AM [main] INFO  com.web.actions.WebActions - Wait For Element To Be Clickable: --> xpath: //section//a[contains(@href,'CreateBookings')]]
2022-Oct-15 08:36:53 AM [main] INFO  com.web.actions.WebActions - Click on :
2022-Oct-15 08:37:03 AM [main] INFO  com.web.actions.WebActions - Click on :--> xpath: //select[@id='RouteFilter']]
2022-Oct-15 08:37:03 AM [main] INFO  com.web.actions.WebActions - Select By Visible Text : [Europoort to Hull], --> xpath: //select[@id='RouteFilter']]
2022-Oct-15 08:37:03 AM [main] INFO  com.web.actions.WebActions - Click on :--> id: generateFormButton]
2022-Oct-15 08:37:04 AM [main] INFO  com.web.actions.WebActions - Click on :--> id: UnitType_0]
2022-Oct-15 08:37:09 AM [main] INFO  com.web.actions.WebActions - Select By Visible Text : [Accompanied Vehicle( SDV )], --> id: UnitType_0]
2022-Oct-15 08:37:09 AM [main] INFO  com.web.actions.WebActions - Verify Object Exists : TRUE --> id: GMRSDVMessageText_0]
2022-Oct-15 08:37:09 AM [main] INFO  com.web.actions.WebActions - Object Text : To book a SDV on this route, you must have a valid GMR. More information can be found on our Brexit page, --> id: GMRSDVMessageText_0]
2022-Oct-15 08:37:09 AM [main] INFO  com.web.actions.WebActions - Click on :--> xpath: //p[1]/a[@href='https://www.pofreight.com/brexit-advice']]
2022-Oct-15 08:37:09 AM [main] INFO  com.web.actions.WebBrowserActions - Close All Opened Tabs Except First Tab
2022-Oct-15 08:37:10 AM [main] INFO  com.web.actions.WebActions - Clear Text From : --> id: UnitID_0]
2022-Oct-15 08:37:10 AM [main] INFO  com.web.actions.WebActions - Write Text 'PuAyJ' on --> id: UnitID_0]
2022-Oct-15 08:37:10 AM [main] INFO  com.web.actions.WebActions - Clear Text From : --> id: JobReference_0]
2022-Oct-15 08:37:10 AM [main] INFO  com.web.actions.WebActions - Write Text 'VXRXh' on --> id: JobReference_0]
2022-Oct-15 08:37:11 AM [main] INFO  com.web.actions.WebActions - Clear Text From : --> id: JobDescription_0]
2022-Oct-15 08:37:11 AM [main] INFO  com.web.actions.WebActions - Write Text 'sNYam' on --> id: JobDescription_0]
2022-Oct-15 08:37:11 AM [main] INFO  com.web.actions.WebActions - Verify Object Enabled : TRUE --> id: UnitLength_0]
2022-Oct-15 08:37:11 AM [main] INFO  com.web.actions.WebActions - Clear Text From : --> id: UnitLength_0]
2022-Oct-15 08:37:11 AM [main] INFO  com.web.actions.WebActions - Write Text '5' on --> id: UnitLength_0]
2022-Oct-15 08:37:11 AM [main] INFO  com.web.actions.WebActions - Verify Object Enabled : TRUE --> id: UnitWeight_0]
2022-Oct-15 08:37:12 AM [main] INFO  com.web.actions.WebActions - Clear Text From : --> id: UnitWeight_0]
2022-Oct-15 08:37:12 AM [main] INFO  com.web.actions.WebActions - Write Text '10' on --> id: UnitWeight_0]
2022-Oct-15 08:37:12 AM [main] INFO  com.web.actions.WebActions - Verify Object Exists : TRUE --> id: SelectDate_0]
2022-Oct-15 08:37:12 AM [main] INFO  com.web.actions.WebActions - Click on :--> id: SelectDate_0]
2022-Oct-15 08:37:13 AM [main] INFO  com.web.actions.WebActions - Click on :--> xpath: //td[@data-handler='selectDay']/a[text()='20']]
2022-Oct-15 08:37:16 AM [main] INFO  com.web.actions.WebActions - Verify Object Exists : TRUE --> id: SelectSailing_0]
2022-Oct-15 08:37:46 AM [main] INFO  com.web.actions.WebActions - Verify Object Exists : FALSE 
2022-Oct-15 08:38:26 AM [main] INFO  com.web.actions.WebActions - Verify Object Exists : FALSE 
2022-Oct-15 08:38:27 AM [main] INFO  com.web.actions.WebBrowserActions - closes the currently opened browser session.
2022-Oct-15 08:38:30 AM [main] INFO  com.driver.DriverFactory - Instantiate ChromeDriver
2022-Oct-15 08:38:33 AM [main] INFO  com.web.actions.WebActions - Navigate to 'https://uks-sitecore-freight-dev-r-317880-cd.azurewebsites.net/
2022-Oct-15 08:38:34 AM [main] INFO  com.web.actions.WebActions - Wait For Element To Be Clickable: --> xpath: //a[@href='#mobileMenu'][@class='menuMobile']]
2022-Oct-15 08:38:34 AM [main] INFO  com.web.actions.WebActions - Click on :--> xpath: //a[@href='#mobileMenu'][@class='menuMobile']]
2022-Oct-15 08:38:34 AM [main] INFO  com.web.actions.WebActions - Wait For Element To Be Clickable: --> link text: Book Now]
2022-Oct-15 08:38:46 AM [main] INFO  com.web.actions.WebActions - Click on :
2022-Oct-15 08:38:56 AM [main] INFO  com.web.actions.WebActions - Clear Text From : --> id: LoginEmail]
2022-Oct-15 08:38:57 AM [main] INFO  com.web.actions.WebActions - Write Text 'fcduser03' on --> id: LoginEmail]
2022-Oct-15 08:38:57 AM [main] INFO  com.web.actions.WebActions - Clear Text From : --> id: LoginPass]
2022-Oct-15 08:38:57 AM [main] INFO  com.web.actions.WebActions - Write Text 'Password01' on --> id: LoginPass]
2022-Oct-15 08:38:57 AM [main] INFO  com.web.actions.WebActions - Click on :--> id: LoginUserBtn]
2022-Oct-15 08:39:07 AM [main] INFO  com.web.actions.WebActions - Get All Object Size : 0 of By.xpath: //a[@class='closeAds']
2022-Oct-15 08:39:17 AM [main] INFO  com.web.actions.WebActions - Get All Object Size : 0 of By.xpath: //a[@class='closeAds']
2022-Oct-15 08:39:27 AM [main] INFO  com.web.actions.WebActions - Get All Object Size : 0 of By.xpath: //a[@class='closeAds']
2022-Oct-15 08:39:37 AM [main] INFO  com.web.actions.WebActions - Get All Object Size : 0 of By.xpath: //a[@class='closeAds']
2022-Oct-15 08:39:47 AM [main] INFO  com.web.actions.WebActions - Get All Object Size : 0 of By.xpath: //a[@class='closeAds']
2022-Oct-15 08:39:57 AM [main] INFO  com.web.actions.WebActions - Get All Object Size : 0 of By.xpath: //a[@class='closeAds']
2022-Oct-15 08:40:08 AM [main] INFO  com.web.actions.WebActions - Get All Object Size : 0 of By.xpath: //a[@class='closeAds']
2022-Oct-15 08:40:18 AM [main] INFO  com.web.actions.WebActions - Get All Object Size : 0 of By.xpath: //a[@class='closeAds']
2022-Oct-15 08:40:28 AM [main] INFO  com.web.actions.WebActions - Get All Object Size : 0 of By.xpath: //a[@class='closeAds']
2022-Oct-15 08:40:38 AM [main] INFO  com.web.actions.WebActions - Get All Object Size : 0 of By.xpath: //a[@class='closeAds']
2022-Oct-15 08:41:18 AM [main] INFO  com.web.actions.WebActions - Exception: clickElement '
2022-Oct-15 08:41:18 AM [main] INFO  com.web.actions.WebActions - Exception Log: org.openqa.selenium.NoSuchElementException: no such element: Unable to locate element: {"method":"xpath","selector":"//a[@href='/BlockBooking'][@class=' ']"}
  (Session info: chrome=106.0.5249.119)
For documentation on this error, please visit: https://www.seleniumhq.org/exceptions/no_such_element.html
Build info: version: '3.141.59', revision: 'e82be7d358', time: '2018-11-14T08:17:03'
System info: host: 'POFWVDDEV-24', ip: '10.181.60.57', os.name: 'Windows 10', os.arch: 'amd64', os.version: '10.0', java.version: '1.8.0_321'
Driver info: org.openqa.selenium.chrome.ChromeDriver
Capabilities {acceptInsecureCerts: false, browserName: chrome, browserVersion: 106.0.5249.119, chrome: {chromedriverVersion: 106.0.5249.61 (511755355844..., userDataDir: C:\Users\KHAIRN~1\AppData\L...}, goog:chromeOptions: {debuggerAddress: localhost:57530}, javascriptEnabled: true, networkConnectionEnabled: false, pageLoadStrategy: normal, platform: WINDOWS, platformName: WINDOWS, proxy: Proxy(), setWindowRect: true, strictFileInteractability: false, timeouts: {implicit: 0, pageLoad: 300000, script: 30000}, unhandledPromptBehavior: dismiss and notify, webauthn:extension:credBlob: true, webauthn:extension:largeBlob: true, webauthn:virtualAuthenticators: true}
Session ID: ae8b90ec2b204729cb99ed5c1548fcad
*** Element info: {Using=xpath, value=//a[@href='/BlockBooking'][@class=' ']}
2022-Oct-15 08:41:59 AM [main] INFO  com.web.actions.WebActions - Exception: clickElement '
2022-Oct-15 08:41:59 AM [main] INFO  com.web.actions.WebActions - Exception Log: org.openqa.selenium.NoSuchElementException: no such element: Unable to locate element: {"method":"xpath","selector":"//a[@href='/BlockBooking'][@class=' ']"}
  (Session info: chrome=106.0.5249.119)
For documentation on this error, please visit: https://www.seleniumhq.org/exceptions/no_such_element.html
Build info: version: '3.141.59', revision: 'e82be7d358', time: '2018-11-14T08:17:03'
System info: host: 'POFWVDDEV-24', ip: '10.181.60.57', os.name: 'Windows 10', os.arch: 'amd64', os.version: '10.0', java.version: '1.8.0_321'
Driver info: org.openqa.selenium.chrome.ChromeDriver
Capabilities {acceptInsecureCerts: false, browserName: chrome, browserVersion: 106.0.5249.119, chrome: {chromedriverVersion: 106.0.5249.61 (511755355844..., userDataDir: C:\Users\KHAIRN~1\AppData\L...}, goog:chromeOptions: {debuggerAddress: localhost:57530}, javascriptEnabled: true, networkConnectionEnabled: false, pageLoadStrategy: normal, platform: WINDOWS, platformName: WINDOWS, proxy: Proxy(), setWindowRect: true, strictFileInteractability: false, timeouts: {implicit: 0, pageLoad: 300000, script: 30000}, unhandledPromptBehavior: dismiss and notify, webauthn:extension:credBlob: true, webauthn:extension:largeBlob: true, webauthn:virtualAuthenticators: true}
Session ID: ae8b90ec2b204729cb99ed5c1548fcad
*** Element info: {Using=xpath, value=//a[@href='/BlockBooking'][@class=' ']}
2022-Oct-15 08:43:00 AM [main] INFO  com.web.actions.WebActions - Exception: clickElement '
2022-Oct-15 08:43:00 AM [main] INFO  com.web.actions.WebActions - Exception Log: org.openqa.selenium.NoSuchElementException: no such element: Unable to locate element: {"method":"css selector","selector":"#Route"}
  (Session info: chrome=106.0.5249.119)
For documentation on this error, please visit: https://www.seleniumhq.org/exceptions/no_such_element.html
Build info: version: '3.141.59', revision: 'e82be7d358', time: '2018-11-14T08:17:03'
System info: host: 'POFWVDDEV-24', ip: '10.181.60.57', os.name: 'Windows 10', os.arch: 'amd64', os.version: '10.0', java.version: '1.8.0_321'
Driver info: org.openqa.selenium.chrome.ChromeDriver
Capabilities {acceptInsecureCerts: false, browserName: chrome, browserVersion: 106.0.5249.119, chrome: {chromedriverVersion: 106.0.5249.61 (511755355844..., userDataDir: C:\Users\KHAIRN~1\AppData\L...}, goog:chromeOptions: {debuggerAddress: localhost:57530}, javascriptEnabled: true, networkConnectionEnabled: false, pageLoadStrategy: normal, platform: WINDOWS, platformName: WINDOWS, proxy: Proxy(), setWindowRect: true, strictFileInteractability: false, timeouts: {implicit: 0, pageLoad: 300000, script: 30000}, unhandledPromptBehavior: dismiss and notify, webauthn:extension:credBlob: true, webauthn:extension:largeBlob: true, webauthn:virtualAuthenticators: true}
Session ID: ae8b90ec2b204729cb99ed5c1548fcad
*** Element info: {Using=id, value=Route}
2022-Oct-15 08:43:20 AM [main] INFO  com.web.actions.WebActions - Exception: SelectByVisibleText: [Cairnryan to Larne], 
2022-Oct-15 08:43:20 AM [main] INFO  com.web.actions.WebActions - Exception Log: org.openqa.selenium.NoSuchElementException: no such element: Unable to locate element: {"method":"css selector","selector":"#Route"}
  (Session info: chrome=106.0.5249.119)
For documentation on this error, please visit: https://www.seleniumhq.org/exceptions/no_such_element.html
Build info: version: '3.141.59', revision: 'e82be7d358', time: '2018-11-14T08:17:03'
System info: host: 'POFWVDDEV-24', ip: '10.181.60.57', os.name: 'Windows 10', os.arch: 'amd64', os.version: '10.0', java.version: '1.8.0_321'
Driver info: org.openqa.selenium.chrome.ChromeDriver
Capabilities {acceptInsecureCerts: false, browserName: chrome, browserVersion: 106.0.5249.119, chrome: {chromedriverVersion: 106.0.5249.61 (511755355844..., userDataDir: C:\Users\KHAIRN~1\AppData\L...}, goog:chromeOptions: {debuggerAddress: localhost:57530}, javascriptEnabled: true, networkConnectionEnabled: false, pageLoadStrategy: normal, platform: WINDOWS, platformName: WINDOWS, proxy: Proxy(), setWindowRect: true, strictFileInteractability: false, timeouts: {implicit: 0, pageLoad: 300000, script: 30000}, unhandledPromptBehavior: dismiss and notify, webauthn:extension:credBlob: true, webauthn:extension:largeBlob: true, webauthn:virtualAuthenticators: true}
Session ID: ae8b90ec2b204729cb99ed5c1548fcad
*** Element info: {Using=id, value=Route}
2022-Oct-15 08:44:21 AM [main] INFO  com.web.actions.WebActions - Exception: clickElement '
2022-Oct-15 08:44:21 AM [main] INFO  com.web.actions.WebActions - Exception Log: org.openqa.selenium.NoSuchElementException: no such element: Unable to locate element: {"method":"css selector","selector":"#UnitType"}
  (Session info: chrome=106.0.5249.119)
For documentation on this error, please visit: https://www.seleniumhq.org/exceptions/no_such_element.html
Build info: version: '3.141.59', revision: 'e82be7d358', time: '2018-11-14T08:17:03'
System info: host: 'POFWVDDEV-24', ip: '10.181.60.57', os.name: 'Windows 10', os.arch: 'amd64', os.version: '10.0', java.version: '1.8.0_321'
Driver info: org.openqa.selenium.chrome.ChromeDriver
Capabilities {acceptInsecureCerts: false, browserName: chrome, browserVersion: 106.0.5249.119, chrome: {chromedriverVersion: 106.0.5249.61 (511755355844..., userDataDir: C:\Users\KHAIRN~1\AppData\L...}, goog:chromeOptions: {debuggerAddress: localhost:57530}, javascriptEnabled: true, networkConnectionEnabled: false, pageLoadStrategy: normal, platform: WINDOWS, platformName: WINDOWS, proxy: Proxy(), setWindowRect: true, strictFileInteractability: false, timeouts: {implicit: 0, pageLoad: 300000, script: 30000}, unhandledPromptBehavior: dismiss and notify, webauthn:extension:credBlob: true, webauthn:extension:largeBlob: true, webauthn:virtualAuthenticators: true}
Session ID: ae8b90ec2b204729cb99ed5c1548fcad
*** Element info: {Using=id, value=UnitType}
2022-Oct-15 08:45:02 AM [main] INFO  com.web.actions.WebActions - Exception: getDropdownOption: 
2022-Oct-15 08:45:02 AM [main] INFO  com.web.actions.WebActions - Exception Log: org.openqa.selenium.NoSuchElementException: no such element: Unable to locate element: {"method":"css selector","selector":"#UnitType"}
  (Session info: chrome=106.0.5249.119)
For documentation on this error, please visit: https://www.seleniumhq.org/exceptions/no_such_element.html
Build info: version: '3.141.59', revision: 'e82be7d358', time: '2018-11-14T08:17:03'
System info: host: 'POFWVDDEV-24', ip: '10.181.60.57', os.name: 'Windows 10', os.arch: 'amd64', os.version: '10.0', java.version: '1.8.0_321'
Driver info: org.openqa.selenium.chrome.ChromeDriver
Capabilities {acceptInsecureCerts: false, browserName: chrome, browserVersion: 106.0.5249.119, chrome: {chromedriverVersion: 106.0.5249.61 (511755355844..., userDataDir: C:\Users\KHAIRN~1\AppData\L...}, goog:chromeOptions: {debuggerAddress: localhost:57530}, javascriptEnabled: true, networkConnectionEnabled: false, pageLoadStrategy: normal, platform: WINDOWS, platformName: WINDOWS, proxy: Proxy(), setWindowRect: true, strictFileInteractability: false, timeouts: {implicit: 0, pageLoad: 300000, script: 30000}, unhandledPromptBehavior: dismiss and notify, webauthn:extension:credBlob: true, webauthn:extension:largeBlob: true, webauthn:virtualAuthenticators: true}
Session ID: ae8b90ec2b204729cb99ed5c1548fcad
*** Element info: {Using=id, value=UnitType}
2022-Oct-15 08:45:02 AM [main] INFO  com.web.actions.WebBrowserActions - closes the currently opened browser session.
2022-Oct-15 08:45:05 AM [main] INFO  com.driver.DriverFactory - Instantiate ChromeDriver
2022-Oct-15 08:45:08 AM [main] INFO  com.web.actions.WebActions - Navigate to 'https://uks-sitecore-freight-dev-r-317880-cd.azurewebsites.net/
2022-Oct-15 08:45:09 AM [main] INFO  com.web.actions.WebActions - Wait For Element To Be Clickable: --> xpath: //a[@href='#mobileMenu'][@class='menuMobile']]
2022-Oct-15 08:45:09 AM [main] INFO  com.web.actions.WebActions - Click on :--> xpath: //a[@href='#mobileMenu'][@class='menuMobile']]
2022-Oct-15 08:45:09 AM [main] INFO  com.web.actions.WebActions - Wait For Element To Be Clickable: --> link text: Book Now]
2022-Oct-15 08:45:21 AM [main] INFO  com.web.actions.WebActions - Click on :
2022-Oct-15 08:45:31 AM [main] INFO  com.web.actions.WebActions - Clear Text From : --> id: LoginEmail]
2022-Oct-15 08:45:31 AM [main] INFO  com.web.actions.WebActions - Write Text 'preethi.natarajan@poferries.com' on --> id: LoginEmail]
2022-Oct-15 08:45:32 AM [main] INFO  com.web.actions.WebActions - Clear Text From : --> id: LoginPass]
2022-Oct-15 08:45:32 AM [main] INFO  com.web.actions.WebActions - Write Text 'Test@123' on --> id: LoginPass]
2022-Oct-15 08:45:32 AM [main] INFO  com.web.actions.WebActions - Click on :--> id: LoginUserBtn]
2022-Oct-15 08:45:42 AM [main] INFO  com.web.actions.WebActions - Get All Object Size : 0 of By.xpath: //a[@class='closeAds']
2022-Oct-15 08:45:52 AM [main] INFO  com.web.actions.WebActions - Get All Object Size : 0 of By.xpath: //a[@class='closeAds']
2022-Oct-15 08:46:02 AM [main] INFO  com.web.actions.WebActions - Get All Object Size : 0 of By.xpath: //a[@class='closeAds']
2022-Oct-15 08:46:12 AM [main] INFO  com.web.actions.WebActions - Get All Object Size : 0 of By.xpath: //a[@class='closeAds']
2022-Oct-15 08:46:22 AM [main] INFO  com.web.actions.WebActions - Get All Object Size : 0 of By.xpath: //a[@class='closeAds']
2022-Oct-15 08:46:32 AM [main] INFO  com.web.actions.WebActions - Get All Object Size : 0 of By.xpath: //a[@class='closeAds']
2022-Oct-15 08:46:42 AM [main] INFO  com.web.actions.WebActions - Get All Object Size : 0 of By.xpath: //a[@class='closeAds']
2022-Oct-15 08:46:52 AM [main] INFO  com.web.actions.WebActions - Get All Object Size : 0 of By.xpath: //a[@class='closeAds']
2022-Oct-15 08:47:02 AM [main] INFO  com.web.actions.WebActions - Get All Object Size : 0 of By.xpath: //a[@class='closeAds']
2022-Oct-15 08:47:12 AM [main] INFO  com.web.actions.WebActions - Get All Object Size : 0 of By.xpath: //a[@class='closeAds']
2022-Oct-15 08:48:56 AM [main] INFO  com.web.actions.WebActions - Exception: waitForElementToBeVisibile '
2022-Oct-15 08:48:56 AM [main] INFO  com.web.actions.WebActions - Exception Log: org.openqa.selenium.TimeoutException: Expected condition failed: waiting for visibility of Proxy element for: DefaultElementLocator 'By.xpath: //a[@href='/Book Now'][@class=' ']' (tried for 60 second(s) with 500 milliseconds interval)
2022-Oct-15 08:49:36 AM [main] INFO  com.web.actions.WebActions - Exception: clickElement '
2022-Oct-15 08:49:36 AM [main] INFO  com.web.actions.WebActions - Exception Log: org.openqa.selenium.NoSuchElementException: no such element: Unable to locate element: {"method":"xpath","selector":"//a[@href='/Book Now'][@class=' ']"}
  (Session info: chrome=106.0.5249.119)
For documentation on this error, please visit: https://www.seleniumhq.org/exceptions/no_such_element.html
Build info: version: '3.141.59', revision: 'e82be7d358', time: '2018-11-14T08:17:03'
System info: host: 'POFWVDDEV-24', ip: '10.181.60.57', os.name: 'Windows 10', os.arch: 'amd64', os.version: '10.0', java.version: '1.8.0_321'
Driver info: org.openqa.selenium.chrome.ChromeDriver
Capabilities {acceptInsecureCerts: false, browserName: chrome, browserVersion: 106.0.5249.119, chrome: {chromedriverVersion: 106.0.5249.61 (511755355844..., userDataDir: C:\Users\KHAIRN~1\AppData\L...}, goog:chromeOptions: {debuggerAddress: localhost:58071}, javascriptEnabled: true, networkConnectionEnabled: false, pageLoadStrategy: normal, platform: WINDOWS, platformName: WINDOWS, proxy: Proxy(), setWindowRect: true, strictFileInteractability: false, timeouts: {implicit: 0, pageLoad: 300000, script: 30000}, unhandledPromptBehavior: dismiss and notify, webauthn:extension:credBlob: true, webauthn:extension:largeBlob: true, webauthn:virtualAuthenticators: true}
Session ID: 9c9c8a86299118cabba460d37df7cabc
*** Element info: {Using=xpath, value=//a[@href='/Book Now'][@class=' ']}
2022-Oct-15 08:49:46 AM [main] INFO  com.web.actions.WebActions - Click on :--> id: route]
2022-Oct-15 08:49:46 AM [main] INFO  com.web.actions.WebActions - Click on :--> xpath: //select[@id='route']//option[@value='DVR-CQF']]
2022-Oct-15 08:50:17 AM [main] INFO  com.web.actions.WebActions - Exception: clickElement '
2022-Oct-15 08:50:17 AM [main] INFO  com.web.actions.WebActions - Exception Log: org.openqa.selenium.NoSuchElementException: no such element: Unable to locate element: {"method":"css selector","selector":"#passengerAdults"}
  (Session info: chrome=106.0.5249.119)
For documentation on this error, please visit: https://www.seleniumhq.org/exceptions/no_such_element.html
Build info: version: '3.141.59', revision: 'e82be7d358', time: '2018-11-14T08:17:03'
System info: host: 'POFWVDDEV-24', ip: '10.181.60.57', os.name: 'Windows 10', os.arch: 'amd64', os.version: '10.0', java.version: '1.8.0_321'
Driver info: org.openqa.selenium.chrome.ChromeDriver
Capabilities {acceptInsecureCerts: false, browserName: chrome, browserVersion: 106.0.5249.119, chrome: {chromedriverVersion: 106.0.5249.61 (511755355844..., userDataDir: C:\Users\KHAIRN~1\AppData\L...}, goog:chromeOptions: {debuggerAddress: localhost:58071}, javascriptEnabled: true, networkConnectionEnabled: false, pageLoadStrategy: normal, platform: WINDOWS, platformName: WINDOWS, proxy: Proxy(), setWindowRect: true, strictFileInteractability: false, timeouts: {implicit: 0, pageLoad: 300000, script: 30000}, unhandledPromptBehavior: dismiss and notify, webauthn:extension:credBlob: true, webauthn:extension:largeBlob: true, webauthn:virtualAuthenticators: true}
Session ID: 9c9c8a86299118cabba460d37df7cabc
*** Element info: {Using=id, value=passengerAdults}
2022-Oct-15 08:50:57 AM [main] INFO  com.web.actions.WebActions - Exception: clickElement '
2022-Oct-15 08:50:57 AM [main] INFO  com.web.actions.WebActions - Exception Log: org.openqa.selenium.NoSuchElementException: no such element: Unable to locate element: {"method":"xpath","selector":"//select[@id='passengerAdults']//option[@value='2']"}
  (Session info: chrome=106.0.5249.119)
For documentation on this error, please visit: https://www.seleniumhq.org/exceptions/no_such_element.html
Build info: version: '3.141.59', revision: 'e82be7d358', time: '2018-11-14T08:17:03'
System info: host: 'POFWVDDEV-24', ip: '10.181.60.57', os.name: 'Windows 10', os.arch: 'amd64', os.version: '10.0', java.version: '1.8.0_321'
Driver info: org.openqa.selenium.chrome.ChromeDriver
Capabilities {acceptInsecureCerts: false, browserName: chrome, browserVersion: 106.0.5249.119, chrome: {chromedriverVersion: 106.0.5249.61 (511755355844..., userDataDir: C:\Users\KHAIRN~1\AppData\L...}, goog:chromeOptions: {debuggerAddress: localhost:58071}, javascriptEnabled: true, networkConnectionEnabled: false, pageLoadStrategy: normal, platform: WINDOWS, platformName: WINDOWS, proxy: Proxy(), setWindowRect: true, strictFileInteractability: false, timeouts: {implicit: 0, pageLoad: 300000, script: 30000}, unhandledPromptBehavior: dismiss and notify, webauthn:extension:credBlob: true, webauthn:extension:largeBlob: true, webauthn:virtualAuthenticators: true}
Session ID: 9c9c8a86299118cabba460d37df7cabc
*** Element info: {Using=xpath, value=//select[@id='passengerAdults']//option[@value='2']}
2022-Oct-15 08:51:37 AM [main] INFO  com.web.actions.WebActions - Exception: clickElement '
2022-Oct-15 08:51:37 AM [main] INFO  com.web.actions.WebActions - Exception Log: org.openqa.selenium.NoSuchElementException: no such element: Unable to locate element: {"method":"css selector","selector":"#StepOneContinue"}
  (Session info: chrome=106.0.5249.119)
For documentation on this error, please visit: https://www.seleniumhq.org/exceptions/no_such_element.html
Build info: version: '3.141.59', revision: 'e82be7d358', time: '2018-11-14T08:17:03'
System info: host: 'POFWVDDEV-24', ip: '10.181.60.57', os.name: 'Windows 10', os.arch: 'amd64', os.version: '10.0', java.version: '1.8.0_321'
Driver info: org.openqa.selenium.chrome.ChromeDriver
Capabilities {acceptInsecureCerts: false, browserName: chrome, browserVersion: 106.0.5249.119, chrome: {chromedriverVersion: 106.0.5249.61 (511755355844..., userDataDir: C:\Users\KHAIRN~1\AppData\L...}, goog:chromeOptions: {debuggerAddress: localhost:58071}, javascriptEnabled: true, networkConnectionEnabled: false, pageLoadStrategy: normal, platform: WINDOWS, platformName: WINDOWS, proxy: Proxy(), setWindowRect: true, strictFileInteractability: false, timeouts: {implicit: 0, pageLoad: 300000, script: 30000}, unhandledPromptBehavior: dismiss and notify, webauthn:extension:credBlob: true, webauthn:extension:largeBlob: true, webauthn:virtualAuthenticators: true}
Session ID: 9c9c8a86299118cabba460d37df7cabc
*** Element info: {Using=id, value=StepOneContinue}
2022-Oct-15 08:53:20 AM [main] INFO  com.web.actions.WebActions - Exception: waitForElementToBeVisibile '
2022-Oct-15 08:53:20 AM [main] INFO  com.web.actions.WebActions - Exception Log: org.openqa.selenium.TimeoutException: Expected condition failed: waiting for visibility of Proxy element for: DefaultElementLocator 'By.id: vehicleNumber' (tried for 60 second(s) with 500 milliseconds interval)
2022-Oct-15 08:54:21 AM [main] INFO  com.web.actions.WebActions - Exception: ClearText '
2022-Oct-15 08:54:21 AM [main] INFO  com.web.actions.WebActions - Exception Log: org.openqa.selenium.NoSuchElementException: no such element: Unable to locate element: {"method":"css selector","selector":"#vehicleNumber"}
  (Session info: chrome=106.0.5249.119)
For documentation on this error, please visit: https://www.seleniumhq.org/exceptions/no_such_element.html
Build info: version: '3.141.59', revision: 'e82be7d358', time: '2018-11-14T08:17:03'
System info: host: 'POFWVDDEV-24', ip: '10.181.60.57', os.name: 'Windows 10', os.arch: 'amd64', os.version: '10.0', java.version: '1.8.0_321'
Driver info: org.openqa.selenium.chrome.ChromeDriver
Capabilities {acceptInsecureCerts: false, browserName: chrome, browserVersion: 106.0.5249.119, chrome: {chromedriverVersion: 106.0.5249.61 (511755355844..., userDataDir: C:\Users\KHAIRN~1\AppData\L...}, goog:chromeOptions: {debuggerAddress: localhost:58071}, javascriptEnabled: true, networkConnectionEnabled: false, pageLoadStrategy: normal, platform: WINDOWS, platformName: WINDOWS, proxy: Proxy(), setWindowRect: true, strictFileInteractability: false, timeouts: {implicit: 0, pageLoad: 300000, script: 30000}, unhandledPromptBehavior: dismiss and notify, webauthn:extension:credBlob: true, webauthn:extension:largeBlob: true, webauthn:virtualAuthenticators: true}
Session ID: 9c9c8a86299118cabba460d37df7cabc
*** Element info: {Using=id, value=vehicleNumber}
2022-Oct-15 08:55:01 AM [main] INFO  com.web.actions.WebActions - Exception: Write Text '1234' on 
2022-Oct-15 08:55:01 AM [main] INFO  com.web.actions.WebActions - Exception Log: org.openqa.selenium.NoSuchElementException: no such element: Unable to locate element: {"method":"css selector","selector":"#vehicleNumber"}
  (Session info: chrome=106.0.5249.119)
For documentation on this error, please visit: https://www.seleniumhq.org/exceptions/no_such_element.html
Build info: version: '3.141.59', revision: 'e82be7d358', time: '2018-11-14T08:17:03'
System info: host: 'POFWVDDEV-24', ip: '10.181.60.57', os.name: 'Windows 10', os.arch: 'amd64', os.version: '10.0', java.version: '1.8.0_321'
Driver info: org.openqa.selenium.chrome.ChromeDriver
Capabilities {acceptInsecureCerts: false, browserName: chrome, browserVersion: 106.0.5249.119, chrome: {chromedriverVersion: 106.0.5249.61 (511755355844..., userDataDir: C:\Users\KHAIRN~1\AppData\L...}, goog:chromeOptions: {debuggerAddress: localhost:58071}, javascriptEnabled: true, networkConnectionEnabled: false, pageLoadStrategy: normal, platform: WINDOWS, platformName: WINDOWS, proxy: Proxy(), setWindowRect: true, strictFileInteractability: false, timeouts: {implicit: 0, pageLoad: 300000, script: 30000}, unhandledPromptBehavior: dismiss and notify, webauthn:extension:credBlob: true, webauthn:extension:largeBlob: true, webauthn:virtualAuthenticators: true}
Session ID: 9c9c8a86299118cabba460d37df7cabc
*** Element info: {Using=id, value=vehicleNumber}
2022-Oct-15 08:56:01 AM [main] INFO  com.web.actions.WebActions - Exception: ClearText '
2022-Oct-15 08:56:01 AM [main] INFO  com.web.actions.WebActions - Exception Log: org.openqa.selenium.NoSuchElementException: no such element: Unable to locate element: {"method":"css selector","selector":"#vehicleLength"}
  (Session info: chrome=106.0.5249.119)
For documentation on this error, please visit: https://www.seleniumhq.org/exceptions/no_such_element.html
Build info: version: '3.141.59', revision: 'e82be7d358', time: '2018-11-14T08:17:03'
System info: host: 'POFWVDDEV-24', ip: '10.181.60.57', os.name: 'Windows 10', os.arch: 'amd64', os.version: '10.0', java.version: '1.8.0_321'
Driver info: org.openqa.selenium.chrome.ChromeDriver
Capabilities {acceptInsecureCerts: false, browserName: chrome, browserVersion: 106.0.5249.119, chrome: {chromedriverVersion: 106.0.5249.61 (511755355844..., userDataDir: C:\Users\KHAIRN~1\AppData\L...}, goog:chromeOptions: {debuggerAddress: localhost:58071}, javascriptEnabled: true, networkConnectionEnabled: false, pageLoadStrategy: normal, platform: WINDOWS, platformName: WINDOWS, proxy: Proxy(), setWindowRect: true, strictFileInteractability: false, timeouts: {implicit: 0, pageLoad: 300000, script: 30000}, unhandledPromptBehavior: dismiss and notify, webauthn:extension:credBlob: true, webauthn:extension:largeBlob: true, webauthn:virtualAuthenticators: true}
Session ID: 9c9c8a86299118cabba460d37df7cabc
*** Element info: {Using=id, value=vehicleLength}
2022-Oct-15 08:56:41 AM [main] INFO  com.web.actions.WebActions - Exception: Write Text '5' on 
2022-Oct-15 08:56:41 AM [main] INFO  com.web.actions.WebActions - Exception Log: org.openqa.selenium.NoSuchElementException: no such element: Unable to locate element: {"method":"css selector","selector":"#vehicleLength"}
  (Session info: chrome=106.0.5249.119)
For documentation on this error, please visit: https://www.seleniumhq.org/exceptions/no_such_element.html
Build info: version: '3.141.59', revision: 'e82be7d358', time: '2018-11-14T08:17:03'
System info: host: 'POFWVDDEV-24', ip: '10.181.60.57', os.name: 'Windows 10', os.arch: 'amd64', os.version: '10.0', java.version: '1.8.0_321'
Driver info: org.openqa.selenium.chrome.ChromeDriver
Capabilities {acceptInsecureCerts: false, browserName: chrome, browserVersion: 106.0.5249.119, chrome: {chromedriverVersion: 106.0.5249.61 (511755355844..., userDataDir: C:\Users\KHAIRN~1\AppData\L...}, goog:chromeOptions: {debuggerAddress: localhost:58071}, javascriptEnabled: true, networkConnectionEnabled: false, pageLoadStrategy: normal, platform: WINDOWS, platformName: WINDOWS, proxy: Proxy(), setWindowRect: true, strictFileInteractability: false, timeouts: {implicit: 0, pageLoad: 300000, script: 30000}, unhandledPromptBehavior: dismiss and notify, webauthn:extension:credBlob: true, webauthn:extension:largeBlob: true, webauthn:virtualAuthenticators: true}
Session ID: 9c9c8a86299118cabba460d37df7cabc
*** Element info: {Using=id, value=vehicleLength}
2022-Oct-15 08:57:22 AM [main] INFO  com.web.actions.WebActions - Exception: clickElement '
2022-Oct-15 08:57:22 AM [main] INFO  com.web.actions.WebActions - Exception Log: org.openqa.selenium.NoSuchElementException: no such element: Unable to locate element: {"method":"css selector","selector":"#StepTwoContinue"}
  (Session info: chrome=106.0.5249.119)
For documentation on this error, please visit: https://www.seleniumhq.org/exceptions/no_such_element.html
Build info: version: '3.141.59', revision: 'e82be7d358', time: '2018-11-14T08:17:03'
System info: host: 'POFWVDDEV-24', ip: '10.181.60.57', os.name: 'Windows 10', os.arch: 'amd64', os.version: '10.0', java.version: '1.8.0_321'
Driver info: org.openqa.selenium.chrome.ChromeDriver
Capabilities {acceptInsecureCerts: false, browserName: chrome, browserVersion: 106.0.5249.119, chrome: {chromedriverVersion: 106.0.5249.61 (511755355844..., userDataDir: C:\Users\KHAIRN~1\AppData\L...}, goog:chromeOptions: {debuggerAddress: localhost:58071}, javascriptEnabled: true, networkConnectionEnabled: false, pageLoadStrategy: normal, platform: WINDOWS, platformName: WINDOWS, proxy: Proxy(), setWindowRect: true, strictFileInteractability: false, timeouts: {implicit: 0, pageLoad: 300000, script: 30000}, unhandledPromptBehavior: dismiss and notify, webauthn:extension:credBlob: true, webauthn:extension:largeBlob: true, webauthn:virtualAuthenticators: true}
Session ID: 9c9c8a86299118cabba460d37df7cabc
*** Element info: {Using=id, value=StepTwoContinue}
2022-Oct-15 08:58:08 AM [main] INFO  com.web.actions.WebActions - Exception: getObjectText '
2022-Oct-15 08:58:08 AM [main] INFO  com.web.actions.WebActions - Exception Log: org.openqa.selenium.NoSuchElementException: no such element: Unable to locate element: {"method":"css selector","selector":"#rev\-vehUnitId"}
  (Session info: chrome=106.0.5249.119)
For documentation on this error, please visit: https://www.seleniumhq.org/exceptions/no_such_element.html
Build info: version: '3.141.59', revision: 'e82be7d358', time: '2018-11-14T08:17:03'
System info: host: 'POFWVDDEV-24', ip: '10.181.60.57', os.name: 'Windows 10', os.arch: 'amd64', os.version: '10.0', java.version: '1.8.0_321'
Driver info: org.openqa.selenium.chrome.ChromeDriver
Capabilities {acceptInsecureCerts: false, browserName: chrome, browserVersion: 106.0.5249.119, chrome: {chromedriverVersion: 106.0.5249.61 (511755355844..., userDataDir: C:\Users\KHAIRN~1\AppData\L...}, goog:chromeOptions: {debuggerAddress: localhost:58071}, javascriptEnabled: true, networkConnectionEnabled: false, pageLoadStrategy: normal, platform: WINDOWS, platformName: WINDOWS, proxy: Proxy(), setWindowRect: true, strictFileInteractability: false, timeouts: {implicit: 0, pageLoad: 300000, script: 30000}, unhandledPromptBehavior: dismiss and notify, webauthn:extension:credBlob: true, webauthn:extension:largeBlob: true, webauthn:virtualAuthenticators: true}
Session ID: 9c9c8a86299118cabba460d37df7cabc
*** Element info: {Using=id, value=rev-vehUnitId}
2022-Oct-15 08:58:48 AM [main] INFO  com.web.actions.WebActions - Exception: getObjectText '
2022-Oct-15 08:58:48 AM [main] INFO  com.web.actions.WebActions - Exception Log: org.openqa.selenium.NoSuchElementException: no such element: Unable to locate element: {"method":"css selector","selector":"#rev\-vehLength"}
  (Session info: chrome=106.0.5249.119)
For documentation on this error, please visit: https://www.seleniumhq.org/exceptions/no_such_element.html
Build info: version: '3.141.59', revision: 'e82be7d358', time: '2018-11-14T08:17:03'
System info: host: 'POFWVDDEV-24', ip: '10.181.60.57', os.name: 'Windows 10', os.arch: 'amd64', os.version: '10.0', java.version: '1.8.0_321'
Driver info: org.openqa.selenium.chrome.ChromeDriver
Capabilities {acceptInsecureCerts: false, browserName: chrome, browserVersion: 106.0.5249.119, chrome: {chromedriverVersion: 106.0.5249.61 (511755355844..., userDataDir: C:\Users\KHAIRN~1\AppData\L...}, goog:chromeOptions: {debuggerAddress: localhost:58071}, javascriptEnabled: true, networkConnectionEnabled: false, pageLoadStrategy: normal, platform: WINDOWS, platformName: WINDOWS, proxy: Proxy(), setWindowRect: true, strictFileInteractability: false, timeouts: {implicit: 0, pageLoad: 300000, script: 30000}, unhandledPromptBehavior: dismiss and notify, webauthn:extension:credBlob: true, webauthn:extension:largeBlob: true, webauthn:virtualAuthenticators: true}
Session ID: 9c9c8a86299118cabba460d37df7cabc
*** Element info: {Using=id, value=rev-vehLength}
2022-Oct-15 08:59:29 AM [main] INFO  com.web.actions.WebActions - Exception: getObjectText '
2022-Oct-15 08:59:29 AM [main] INFO  com.web.actions.WebActions - Exception Log: org.openqa.selenium.NoSuchElementException: no such element: Unable to locate element: {"method":"css selector","selector":"#rev\-vehHeight"}
  (Session info: chrome=106.0.5249.119)
For documentation on this error, please visit: https://www.seleniumhq.org/exceptions/no_such_element.html
Build info: version: '3.141.59', revision: 'e82be7d358', time: '2018-11-14T08:17:03'
System info: host: 'POFWVDDEV-24', ip: '10.181.60.57', os.name: 'Windows 10', os.arch: 'amd64', os.version: '10.0', java.version: '1.8.0_321'
Driver info: org.openqa.selenium.chrome.ChromeDriver
Capabilities {acceptInsecureCerts: false, browserName: chrome, browserVersion: 106.0.5249.119, chrome: {chromedriverVersion: 106.0.5249.61 (511755355844..., userDataDir: C:\Users\KHAIRN~1\AppData\L...}, goog:chromeOptions: {debuggerAddress: localhost:58071}, javascriptEnabled: true, networkConnectionEnabled: false, pageLoadStrategy: normal, platform: WINDOWS, platformName: WINDOWS, proxy: Proxy(), setWindowRect: true, strictFileInteractability: false, timeouts: {implicit: 0, pageLoad: 300000, script: 30000}, unhandledPromptBehavior: dismiss and notify, webauthn:extension:credBlob: true, webauthn:extension:largeBlob: true, webauthn:virtualAuthenticators: true}
Session ID: 9c9c8a86299118cabba460d37df7cabc
*** Element info: {Using=id, value=rev-vehHeight}
2022-Oct-15 09:00:09 AM [main] INFO  com.web.actions.WebActions - Exception: getObjectText '
2022-Oct-15 09:00:09 AM [main] INFO  com.web.actions.WebActions - Exception Log: org.openqa.selenium.NoSuchElementException: no such element: Unable to locate element: {"method":"css selector","selector":"#rev\-vehWidth"}
  (Session info: chrome=106.0.5249.119)
For documentation on this error, please visit: https://www.seleniumhq.org/exceptions/no_such_element.html
Build info: version: '3.141.59', revision: 'e82be7d358', time: '2018-11-14T08:17:03'
System info: host: 'POFWVDDEV-24', ip: '10.181.60.57', os.name: 'Windows 10', os.arch: 'amd64', os.version: '10.0', java.version: '1.8.0_321'
Driver info: org.openqa.selenium.chrome.ChromeDriver
Capabilities {acceptInsecureCerts: false, browserName: chrome, browserVersion: 106.0.5249.119, chrome: {chromedriverVersion: 106.0.5249.61 (511755355844..., userDataDir: C:\Users\KHAIRN~1\AppData\L...}, goog:chromeOptions: {debuggerAddress: localhost:58071}, javascriptEnabled: true, networkConnectionEnabled: false, pageLoadStrategy: normal, platform: WINDOWS, platformName: WINDOWS, proxy: Proxy(), setWindowRect: true, strictFileInteractability: false, timeouts: {implicit: 0, pageLoad: 300000, script: 30000}, unhandledPromptBehavior: dismiss and notify, webauthn:extension:credBlob: true, webauthn:extension:largeBlob: true, webauthn:virtualAuthenticators: true}
Session ID: 9c9c8a86299118cabba460d37df7cabc
*** Element info: {Using=id, value=rev-vehWidth}
2022-Oct-15 09:00:49 AM [main] INFO  com.web.actions.WebActions - Exception: getObjectText '
2022-Oct-15 09:00:49 AM [main] INFO  com.web.actions.WebActions - Exception Log: org.openqa.selenium.NoSuchElementException: no such element: Unable to locate element: {"method":"css selector","selector":"#rev\-vehWeight"}
  (Session info: chrome=106.0.5249.119)
For documentation on this error, please visit: https://www.seleniumhq.org/exceptions/no_such_element.html
Build info: version: '3.141.59', revision: 'e82be7d358', time: '2018-11-14T08:17:03'
System info: host: 'POFWVDDEV-24', ip: '10.181.60.57', os.name: 'Windows 10', os.arch: 'amd64', os.version: '10.0', java.version: '1.8.0_321'
Driver info: org.openqa.selenium.chrome.ChromeDriver
Capabilities {acceptInsecureCerts: false, browserName: chrome, browserVersion: 106.0.5249.119, chrome: {chromedriverVersion: 106.0.5249.61 (511755355844..., userDataDir: C:\Users\KHAIRN~1\AppData\L...}, goog:chromeOptions: {debuggerAddress: localhost:58071}, javascriptEnabled: true, networkConnectionEnabled: false, pageLoadStrategy: normal, platform: WINDOWS, platformName: WINDOWS, proxy: Proxy(), setWindowRect: true, strictFileInteractability: false, timeouts: {implicit: 0, pageLoad: 300000, script: 30000}, unhandledPromptBehavior: dismiss and notify, webauthn:extension:credBlob: true, webauthn:extension:largeBlob: true, webauthn:virtualAuthenticators: true}
Session ID: 9c9c8a86299118cabba460d37df7cabc
*** Element info: {Using=id, value=rev-vehWeight}
2022-Oct-15 09:01:30 AM [main] INFO  com.web.actions.WebActions - Exception: getObjectText '
2022-Oct-15 09:01:30 AM [main] INFO  com.web.actions.WebActions - Exception Log: org.openqa.selenium.NoSuchElementException: no such element: Unable to locate element: {"method":"css selector","selector":"#rev\-adults"}
  (Session info: chrome=106.0.5249.119)
For documentation on this error, please visit: https://www.seleniumhq.org/exceptions/no_such_element.html
Build info: version: '3.141.59', revision: 'e82be7d358', time: '2018-11-14T08:17:03'
System info: host: 'POFWVDDEV-24', ip: '10.181.60.57', os.name: 'Windows 10', os.arch: 'amd64', os.version: '10.0', java.version: '1.8.0_321'
Driver info: org.openqa.selenium.chrome.ChromeDriver
Capabilities {acceptInsecureCerts: false, browserName: chrome, browserVersion: 106.0.5249.119, chrome: {chromedriverVersion: 106.0.5249.61 (511755355844..., userDataDir: C:\Users\KHAIRN~1\AppData\L...}, goog:chromeOptions: {debuggerAddress: localhost:58071}, javascriptEnabled: true, networkConnectionEnabled: false, pageLoadStrategy: normal, platform: WINDOWS, platformName: WINDOWS, proxy: Proxy(), setWindowRect: true, strictFileInteractability: false, timeouts: {implicit: 0, pageLoad: 300000, script: 30000}, unhandledPromptBehavior: dismiss and notify, webauthn:extension:credBlob: true, webauthn:extension:largeBlob: true, webauthn:virtualAuthenticators: true}
Session ID: 9c9c8a86299118cabba460d37df7cabc
*** Element info: {Using=id, value=rev-adults}
2022-Oct-15 09:02:10 AM [main] INFO  com.web.actions.WebActions - Exception: clickElement '
2022-Oct-15 09:02:10 AM [main] INFO  com.web.actions.WebActions - Exception Log: org.openqa.selenium.NoSuchElementException: no such element: Unable to locate element: {"method":"css selector","selector":"#PaymentTermsCheckBox"}
  (Session info: chrome=106.0.5249.119)
For documentation on this error, please visit: https://www.seleniumhq.org/exceptions/no_such_element.html
Build info: version: '3.141.59', revision: 'e82be7d358', time: '2018-11-14T08:17:03'
System info: host: 'POFWVDDEV-24', ip: '10.181.60.57', os.name: 'Windows 10', os.arch: 'amd64', os.version: '10.0', java.version: '1.8.0_321'
Driver info: org.openqa.selenium.chrome.ChromeDriver
Capabilities {acceptInsecureCerts: false, browserName: chrome, browserVersion: 106.0.5249.119, chrome: {chromedriverVersion: 106.0.5249.61 (511755355844..., userDataDir: C:\Users\KHAIRN~1\AppData\L...}, goog:chromeOptions: {debuggerAddress: localhost:58071}, javascriptEnabled: true, networkConnectionEnabled: false, pageLoadStrategy: normal, platform: WINDOWS, platformName: WINDOWS, proxy: Proxy(), setWindowRect: true, strictFileInteractability: false, timeouts: {implicit: 0, pageLoad: 300000, script: 30000}, unhandledPromptBehavior: dismiss and notify, webauthn:extension:credBlob: true, webauthn:extension:largeBlob: true, webauthn:virtualAuthenticators: true}
Session ID: 9c9c8a86299118cabba460d37df7cabc
*** Element info: {Using=id, value=PaymentTermsCheckBox}
