2022-Nov-10 05:28:34 AM [main] INFO  com.driver.DriverFactory - InstantiateDriverObject Exception Log: org.openqa.selenium.WebDriverException: unknown error: Chrome failed to start: exited normally.
  (unknown error: DevToolsActivePort file doesn't exist)
  (The process started from chrome location C:\Users\Khairnar_S\AppData\Local\Google\Chrome\Application\chrome.exe is no longer running, so ChromeDriver is assuming that Chrome has crashed.)
Build info: version: '3.141.59', revision: 'e82be7d358', time: '2018-11-14T08:17:03'
System info: host: 'POFWVDDEV-24', ip: '10.181.60.57', os.name: 'Windows 10', os.arch: 'amd64', os.version: '10.0', java.version: '1.8.0_321'
Driver info: driver.version: ChromeDriver
remote stacktrace: Backtrace:
	Ordinal0 [0x009EACD3+2075859]
	Ordinal0 [0x0097EE61+1633889]
	Ordinal0 [0x0087B7BD+571325]
	Ordinal0 [0x0089AA93+699027]
	Ordinal0 [0x00896BE9+682985]
	Ordinal0 [0x008CDBD3+908243]
	Ordinal0 [0x008CD6AA+906922]
	Ordinal0 [0x008C7136+880950]
	Ordinal0 [0x0089FEFD+720637]
	Ordinal0 [0x008A0F3F+724799]
	GetHandleVerifier [0x00C9EED2+2769538]
	GetHandleVerifier [0x00C90D95+2711877]
	GetHandleVerifier [0x00A7A03A+521194]
	GetHandleVerifier [0x00A78DA0+516432]
	Ordinal0 [0x0098682C+1665068]
	Ordinal0 [0x0098B128+1683752]
	Ordinal0 [0x0098B215+1683989]
	Ordinal0 [0x00996484+1729668]
	BaseThreadInitThunk [0x75E9FEF9+25]
	RtlGetAppContainerNamedObjectPath [0x775C7BBE+286]
	RtlGetAppContainerNamedObjectPath [0x775C7B8E+238]

2022-Nov-10 05:28:34 AM [main] INFO  com.driver.DriverFactory - Instantiate ChromeDriver
2022-Nov-10 05:28:34 AM [main] INFO  com.web.actions.WebActions - Exception: Navigate to 'https://uks-sitecore-freight-dev-r-317880-cd.azurewebsites.net/
2022-Nov-10 05:28:34 AM [main] INFO  com.web.actions.WebActions - Exception Log: java.lang.NullPointerException
2022-Nov-10 05:28:34 AM [main] INFO  com.web.actions.WebBrowserActions - Exception: CloseBrowser.
2022-Nov-10 05:28:34 AM [main] INFO  com.web.actions.WebBrowserActions - Exception Log: java.lang.NullPointerException
