2022-Nov-04 03:06:47 AM [main] INFO  com.driver.DriverFactory - Instantiate ChromeDriver
2022-Nov-04 03:06:52 AM [main] INFO  com.web.actions.WebActions - Navigate to 'https://uk-sitecore-freight-tst-rg-323540-cd.azurewebsites.net/
2022-Nov-04 03:06:52 AM [main] INFO  com.web.actions.WebActions - Wait For Element To Be Clickable: --> xpath: //a[@href='#mobileMenu'][@class='menuMobile']]
2022-Nov-04 03:06:52 AM [main] INFO  com.web.actions.WebActions - Click on :--> xpath: //a[@href='#mobileMenu'][@class='menuMobile']]
2022-Nov-04 03:06:53 AM [main] INFO  com.web.actions.WebActions - Wait For Element To Be Clickable: --> link text: Book Now]
2022-Nov-04 03:07:05 AM [main] INFO  com.web.actions.WebActions - Click on :
2022-Nov-04 03:07:16 AM [main] INFO  com.web.actions.WebActions - Clear Text From : --> id: LoginEmail]
2022-Nov-04 03:07:16 AM [main] INFO  com.web.actions.WebActions - Write Text 'fcduser03' on --> id: LoginEmail]
2022-Nov-04 03:07:16 AM [main] INFO  com.web.actions.WebActions - Clear Text From : --> id: LoginPass]
2022-Nov-04 03:07:16 AM [main] INFO  com.web.actions.WebActions - Write Text 'Password01' on --> id: LoginPass]
2022-Nov-04 03:07:16 AM [main] INFO  com.web.actions.WebActions - Click on :--> id: LoginUserBtn]
2022-Nov-04 03:07:26 AM [main] INFO  com.web.actions.WebActions - Get All Object Size : 0 of By.xpath: //a[@class='closeAds']
2022-Nov-04 03:07:36 AM [main] INFO  com.web.actions.WebActions - Get All Object Size : 0 of By.xpath: //a[@class='closeAds']
2022-Nov-04 03:07:47 AM [main] INFO  com.web.actions.WebActions - Get All Object Size : 0 of By.xpath: //a[@class='closeAds']
2022-Nov-04 03:07:57 AM [main] INFO  com.web.actions.WebActions - Get All Object Size : 0 of By.xpath: //a[@class='closeAds']
2022-Nov-04 03:08:07 AM [main] INFO  com.web.actions.WebActions - Get All Object Size : 0 of By.xpath: //a[@class='closeAds']
2022-Nov-04 03:08:17 AM [main] INFO  com.web.actions.WebActions - Get All Object Size : 0 of By.xpath: //a[@class='closeAds']
2022-Nov-04 03:08:27 AM [main] INFO  com.web.actions.WebActions - Get All Object Size : 0 of By.xpath: //a[@class='closeAds']
2022-Nov-04 03:08:37 AM [main] INFO  com.web.actions.WebActions - Get All Object Size : 0 of By.xpath: //a[@class='closeAds']
2022-Nov-04 03:08:47 AM [main] INFO  com.web.actions.WebActions - Get All Object Size : 0 of By.xpath: //a[@class='closeAds']
2022-Nov-04 03:08:57 AM [main] INFO  com.web.actions.WebActions - Get All Object Size : 0 of By.xpath: //a[@class='closeAds']
2022-Nov-04 03:09:07 AM [main] INFO  com.web.actions.WebActions - Wait For Element To Be Clickable: --> xpath: //section//a[contains(@href,'CreateBookings')]]
2022-Nov-04 03:09:19 AM [main] INFO  com.web.actions.WebActions - Click on :
2022-Nov-04 03:09:30 AM [main] INFO  com.web.actions.WebActions - Click on :--> id: RouteFilter]
2022-Nov-04 03:09:35 AM [main] INFO  com.web.actions.WebActions - Click on :--> id: generateFormButton]
2022-Nov-04 03:09:35 AM [main] INFO  com.web.actions.WebActions - Click on :--> id: UnitType_0]
2022-Nov-04 03:09:41 AM [main] INFO  com.web.actions.WebActions - Clear Text From : --> id: UnitID_0]
2022-Nov-04 03:09:41 AM [main] INFO  com.web.actions.WebActions - Write Text '221104030940' on --> id: UnitID_0]
2022-Nov-04 03:09:41 AM [main] INFO  com.web.actions.WebActions - Clear Text From : --> id: JobReference_0]
2022-Nov-04 03:09:41 AM [main] INFO  com.web.actions.WebActions - Write Text 'JR20221104030941' on --> id: JobReference_0]
2022-Nov-04 03:09:42 AM [main] INFO  com.web.actions.WebActions - Clear Text From : --> id: JobDescription_0]
2022-Nov-04 03:09:42 AM [main] INFO  com.web.actions.WebActions - Write Text 'JD2022_11_04_03_09_41' on --> id: JobDescription_0]
2022-Nov-04 03:09:42 AM [main] INFO  com.web.actions.WebActions - Verify Object Enabled : TRUE --> id: UnitWeight_0]
2022-Nov-04 03:09:42 AM [main] INFO  com.web.actions.WebActions - Verify Object Enabled : TRUE --> id: UnitLength_0]
2022-Nov-04 03:09:42 AM [main] INFO  com.web.actions.WebActions - Clear Text From : --> id: UnitLength_0]
2022-Nov-04 03:09:43 AM [main] INFO  com.web.actions.WebActions - Write Text '5' on --> id: UnitLength_0]
2022-Nov-04 03:09:43 AM [main] INFO  com.web.actions.WebActions - Verify Object Exists : TRUE --> id: SelectDate_0]
2022-Nov-04 03:09:43 AM [main] INFO  com.web.actions.WebActions - Verify Object Exists : TRUE --> id: SelectSailing_0]
2022-Nov-04 03:09:43 AM [main] INFO  com.web.actions.WebActions - Click on :--> id: SubmitBooking]
2022-Nov-04 03:09:48 AM [main] INFO  com.web.actions.WebActions - Wait For Element To Be Visibile: --> id: successfulBookingsBlock]
2022-Nov-04 03:09:49 AM [main] INFO  com.web.actions.WebActions - Verify Object Exists : TRUE --> id: successfulBookingsBlock]
2022-Nov-04 03:09:49 AM [main] INFO  com.web.actions.WebActions - Object Text : DO00040481, --> xpath: //div[@id='successfulBookingsBlock']//div[@class='eachLine'][text()='Way Bill No: ']/span]
2022-Nov-04 03:09:51 AM [main] INFO  com.web.actions.WebActions - Wait For Element To Be Visibile: --> id: successfulBookingsBlock]
2022-Nov-04 03:09:51 AM [main] INFO  com.web.actions.WebActions - Verify Object Exists : TRUE --> id: successfulBookingsBlock]
2022-Nov-04 03:09:51 AM [main] INFO  com.web.actions.WebActions - Object Text : DO00040481, --> xpath: //div[@id='successfulBookingsBlock']//div[@class='eachLine'][text()='Way Bill No: ']/span]
2022-Nov-04 03:09:53 AM [main] INFO  com.web.actions.WebActions - Click on :--> class name: cancel]
2022-Nov-04 03:09:58 AM [main] INFO  com.web.actions.WebActions - Wait For Element To Be Visibile: --> xpath: //div[@id='cancelPopUpBox']/div[1]//div[@class='btnColOne']//button[@class='btn-primary'][text()='Yes']]
2022-Nov-04 03:09:58 AM [main] INFO  com.web.actions.WebActions - Click on :--> xpath: //div[@id='cancelPopUpBox']/div[1]//div[@class='btnColOne']//button[@class='btn-primary'][text()='Yes']]
2022-Nov-04 03:10:00 AM [main] INFO  com.web.actions.WebActions - Wait For Element To Be Clickable: --> xpath: //a[@href='#mobileMenu'][@class='menuMobile']]
2022-Nov-04 03:10:01 AM [main] INFO  com.web.actions.WebActions - Exception: clickElement '--> xpath: //a[@href='#mobileMenu'][@class='menuMobile']]
2022-Nov-04 03:10:01 AM [main] INFO  com.web.actions.WebActions - Exception Log: org.openqa.selenium.StaleElementReferenceException: stale element reference: element is not attached to the page document
  (Session info: chrome=107.0.5304.88)
For documentation on this error, please visit: https://www.seleniumhq.org/exceptions/stale_element_reference.html
Build info: version: '3.141.59', revision: 'e82be7d358', time: '2018-11-14T08:17:03'
System info: host: 'POFWVDDEV-24', ip: '10.181.60.57', os.name: 'Windows 10', os.arch: 'amd64', os.version: '10.0', java.version: '1.8.0_321'
Driver info: org.openqa.selenium.chrome.ChromeDriver
Capabilities {acceptInsecureCerts: false, browserName: chrome, browserVersion: 107.0.5304.88, chrome: {chromedriverVersion: 106.0.5249.61 (511755355844..., userDataDir: C:\Users\KHAIRN~1\AppData\L...}, goog:chromeOptions: {debuggerAddress: localhost:49800}, javascriptEnabled: true, networkConnectionEnabled: false, pageLoadStrategy: normal, platform: WINDOWS, platformName: WINDOWS, proxy: Proxy(), setWindowRect: true, strictFileInteractability: false, timeouts: {implicit: 0, pageLoad: 300000, script: 30000}, unhandledPromptBehavior: dismiss and notify, webauthn:extension:credBlob: true, webauthn:extension:largeBlob: true, webauthn:virtualAuthenticators: true}
Session ID: 3d56804bf2c5e84c0ebdddfd0dd0044c
2022-Nov-04 03:10:31 AM [main] INFO  com.web.actions.WebActions - Exception: clickElement '
2022-Nov-04 03:10:31 AM [main] INFO  com.web.actions.WebActions - Exception Log: org.openqa.selenium.NoSuchElementException: no such element: Unable to locate element: {"method":"link text","selector":"Track"}
  (Session info: chrome=107.0.5304.88)
For documentation on this error, please visit: https://www.seleniumhq.org/exceptions/no_such_element.html
Build info: version: '3.141.59', revision: 'e82be7d358', time: '2018-11-14T08:17:03'
System info: host: 'POFWVDDEV-24', ip: '10.181.60.57', os.name: 'Windows 10', os.arch: 'amd64', os.version: '10.0', java.version: '1.8.0_321'
Driver info: org.openqa.selenium.chrome.ChromeDriver
Capabilities {acceptInsecureCerts: false, browserName: chrome, browserVersion: 107.0.5304.88, chrome: {chromedriverVersion: 106.0.5249.61 (511755355844..., userDataDir: C:\Users\KHAIRN~1\AppData\L...}, goog:chromeOptions: {debuggerAddress: localhost:49800}, javascriptEnabled: true, networkConnectionEnabled: false, pageLoadStrategy: normal, platform: WINDOWS, platformName: WINDOWS, proxy: Proxy(), setWindowRect: true, strictFileInteractability: false, timeouts: {implicit: 0, pageLoad: 300000, script: 30000}, unhandledPromptBehavior: dismiss and notify, webauthn:extension:credBlob: true, webauthn:extension:largeBlob: true, webauthn:virtualAuthenticators: true}
Session ID: 3d56804bf2c5e84c0ebdddfd0dd0044c
*** Element info: {Using=link text, value=Track}
2022-Nov-04 03:11:14 AM [main] INFO  com.web.actions.WebActions - Exception: clickElement '
2022-Nov-04 03:11:14 AM [main] INFO  com.web.actions.WebActions - Exception Log: org.openqa.selenium.NoSuchElementException: no such element: Unable to locate element: {"method":"xpath","selector":"//a[@title='Filter By'][@class='filterBtn']"}
  (Session info: chrome=107.0.5304.88)
For documentation on this error, please visit: https://www.seleniumhq.org/exceptions/no_such_element.html
Build info: version: '3.141.59', revision: 'e82be7d358', time: '2018-11-14T08:17:03'
System info: host: 'POFWVDDEV-24', ip: '10.181.60.57', os.name: 'Windows 10', os.arch: 'amd64', os.version: '10.0', java.version: '1.8.0_321'
Driver info: org.openqa.selenium.chrome.ChromeDriver
Capabilities {acceptInsecureCerts: false, browserName: chrome, browserVersion: 107.0.5304.88, chrome: {chromedriverVersion: 106.0.5249.61 (511755355844..., userDataDir: C:\Users\KHAIRN~1\AppData\L...}, goog:chromeOptions: {debuggerAddress: localhost:49800}, javascriptEnabled: true, networkConnectionEnabled: false, pageLoadStrategy: normal, platform: WINDOWS, platformName: WINDOWS, proxy: Proxy(), setWindowRect: true, strictFileInteractability: false, timeouts: {implicit: 0, pageLoad: 300000, script: 30000}, unhandledPromptBehavior: dismiss and notify, webauthn:extension:credBlob: true, webauthn:extension:largeBlob: true, webauthn:virtualAuthenticators: true}
Session ID: 3d56804bf2c5e84c0ebdddfd0dd0044c
*** Element info: {Using=xpath, value=//a[@title='Filter By'][@class='filterBtn']}
2022-Nov-04 03:11:54 AM [main] INFO  com.web.actions.WebActions - Exception: clickElement '
2022-Nov-04 03:11:54 AM [main] INFO  com.web.actions.WebActions - Exception Log: org.openqa.selenium.NoSuchElementException: no such element: Unable to locate element: {"method":"xpath","selector":"//select[@id='Status']/..//div[@name='multiselectFormText']"}
  (Session info: chrome=107.0.5304.88)
For documentation on this error, please visit: https://www.seleniumhq.org/exceptions/no_such_element.html
Build info: version: '3.141.59', revision: 'e82be7d358', time: '2018-11-14T08:17:03'
System info: host: 'POFWVDDEV-24', ip: '10.181.60.57', os.name: 'Windows 10', os.arch: 'amd64', os.version: '10.0', java.version: '1.8.0_321'
Driver info: org.openqa.selenium.chrome.ChromeDriver
Capabilities {acceptInsecureCerts: false, browserName: chrome, browserVersion: 107.0.5304.88, chrome: {chromedriverVersion: 106.0.5249.61 (511755355844..., userDataDir: C:\Users\KHAIRN~1\AppData\L...}, goog:chromeOptions: {debuggerAddress: localhost:49800}, javascriptEnabled: true, networkConnectionEnabled: false, pageLoadStrategy: normal, platform: WINDOWS, platformName: WINDOWS, proxy: Proxy(), setWindowRect: true, strictFileInteractability: false, timeouts: {implicit: 0, pageLoad: 300000, script: 30000}, unhandledPromptBehavior: dismiss and notify, webauthn:extension:credBlob: true, webauthn:extension:largeBlob: true, webauthn:virtualAuthenticators: true}
Session ID: 3d56804bf2c5e84c0ebdddfd0dd0044c
*** Element info: {Using=xpath, value=//select[@id='Status']/..//div[@name='multiselectFormText']}
2022-Nov-04 03:12:34 AM [main] INFO  com.web.actions.WebActions - Exception: clickElement '
2022-Nov-04 03:12:34 AM [main] INFO  com.web.actions.WebActions - Exception Log: org.openqa.selenium.NoSuchElementException: no such element: Unable to locate element: {"method":"xpath","selector":"//select[@id='Status']/..//label[text()='Cancelled']/../input[@type='checkbox']"}
  (Session info: chrome=107.0.5304.88)
For documentation on this error, please visit: https://www.seleniumhq.org/exceptions/no_such_element.html
Build info: version: '3.141.59', revision: 'e82be7d358', time: '2018-11-14T08:17:03'
System info: host: 'POFWVDDEV-24', ip: '10.181.60.57', os.name: 'Windows 10', os.arch: 'amd64', os.version: '10.0', java.version: '1.8.0_321'
Driver info: org.openqa.selenium.chrome.ChromeDriver
Capabilities {acceptInsecureCerts: false, browserName: chrome, browserVersion: 107.0.5304.88, chrome: {chromedriverVersion: 106.0.5249.61 (511755355844..., userDataDir: C:\Users\KHAIRN~1\AppData\L...}, goog:chromeOptions: {debuggerAddress: localhost:49800}, javascriptEnabled: true, networkConnectionEnabled: false, pageLoadStrategy: normal, platform: WINDOWS, platformName: WINDOWS, proxy: Proxy(), setWindowRect: true, strictFileInteractability: false, timeouts: {implicit: 0, pageLoad: 300000, script: 30000}, unhandledPromptBehavior: dismiss and notify, webauthn:extension:credBlob: true, webauthn:extension:largeBlob: true, webauthn:virtualAuthenticators: true}
Session ID: 3d56804bf2c5e84c0ebdddfd0dd0044c
*** Element info: {Using=xpath, value=//select[@id='Status']/..//label[text()='Cancelled']/../input[@type='checkbox']}
2022-Nov-04 03:13:14 AM [main] INFO  com.web.actions.WebActions - Exception: clickElement '
2022-Nov-04 03:13:14 AM [main] INFO  com.web.actions.WebActions - Exception Log: org.openqa.selenium.NoSuchElementException: no such element: Unable to locate element: {"method":"css selector","selector":"#apply"}
  (Session info: chrome=107.0.5304.88)
For documentation on this error, please visit: https://www.seleniumhq.org/exceptions/no_such_element.html
Build info: version: '3.141.59', revision: 'e82be7d358', time: '2018-11-14T08:17:03'
System info: host: 'POFWVDDEV-24', ip: '10.181.60.57', os.name: 'Windows 10', os.arch: 'amd64', os.version: '10.0', java.version: '1.8.0_321'
Driver info: org.openqa.selenium.chrome.ChromeDriver
Capabilities {acceptInsecureCerts: false, browserName: chrome, browserVersion: 107.0.5304.88, chrome: {chromedriverVersion: 106.0.5249.61 (511755355844..., userDataDir: C:\Users\KHAIRN~1\AppData\L...}, goog:chromeOptions: {debuggerAddress: localhost:49800}, javascriptEnabled: true, networkConnectionEnabled: false, pageLoadStrategy: normal, platform: WINDOWS, platformName: WINDOWS, proxy: Proxy(), setWindowRect: true, strictFileInteractability: false, timeouts: {implicit: 0, pageLoad: 300000, script: 30000}, unhandledPromptBehavior: dismiss and notify, webauthn:extension:credBlob: true, webauthn:extension:largeBlob: true, webauthn:virtualAuthenticators: true}
Session ID: 3d56804bf2c5e84c0ebdddfd0dd0044c
*** Element info: {Using=id, value=apply}
2022-Nov-04 03:13:55 AM [main] INFO  com.web.actions.WebActions - Exception: clickElement '
2022-Nov-04 03:13:55 AM [main] INFO  com.web.actions.WebActions - Exception Log: org.openqa.selenium.NoSuchElementException: no such element: Unable to locate element: {"method":"xpath","selector":"//div[@id='panelFilter']//a[@class='close icon']"}
  (Session info: chrome=107.0.5304.88)
For documentation on this error, please visit: https://www.seleniumhq.org/exceptions/no_such_element.html
Build info: version: '3.141.59', revision: 'e82be7d358', time: '2018-11-14T08:17:03'
System info: host: 'POFWVDDEV-24', ip: '10.181.60.57', os.name: 'Windows 10', os.arch: 'amd64', os.version: '10.0', java.version: '1.8.0_321'
Driver info: org.openqa.selenium.chrome.ChromeDriver
Capabilities {acceptInsecureCerts: false, browserName: chrome, browserVersion: 107.0.5304.88, chrome: {chromedriverVersion: 106.0.5249.61 (511755355844..., userDataDir: C:\Users\KHAIRN~1\AppData\L...}, goog:chromeOptions: {debuggerAddress: localhost:49800}, javascriptEnabled: true, networkConnectionEnabled: false, pageLoadStrategy: normal, platform: WINDOWS, platformName: WINDOWS, proxy: Proxy(), setWindowRect: true, strictFileInteractability: false, timeouts: {implicit: 0, pageLoad: 300000, script: 30000}, unhandledPromptBehavior: dismiss and notify, webauthn:extension:credBlob: true, webauthn:extension:largeBlob: true, webauthn:virtualAuthenticators: true}
Session ID: 3d56804bf2c5e84c0ebdddfd0dd0044c
*** Element info: {Using=xpath, value=//div[@id='panelFilter']//a[@class='close icon']}
2022-Nov-04 03:14:55 AM [main] INFO  com.web.actions.WebActions - Exception: ClearText '
2022-Nov-04 03:14:55 AM [main] INFO  com.web.actions.WebActions - Exception Log: org.openqa.selenium.NoSuchElementException: no such element: Unable to locate element: {"method":"css selector","selector":"#QuickSearchInput"}
  (Session info: chrome=107.0.5304.88)
For documentation on this error, please visit: https://www.seleniumhq.org/exceptions/no_such_element.html
Build info: version: '3.141.59', revision: 'e82be7d358', time: '2018-11-14T08:17:03'
System info: host: 'POFWVDDEV-24', ip: '10.181.60.57', os.name: 'Windows 10', os.arch: 'amd64', os.version: '10.0', java.version: '1.8.0_321'
Driver info: org.openqa.selenium.chrome.ChromeDriver
Capabilities {acceptInsecureCerts: false, browserName: chrome, browserVersion: 107.0.5304.88, chrome: {chromedriverVersion: 106.0.5249.61 (511755355844..., userDataDir: C:\Users\KHAIRN~1\AppData\L...}, goog:chromeOptions: {debuggerAddress: localhost:49800}, javascriptEnabled: true, networkConnectionEnabled: false, pageLoadStrategy: normal, platform: WINDOWS, platformName: WINDOWS, proxy: Proxy(), setWindowRect: true, strictFileInteractability: false, timeouts: {implicit: 0, pageLoad: 300000, script: 30000}, unhandledPromptBehavior: dismiss and notify, webauthn:extension:credBlob: true, webauthn:extension:largeBlob: true, webauthn:virtualAuthenticators: true}
Session ID: 3d56804bf2c5e84c0ebdddfd0dd0044c
*** Element info: {Using=id, value=QuickSearchInput}
2022-Nov-04 03:15:35 AM [main] INFO  com.web.actions.WebActions - Exception: Write Text 'DO00040481' on 
2022-Nov-04 03:15:35 AM [main] INFO  com.web.actions.WebActions - Exception Log: org.openqa.selenium.NoSuchElementException: no such element: Unable to locate element: {"method":"css selector","selector":"#QuickSearchInput"}
  (Session info: chrome=107.0.5304.88)
For documentation on this error, please visit: https://www.seleniumhq.org/exceptions/no_such_element.html
Build info: version: '3.141.59', revision: 'e82be7d358', time: '2018-11-14T08:17:03'
System info: host: 'POFWVDDEV-24', ip: '10.181.60.57', os.name: 'Windows 10', os.arch: 'amd64', os.version: '10.0', java.version: '1.8.0_321'
Driver info: org.openqa.selenium.chrome.ChromeDriver
Capabilities {acceptInsecureCerts: false, browserName: chrome, browserVersion: 107.0.5304.88, chrome: {chromedriverVersion: 106.0.5249.61 (511755355844..., userDataDir: C:\Users\KHAIRN~1\AppData\L...}, goog:chromeOptions: {debuggerAddress: localhost:49800}, javascriptEnabled: true, networkConnectionEnabled: false, pageLoadStrategy: normal, platform: WINDOWS, platformName: WINDOWS, proxy: Proxy(), setWindowRect: true, strictFileInteractability: false, timeouts: {implicit: 0, pageLoad: 300000, script: 30000}, unhandledPromptBehavior: dismiss and notify, webauthn:extension:credBlob: true, webauthn:extension:largeBlob: true, webauthn:virtualAuthenticators: true}
Session ID: 3d56804bf2c5e84c0ebdddfd0dd0044c
*** Element info: {Using=id, value=QuickSearchInput}
2022-Nov-04 03:16:15 AM [main] INFO  com.web.actions.WebActions - Exception: Enter Key.
2022-Nov-04 03:16:15 AM [main] INFO  com.web.actions.WebActions - Exception Log: org.openqa.selenium.NoSuchElementException: no such element: Unable to locate element: {"method":"css selector","selector":"#QuickSearchInput"}
  (Session info: chrome=107.0.5304.88)
For documentation on this error, please visit: https://www.seleniumhq.org/exceptions/no_such_element.html
Build info: version: '3.141.59', revision: 'e82be7d358', time: '2018-11-14T08:17:03'
System info: host: 'POFWVDDEV-24', ip: '10.181.60.57', os.name: 'Windows 10', os.arch: 'amd64', os.version: '10.0', java.version: '1.8.0_321'
Driver info: org.openqa.selenium.chrome.ChromeDriver
Capabilities {acceptInsecureCerts: false, browserName: chrome, browserVersion: 107.0.5304.88, chrome: {chromedriverVersion: 106.0.5249.61 (511755355844..., userDataDir: C:\Users\KHAIRN~1\AppData\L...}, goog:chromeOptions: {debuggerAddress: localhost:49800}, javascriptEnabled: true, networkConnectionEnabled: false, pageLoadStrategy: normal, platform: WINDOWS, platformName: WINDOWS, proxy: Proxy(), setWindowRect: true, strictFileInteractability: false, timeouts: {implicit: 0, pageLoad: 300000, script: 30000}, unhandledPromptBehavior: dismiss and notify, webauthn:extension:credBlob: true, webauthn:extension:largeBlob: true, webauthn:virtualAuthenticators: true}
Session ID: 3d56804bf2c5e84c0ebdddfd0dd0044c
*** Element info: {Using=id, value=QuickSearchInput}
2022-Nov-04 03:16:18 AM [main] INFO  com.web.actions.WebBrowserActions - closes the currently opened browser session.
2022-Nov-04 03:16:22 AM [main] INFO  com.driver.DriverFactory - Instantiate ChromeDriver
2022-Nov-04 03:16:26 AM [main] INFO  com.web.actions.WebActions - Navigate to 'https://uk-sitecore-freight-tst-rg-323540-cd.azurewebsites.net/
2022-Nov-04 03:16:27 AM [main] INFO  com.web.actions.WebActions - Wait For Element To Be Clickable: --> xpath: //a[@href='#mobileMenu'][@class='menuMobile']]
2022-Nov-04 03:16:27 AM [main] INFO  com.web.actions.WebActions - Click on :--> xpath: //a[@href='#mobileMenu'][@class='menuMobile']]
2022-Nov-04 03:16:28 AM [main] INFO  com.web.actions.WebActions - Wait For Element To Be Clickable: --> link text: Book Now]
