2022-May-20 04:30:13 AM [main] INFO  com.driver.DriverFactory - Instantiate ChromeDriver
2022-May-20 04:30:44 AM [main] INFO  com.web.actions.WebActions - Navigate to 'https://uks-sitecore-freight-dev-r-317880-cd.azurewebsites.net/
2022-May-20 04:30:45 AM [main] INFO  com.web.actions.WebActions - Wait For Element To Be Clickable: --> link text: Book Now]
2022-May-20 04:30:47 AM [main] INFO  com.web.actions.WebActions - Click on :--> link text: Book Now]
2022-May-20 04:30:48 AM [main] INFO  com.web.actions.WebActions - Clear Text From : --> id: LoginEmail]
2022-May-20 04:30:48 AM [main] INFO  com.web.actions.WebActions - Write Text 'fcduser03' on --> id: LoginEmail]
2022-May-20 04:30:48 AM [main] INFO  com.web.actions.WebActions - Clear Text From : --> id: LoginPass]
2022-May-20 04:30:48 AM [main] INFO  com.web.actions.WebActions - Write Text 'Password01' on --> id: LoginPass]
2022-May-20 04:30:49 AM [main] INFO  com.web.actions.WebActions - Click on :--> id: LoginUserBtn]
2022-May-20 04:31:09 AM [main] INFO  com.web.actions.WebActions - Get All Object Size : 0 of By.xpath: //a[@class='closeAds']
2022-May-20 04:31:21 AM [main] INFO  com.web.actions.WebActions - Exception: clickElement '--> xpath: //a[@href='/CreditUserProfile']]
2022-May-20 04:31:21 AM [main] INFO  com.web.actions.WebActions - Exception Log: org.openqa.selenium.ElementClickInterceptedException: element click intercepted: Element <a href="/CreditUserProfile" title="Profile" class=" " style="color: red; background: SkyBlue; border: 2px solid red;">...</a> is not clickable at point (741, 149). Other element would receive the click: <div class="overlayPanel open" id="panelCompetetion">...</div>
  (Session info: chrome=101.0.4951.67)
Build info: version: '3.141.59', revision: 'e82be7d358', time: '2018-11-14T08:17:03'
System info: host: 'POFWVDDEV-24', ip: '10.181.60.57', os.name: 'Windows 10', os.arch: 'amd64', os.version: '10.0', java.version: '1.8.0_321'
Driver info: org.openqa.selenium.chrome.ChromeDriver
Capabilities {acceptInsecureCerts: false, browserName: chrome, browserVersion: 101.0.4951.67, chrome: {chromedriverVersion: 101.0.4951.41 (93c720db8323..., userDataDir: C:\Users\KHAIRN~1\AppData\L...}, goog:chromeOptions: {debuggerAddress: localhost:62918}, javascriptEnabled: true, networkConnectionEnabled: false, pageLoadStrategy: normal, platform: WINDOWS, platformName: WINDOWS, proxy: Proxy(), setWindowRect: true, strictFileInteractability: false, timeouts: {implicit: 0, pageLoad: 300000, script: 30000}, unhandledPromptBehavior: dismiss and notify, webauthn:extension:credBlob: true, webauthn:extension:largeBlob: true, webauthn:virtualAuthenticators: true}
Session ID: fa4f25bbaa528a96b8e51ed10d06fa72
2022-May-20 04:31:54 AM [main] INFO  com.web.actions.WebActions - Exception: clickElement '
2022-May-20 04:31:54 AM [main] INFO  com.web.actions.WebActions - Exception Log: org.openqa.selenium.NoSuchElementException: no such element: Unable to locate element: {"method":"xpath","selector":"//a[@href='/AddUserToAccount']"}
  (Session info: chrome=101.0.4951.67)
For documentation on this error, please visit: https://www.seleniumhq.org/exceptions/no_such_element.html
Build info: version: '3.141.59', revision: 'e82be7d358', time: '2018-11-14T08:17:03'
System info: host: 'POFWVDDEV-24', ip: '10.181.60.57', os.name: 'Windows 10', os.arch: 'amd64', os.version: '10.0', java.version: '1.8.0_321'
Driver info: org.openqa.selenium.chrome.ChromeDriver
Capabilities {acceptInsecureCerts: false, browserName: chrome, browserVersion: 101.0.4951.67, chrome: {chromedriverVersion: 101.0.4951.41 (93c720db8323..., userDataDir: C:\Users\KHAIRN~1\AppData\L...}, goog:chromeOptions: {debuggerAddress: localhost:62918}, javascriptEnabled: true, networkConnectionEnabled: false, pageLoadStrategy: normal, platform: WINDOWS, platformName: WINDOWS, proxy: Proxy(), setWindowRect: true, strictFileInteractability: false, timeouts: {implicit: 0, pageLoad: 300000, script: 30000}, unhandledPromptBehavior: dismiss and notify, webauthn:extension:credBlob: true, webauthn:extension:largeBlob: true, webauthn:virtualAuthenticators: true}
Session ID: fa4f25bbaa528a96b8e51ed10d06fa72
*** Element info: {Using=xpath, value=//a[@href='/AddUserToAccount']}
2022-May-20 04:32:38 AM [main] INFO  com.web.actions.WebActions - Exception: clickElement '
2022-May-20 04:32:38 AM [main] INFO  com.web.actions.WebActions - Exception Log: org.openqa.selenium.NoSuchElementException: no such element: Unable to locate element: {"method":"css selector","selector":"#apply"}
  (Session info: chrome=101.0.4951.67)
For documentation on this error, please visit: https://www.seleniumhq.org/exceptions/no_such_element.html
Build info: version: '3.141.59', revision: 'e82be7d358', time: '2018-11-14T08:17:03'
System info: host: 'POFWVDDEV-24', ip: '10.181.60.57', os.name: 'Windows 10', os.arch: 'amd64', os.version: '10.0', java.version: '1.8.0_321'
Driver info: org.openqa.selenium.chrome.ChromeDriver
Capabilities {acceptInsecureCerts: false, browserName: chrome, browserVersion: 101.0.4951.67, chrome: {chromedriverVersion: 101.0.4951.41 (93c720db8323..., userDataDir: C:\Users\KHAIRN~1\AppData\L...}, goog:chromeOptions: {debuggerAddress: localhost:62918}, javascriptEnabled: true, networkConnectionEnabled: false, pageLoadStrategy: normal, platform: WINDOWS, platformName: WINDOWS, proxy: Proxy(), setWindowRect: true, strictFileInteractability: false, timeouts: {implicit: 0, pageLoad: 300000, script: 30000}, unhandledPromptBehavior: dismiss and notify, webauthn:extension:credBlob: true, webauthn:extension:largeBlob: true, webauthn:virtualAuthenticators: true}
Session ID: fa4f25bbaa528a96b8e51ed10d06fa72
*** Element info: {Using=id, value=apply}
