2022-Oct-18 08:21:13 AM [main] INFO  com.driver.DriverFactory - Instantiate ChromeDriver
2022-Oct-18 08:21:17 AM [main] INFO  com.web.actions.WebActions - Navigate to 'https://uk-sitecore-freight-tst-rg-323540-cd.azurewebsites.net/
2022-Oct-18 08:21:18 AM [main] INFO  com.web.actions.WebActions - Wait For Element To Be Clickable: --> xpath: //a[@href='#mobileMenu'][@class='menuMobile']]
2022-Oct-18 08:21:18 AM [main] INFO  com.web.actions.WebActions - Click on :--> xpath: //a[@href='#mobileMenu'][@class='menuMobile']]
2022-Oct-18 08:21:18 AM [main] INFO  com.web.actions.WebActions - Wait For Element To Be Clickable: --> link text: Book Now]
2022-Oct-18 08:21:30 AM [main] INFO  com.web.actions.WebActions - Click on :
2022-Oct-18 08:21:41 AM [main] INFO  com.web.actions.WebActions - Clear Text From : --> id: LoginEmail]
2022-Oct-18 08:21:41 AM [main] INFO  com.web.actions.WebActions - Write Text 'SpcashTestGBP' on --> id: LoginEmail]
2022-Oct-18 08:21:41 AM [main] INFO  com.web.actions.WebActions - Clear Text From : --> id: LoginPass]
2022-Oct-18 08:21:41 AM [main] INFO  com.web.actions.WebActions - Write Text 'Password1' on --> id: LoginPass]
2022-Oct-18 08:21:41 AM [main] INFO  com.web.actions.WebActions - Click on :--> id: LoginUserBtn]
2022-Oct-18 08:21:54 AM [main] INFO  com.web.actions.WebActions - Wait For Element To Be Clickable: --> xpath: //a[@href='#mobileMenu'][@class='menuMobile']]
2022-Oct-18 08:21:54 AM [main] INFO  com.web.actions.WebActions - Click on :--> xpath: //a[@href='#mobileMenu'][@class='menuMobile']]
2022-Oct-18 08:22:24 AM [main] INFO  com.web.actions.WebActions - Exception: clickElement '
2022-Oct-18 08:22:24 AM [main] INFO  com.web.actions.WebActions - Exception Log: org.openqa.selenium.NoSuchElementException: no such element: Unable to locate element: {"method":"xpath","selector":"//a[@href='/ManageBookings']"}
  (Session info: chrome=106.0.5249.119)
For documentation on this error, please visit: https://www.seleniumhq.org/exceptions/no_such_element.html
Build info: version: '3.141.59', revision: 'e82be7d358', time: '2018-11-14T08:17:03'
System info: host: 'POFWVDDEV-24', ip: '10.181.60.57', os.name: 'Windows 10', os.arch: 'amd64', os.version: '10.0', java.version: '1.8.0_321'
Driver info: org.openqa.selenium.chrome.ChromeDriver
Capabilities {acceptInsecureCerts: false, browserName: chrome, browserVersion: 106.0.5249.119, chrome: {chromedriverVersion: 106.0.5249.61 (511755355844..., userDataDir: C:\Users\KHAIRN~1\AppData\L...}, goog:chromeOptions: {debuggerAddress: localhost:56446}, javascriptEnabled: true, networkConnectionEnabled: false, pageLoadStrategy: normal, platform: WINDOWS, platformName: WINDOWS, proxy: Proxy(), setWindowRect: true, strictFileInteractability: false, timeouts: {implicit: 0, pageLoad: 300000, script: 30000}, unhandledPromptBehavior: dismiss and notify, webauthn:extension:credBlob: true, webauthn:extension:largeBlob: true, webauthn:virtualAuthenticators: true}
Session ID: e231a9ee11b561013c015eb5a217d64b
*** Element info: {Using=xpath, value=//a[@href='/ManageBookings']}
2022-Oct-18 08:22:40 AM [main] INFO  com.web.actions.WebActions - Wait For Element To Be Clickable: --> xpath: //span[@class='text']]
2022-Oct-18 08:22:40 AM [main] INFO  com.web.actions.WebActions - Click on :--> xpath: //span[@class='text']]
2022-Oct-18 08:24:13 AM [main] INFO  com.web.actions.WebActions - Exception: waitForElementToBeClickable '
2022-Oct-18 08:24:13 AM [main] INFO  com.web.actions.WebActions - Exception Log: org.openqa.selenium.TimeoutException: Expected condition failed: waiting for element to be clickable: Proxy element for: DefaultElementLocator 'By.xpath: //select[@class='form-control is-valid']//option[@value='GB']' (tried for 60 second(s) with 500 milliseconds interval)
