2022-Jun-26 12:05:49 PM [main] INFO  com.driver.DriverFactory - Instantiate ChromeDriver
2022-Jun-26 12:05:53 PM [main] INFO  com.web.actions.WebActions - Navigate to 'https://uk-sitecore-freight-tst-rg-323540-cd.azurewebsites.net/
2022-Jun-26 12:05:53 PM [main] INFO  com.web.actions.WebActions - Wait For Element To Be Clickable: --> link text: Book Now]
2022-Jun-26 12:05:55 PM [main] INFO  com.web.actions.WebActions - Click on :--> link text: Book Now]
2022-Jun-26 12:05:56 PM [main] INFO  com.web.actions.WebActions - Clear Text From : --> id: LoginEmail]
2022-Jun-26 12:05:56 PM [main] INFO  com.web.actions.WebActions - Write Text 'fcduser03' on --> id: LoginEmail]
2022-Jun-26 12:05:56 PM [main] INFO  com.web.actions.WebActions - Clear Text From : --> id: LoginPass]
2022-Jun-26 12:05:56 PM [main] INFO  com.web.actions.WebActions - Write Text 'Password01' on --> id: LoginPass]
2022-Jun-26 12:05:56 PM [main] INFO  com.web.actions.WebActions - Click on :--> id: LoginUserBtn]
2022-Jun-26 12:05:59 PM [main] INFO  com.web.actions.WebActions - Get All Object Size : 1 of By.xpath: //a[@class='closeAds']
2022-Jun-26 12:06:09 PM [main] INFO  com.web.actions.WebActions - Click on :--> xpath: //a[@class='closeAds']]
2022-Jun-26 12:06:10 PM [main] INFO  com.web.actions.WebActions - Get All Object Size : 1 of By.xpath: //a[@class='closeAds']
2022-Jun-26 12:06:20 PM [main] INFO  com.web.actions.WebActions - Exception: clickElement '--> xpath: //a[@class='closeAds']]
2022-Jun-26 12:06:20 PM [main] INFO  com.web.actions.WebActions - Exception Log: org.openqa.selenium.ElementNotInteractableException: element not interactable
  (Session info: chrome=102.0.5005.115)
Build info: version: '3.141.59', revision: 'e82be7d358', time: '2018-11-14T08:17:03'
System info: host: 'POFWVDDEV-24', ip: '10.181.60.57', os.name: 'Windows 10', os.arch: 'amd64', os.version: '10.0', java.version: '1.8.0_321'
Driver info: org.openqa.selenium.chrome.ChromeDriver
Capabilities {acceptInsecureCerts: false, browserName: chrome, browserVersion: 102.0.5005.115, chrome: {chromedriverVersion: 102.0.5005.61 (0e59bcc00cc4..., userDataDir: C:\Users\KHAIRN~1\AppData\L...}, goog:chromeOptions: {debuggerAddress: localhost:57469}, javascriptEnabled: true, networkConnectionEnabled: false, pageLoadStrategy: normal, platform: WINDOWS, platformName: WINDOWS, proxy: Proxy(), setWindowRect: true, strictFileInteractability: false, timeouts: {implicit: 0, pageLoad: 300000, script: 30000}, unhandledPromptBehavior: dismiss and notify, webauthn:extension:credBlob: true, webauthn:extension:largeBlob: true, webauthn:virtualAuthenticators: true}
Session ID: 2c184aff3c19540a7c4759f11bccdd3e
2022-Jun-26 12:06:21 PM [main] INFO  com.web.actions.WebActions - Get All Object Size : 1 of By.xpath: //a[@class='closeAds']
2022-Jun-26 12:06:31 PM [main] INFO  com.web.actions.WebActions - Exception: clickElement '--> xpath: //a[@class='closeAds']]
2022-Jun-26 12:06:31 PM [main] INFO  com.web.actions.WebActions - Exception Log: org.openqa.selenium.ElementNotInteractableException: element not interactable
  (Session info: chrome=102.0.5005.115)
Build info: version: '3.141.59', revision: 'e82be7d358', time: '2018-11-14T08:17:03'
System info: host: 'POFWVDDEV-24', ip: '10.181.60.57', os.name: 'Windows 10', os.arch: 'amd64', os.version: '10.0', java.version: '1.8.0_321'
Driver info: org.openqa.selenium.chrome.ChromeDriver
Capabilities {acceptInsecureCerts: false, browserName: chrome, browserVersion: 102.0.5005.115, chrome: {chromedriverVersion: 102.0.5005.61 (0e59bcc00cc4..., userDataDir: C:\Users\KHAIRN~1\AppData\L...}, goog:chromeOptions: {debuggerAddress: localhost:57469}, javascriptEnabled: true, networkConnectionEnabled: false, pageLoadStrategy: normal, platform: WINDOWS, platformName: WINDOWS, proxy: Proxy(), setWindowRect: true, strictFileInteractability: false, timeouts: {implicit: 0, pageLoad: 300000, script: 30000}, unhandledPromptBehavior: dismiss and notify, webauthn:extension:credBlob: true, webauthn:extension:largeBlob: true, webauthn:virtualAuthenticators: true}
Session ID: 2c184aff3c19540a7c4759f11bccdd3e
2022-Jun-26 12:06:32 PM [main] INFO  com.web.actions.WebActions - Wait For Element To Be Clickable: --> xpath: //section//a[contains(@href,'CreateBookings')]]
2022-Jun-26 12:06:43 PM [main] INFO  com.web.actions.WebActions - Click on :
2022-Jun-26 12:06:54 PM [main] INFO  com.web.actions.WebActions - Click on :--> xpath: //select[@id='RouteFilter']]
2022-Jun-26 12:06:54 PM [main] INFO  com.web.actions.WebActions - Select By Visible Text : [Europoort to Hull], --> xpath: //select[@id='RouteFilter']]
2022-Jun-26 12:06:54 PM [main] INFO  com.web.actions.WebActions - Click on :--> id: generateFormButton]
2022-Jun-26 12:06:54 PM [main] INFO  com.web.actions.WebActions - Click on :--> id: UnitType_0]
2022-Jun-26 12:06:55 PM [main] INFO  com.web.actions.WebActions - Select By Visible Text : [Accompanied Vehicle( SDV )], --> id: UnitType_0]
2022-Jun-26 12:06:55 PM [main] INFO  com.web.actions.WebActions - Clear Text From : --> id: UnitID_0]
2022-Jun-26 12:06:55 PM [main] INFO  com.web.actions.WebActions - Write Text 'VXkFQ' on --> id: UnitID_0]
2022-Jun-26 12:06:55 PM [main] INFO  com.web.actions.WebActions - Clear Text From : --> id: JobReference_0]
2022-Jun-26 12:06:55 PM [main] INFO  com.web.actions.WebActions - Write Text 'wdwOo' on --> id: JobReference_0]
2022-Jun-26 12:06:56 PM [main] INFO  com.web.actions.WebActions - Clear Text From : --> id: JobDescription_0]
2022-Jun-26 12:06:56 PM [main] INFO  com.web.actions.WebActions - Write Text 'ZIJON' on --> id: JobDescription_0]
2022-Jun-26 12:06:56 PM [main] INFO  com.web.actions.WebActions - Verify Object Enabled : TRUE --> id: UnitLength_0]
2022-Jun-26 12:06:56 PM [main] INFO  com.web.actions.WebActions - Clear Text From : --> id: UnitLength_0]
2022-Jun-26 12:06:56 PM [main] INFO  com.web.actions.WebActions - Write Text '5' on --> id: UnitLength_0]
2022-Jun-26 12:06:57 PM [main] INFO  com.web.actions.WebActions - Verify Object Enabled : TRUE --> id: UnitWeight_0]
2022-Jun-26 12:06:57 PM [main] INFO  com.web.actions.WebActions - Clear Text From : --> id: UnitWeight_0]
2022-Jun-26 12:06:57 PM [main] INFO  com.web.actions.WebActions - Write Text '10' on --> id: UnitWeight_0]
2022-Jun-26 12:06:57 PM [main] INFO  com.web.actions.WebActions - Verify Object Exists : TRUE --> id: SelectDate_0]
2022-Jun-26 12:06:58 PM [main] INFO  com.web.actions.WebActions - Click on :--> id: SelectDate_0]
2022-Jun-26 12:07:08 PM [main] INFO  com.web.actions.WebActions - Click on :
2022-Jun-26 12:07:18 PM [main] INFO  com.web.actions.WebActions - Click on :--> xpath: //td[@data-handler='selectDay']/a[text()='1']]
2022-Jun-26 12:07:21 PM [main] INFO  com.web.actions.WebActions - Verify Object Exists : TRUE --> id: SelectSailing_0]
2022-Jun-26 12:07:21 PM [main] INFO  com.web.actions.WebActions - Click on :--> id: SelectSailing_0]
2022-Jun-26 12:07:32 PM [main] INFO  com.web.actions.WebActions - Exception: SelectByVisibleText: [], --> id: SelectSailing_0]
2022-Jun-26 12:07:32 PM [main] INFO  com.web.actions.WebActions - Exception Log: org.openqa.selenium.NoSuchElementException: Cannot locate element with text: 
For documentation on this error, please visit: https://www.seleniumhq.org/exceptions/no_such_element.html
Build info: version: '3.141.59', revision: 'e82be7d358', time: '2018-11-14T08:17:03'
System info: host: 'POFWVDDEV-24', ip: '10.181.60.57', os.name: 'Windows 10', os.arch: 'amd64', os.version: '10.0', java.version: '1.8.0_321'
Driver info: driver.version: unknown
2022-Jun-26 12:08:02 PM [main] INFO  com.web.actions.WebActions - Verify Object Exists : FALSE 
2022-Jun-26 12:08:42 PM [main] INFO  com.web.actions.WebActions - Verify Object Exists : FALSE 
2022-Jun-26 12:08:46 PM [main] INFO  com.web.actions.WebBrowserActions - closes the currently opened browser session.
