2022-May-18 12:01:06 PM [main] INFO  com.driver.DriverFactory - Instantiate ChromeDriver
2022-May-18 12:01:09 PM [main] INFO  com.web.actions.WebActions - Navigate to 'https://uks-sitecore-freight-dev-r-317880-cd.azurewebsites.net/
2022-May-18 12:01:09 PM [main] INFO  com.web.actions.WebActions - Wait For Element To Be Clickable: --> link text: Book Now]
2022-May-18 12:01:11 PM [main] INFO  com.web.actions.WebActions - Click on :--> link text: Book Now]
2022-May-18 12:01:11 PM [main] INFO  com.web.actions.WebActions - Clear Text From : --> id: LoginEmail]
2022-May-18 12:01:12 PM [main] INFO  com.web.actions.WebActions - Write Text 'fcduser03' on --> id: LoginEmail]
2022-May-18 12:01:12 PM [main] INFO  com.web.actions.WebActions - Clear Text From : --> id: LoginPass]
2022-May-18 12:01:12 PM [main] INFO  com.web.actions.WebActions - Write Text 'Password01' on --> id: LoginPass]
2022-May-18 12:01:12 PM [main] INFO  com.web.actions.WebActions - Click on :--> id: LoginUserBtn]
2022-May-18 12:01:14 PM [main] INFO  com.web.actions.WebActions - Get All Object Size : 1 of By.xpath: //a[@class='closeAds']
2022-May-18 12:01:24 PM [main] INFO  com.web.actions.WebActions - Click on :--> xpath: //a[@class='closeAds']]
2022-May-18 12:01:26 PM [main] INFO  com.web.actions.WebActions - Click on :--> xpath: //nav[@class='mouseDevice']//a[@href='/ManageBookings']]
2022-May-18 12:01:30 PM [main] INFO  com.web.actions.WebActions - Click on :--> xpath: //a[@title='Filter By'][@class='filterBtn']]
2022-May-18 12:01:31 PM [main] INFO  com.web.actions.WebActions - Click on :--> id: Route]
2022-May-18 12:01:41 PM [main] INFO  com.web.actions.WebActions - Exception: SelectByValue: Cairnryan to Larne, --> id: Route]
2022-May-18 12:01:41 PM [main] INFO  com.web.actions.WebActions - Exception Log: org.openqa.selenium.NoSuchElementException: Cannot locate option with value: Cairnryan to Larne
For documentation on this error, please visit: https://www.seleniumhq.org/exceptions/no_such_element.html
Build info: version: '3.141.59', revision: 'e82be7d358', time: '2018-11-14T08:17:03'
System info: host: 'POFWVDDEV-24', ip: '10.181.60.57', os.name: 'Windows 10', os.arch: 'amd64', os.version: '10.0', java.version: '1.8.0_321'
Driver info: driver.version: unknown
2022-May-18 12:01:42 PM [main] INFO  com.web.actions.WebActions - Click on :--> id: UnitType]
2022-May-18 12:01:43 PM [main] INFO  com.web.actions.WebActions - Dropdown Option : --> id: UnitType]
2022-May-18 12:01:43 PM [main] INFO  com.web.actions.WebActions - Click on :--> id: Route]
2022-May-18 12:01:53 PM [main] INFO  com.web.actions.WebActions - Exception: SelectByValue: Cairnryan to Larne, --> id: Route]
2022-May-18 12:01:53 PM [main] INFO  com.web.actions.WebActions - Exception Log: org.openqa.selenium.NoSuchElementException: Cannot locate option with value: Cairnryan to Larne
For documentation on this error, please visit: https://www.seleniumhq.org/exceptions/no_such_element.html
Build info: version: '3.141.59', revision: 'e82be7d358', time: '2018-11-14T08:17:03'
System info: host: 'POFWVDDEV-24', ip: '10.181.60.57', os.name: 'Windows 10', os.arch: 'amd64', os.version: '10.0', java.version: '1.8.0_321'
Driver info: driver.version: unknown
2022-May-18 12:01:54 PM [main] INFO  com.web.actions.WebActions - Click on :--> id: UnitType]
2022-May-18 12:01:55 PM [main] INFO  com.web.actions.WebActions - Dropdown Option : --> id: UnitType]
2022-May-18 12:01:55 PM [main] INFO  com.web.actions.WebActions - Click on :--> id: Route]
2022-May-18 12:02:05 PM [main] INFO  com.web.actions.WebActions - Exception: SelectByValue: Cairnryan to Larne, --> id: Route]
2022-May-18 12:02:05 PM [main] INFO  com.web.actions.WebActions - Exception Log: org.openqa.selenium.NoSuchElementException: Cannot locate option with value: Cairnryan to Larne
For documentation on this error, please visit: https://www.seleniumhq.org/exceptions/no_such_element.html
Build info: version: '3.141.59', revision: 'e82be7d358', time: '2018-11-14T08:17:03'
System info: host: 'POFWVDDEV-24', ip: '10.181.60.57', os.name: 'Windows 10', os.arch: 'amd64', os.version: '10.0', java.version: '1.8.0_321'
Driver info: driver.version: unknown
2022-May-18 12:02:06 PM [main] INFO  com.web.actions.WebActions - Click on :--> id: UnitType]
2022-May-18 12:02:06 PM [main] INFO  com.web.actions.WebActions - Dropdown Option : --> id: UnitType]
2022-May-18 12:02:07 PM [main] INFO  com.web.actions.WebActions - Click on :--> id: Route]
