2022-Oct-19 06:49:19 AM [main] INFO  com.driver.DriverFactory - Instantiate ChromeDriver
2022-Oct-19 06:49:23 AM [main] INFO  com.web.actions.WebActions - Navigate to 'https://uk-sitecore-freight-tst-rg-323540-cd.azurewebsites.net/
2022-Oct-19 06:49:23 AM [main] INFO  com.web.actions.WebActions - Wait For Element To Be Clickable: --> xpath: //a[@href='#mobileMenu'][@class='menuMobile']]
2022-Oct-19 06:49:23 AM [main] INFO  com.web.actions.WebActions - Click on :--> xpath: //a[@href='#mobileMenu'][@class='menuMobile']]
2022-Oct-19 06:49:24 AM [main] INFO  com.web.actions.WebActions - Wait For Element To Be Clickable: --> link text: Book Now]
2022-Oct-19 06:49:36 AM [main] INFO  com.web.actions.WebActions - Click on :
2022-Oct-19 06:49:46 AM [main] INFO  com.web.actions.WebActions - Clear Text From : --> id: LoginEmail]
2022-Oct-19 06:49:46 AM [main] INFO  com.web.actions.WebActions - Write Text 'Poftest002@gmail.com' on --> id: LoginEmail]
2022-Oct-19 06:49:47 AM [main] INFO  com.web.actions.WebActions - Clear Text From : --> id: LoginPass]
2022-Oct-19 06:49:47 AM [main] INFO  com.web.actions.WebActions - Write Text 'Test@123' on --> id: LoginPass]
2022-Oct-19 06:49:47 AM [main] INFO  com.web.actions.WebActions - Click on :--> id: LoginUserBtn]
2022-Oct-19 06:49:57 AM [main] INFO  com.web.actions.WebActions - Get All Object Size : 0 of By.xpath: //a[@class='closeAds']
2022-Oct-19 06:50:07 AM [main] INFO  com.web.actions.WebActions - Get All Object Size : 0 of By.xpath: //a[@class='closeAds']
2022-Oct-19 06:50:17 AM [main] INFO  com.web.actions.WebActions - Get All Object Size : 0 of By.xpath: //a[@class='closeAds']
2022-Oct-19 06:50:27 AM [main] INFO  com.web.actions.WebActions - Get All Object Size : 0 of By.xpath: //a[@class='closeAds']
2022-Oct-19 06:50:37 AM [main] INFO  com.web.actions.WebActions - Get All Object Size : 0 of By.xpath: //a[@class='closeAds']
2022-Oct-19 06:50:47 AM [main] INFO  com.web.actions.WebActions - Get All Object Size : 0 of By.xpath: //a[@class='closeAds']
2022-Oct-19 06:50:57 AM [main] INFO  com.web.actions.WebActions - Get All Object Size : 0 of By.xpath: //a[@class='closeAds']
2022-Oct-19 06:51:07 AM [main] INFO  com.web.actions.WebActions - Get All Object Size : 0 of By.xpath: //a[@class='closeAds']
2022-Oct-19 06:51:17 AM [main] INFO  com.web.actions.WebActions - Get All Object Size : 0 of By.xpath: //a[@class='closeAds']
2022-Oct-19 06:51:27 AM [main] INFO  com.web.actions.WebActions - Get All Object Size : 0 of By.xpath: //a[@class='closeAds']
2022-Oct-19 06:53:10 AM [main] INFO  com.web.actions.WebActions - Exception: waitForElementToBeVisibile '
2022-Oct-19 06:53:10 AM [main] INFO  com.web.actions.WebActions - Exception Log: org.openqa.selenium.TimeoutException: Expected condition failed: waiting for visibility of Proxy element for: DefaultElementLocator 'By.xpath: //a[@href='/Book Now'][@class=' ']' (tried for 60 second(s) with 500 milliseconds interval)
2022-Oct-19 06:53:51 AM [main] INFO  com.web.actions.WebActions - Exception: clickElement '
2022-Oct-19 06:53:51 AM [main] INFO  com.web.actions.WebActions - Exception Log: org.openqa.selenium.NoSuchElementException: no such element: Unable to locate element: {"method":"xpath","selector":"//a[@href='/Book Now'][@class=' ']"}
  (Session info: chrome=106.0.5249.119)
For documentation on this error, please visit: https://www.seleniumhq.org/exceptions/no_such_element.html
Build info: version: '3.141.59', revision: 'e82be7d358', time: '2018-11-14T08:17:03'
System info: host: 'POFWVDDEV-24', ip: '10.181.60.57', os.name: 'Windows 10', os.arch: 'amd64', os.version: '10.0', java.version: '1.8.0_321'
Driver info: org.openqa.selenium.chrome.ChromeDriver
Capabilities {acceptInsecureCerts: false, browserName: chrome, browserVersion: 106.0.5249.119, chrome: {chromedriverVersion: 106.0.5249.61 (511755355844..., userDataDir: C:\Users\KHAIRN~1\AppData\L...}, goog:chromeOptions: {debuggerAddress: localhost:53232}, javascriptEnabled: true, networkConnectionEnabled: false, pageLoadStrategy: normal, platform: WINDOWS, platformName: WINDOWS, proxy: Proxy(), setWindowRect: true, strictFileInteractability: false, timeouts: {implicit: 0, pageLoad: 300000, script: 30000}, unhandledPromptBehavior: dismiss and notify, webauthn:extension:credBlob: true, webauthn:extension:largeBlob: true, webauthn:virtualAuthenticators: true}
Session ID: 866cf034993559aa794c6549efe35d5d
*** Element info: {Using=xpath, value=//a[@href='/Book Now'][@class=' ']}
2022-Oct-19 06:54:01 AM [main] INFO  com.web.actions.WebActions - Click on :--> id: route]
2022-Oct-19 06:54:01 AM [main] INFO  com.web.actions.WebActions - Click on :--> xpath: //select[@id='route']//option[@value='DVR-CQF']]
2022-Oct-19 06:54:32 AM [main] INFO  com.web.actions.WebActions - Exception: clickElement '
2022-Oct-19 06:54:32 AM [main] INFO  com.web.actions.WebActions - Exception Log: org.openqa.selenium.NoSuchElementException: no such element: Unable to locate element: {"method":"css selector","selector":"#passengerAdults"}
  (Session info: chrome=106.0.5249.119)
For documentation on this error, please visit: https://www.seleniumhq.org/exceptions/no_such_element.html
Build info: version: '3.141.59', revision: 'e82be7d358', time: '2018-11-14T08:17:03'
System info: host: 'POFWVDDEV-24', ip: '10.181.60.57', os.name: 'Windows 10', os.arch: 'amd64', os.version: '10.0', java.version: '1.8.0_321'
Driver info: org.openqa.selenium.chrome.ChromeDriver
Capabilities {acceptInsecureCerts: false, browserName: chrome, browserVersion: 106.0.5249.119, chrome: {chromedriverVersion: 106.0.5249.61 (511755355844..., userDataDir: C:\Users\KHAIRN~1\AppData\L...}, goog:chromeOptions: {debuggerAddress: localhost:53232}, javascriptEnabled: true, networkConnectionEnabled: false, pageLoadStrategy: normal, platform: WINDOWS, platformName: WINDOWS, proxy: Proxy(), setWindowRect: true, strictFileInteractability: false, timeouts: {implicit: 0, pageLoad: 300000, script: 30000}, unhandledPromptBehavior: dismiss and notify, webauthn:extension:credBlob: true, webauthn:extension:largeBlob: true, webauthn:virtualAuthenticators: true}
Session ID: 866cf034993559aa794c6549efe35d5d
*** Element info: {Using=id, value=passengerAdults}
2022-Oct-19 06:55:12 AM [main] INFO  com.web.actions.WebActions - Exception: clickElement '
2022-Oct-19 06:55:12 AM [main] INFO  com.web.actions.WebActions - Exception Log: org.openqa.selenium.NoSuchElementException: no such element: Unable to locate element: {"method":"xpath","selector":"//select[@id='passengerAdults']//option[@value='2']"}
  (Session info: chrome=106.0.5249.119)
For documentation on this error, please visit: https://www.seleniumhq.org/exceptions/no_such_element.html
Build info: version: '3.141.59', revision: 'e82be7d358', time: '2018-11-14T08:17:03'
System info: host: 'POFWVDDEV-24', ip: '10.181.60.57', os.name: 'Windows 10', os.arch: 'amd64', os.version: '10.0', java.version: '1.8.0_321'
Driver info: org.openqa.selenium.chrome.ChromeDriver
Capabilities {acceptInsecureCerts: false, browserName: chrome, browserVersion: 106.0.5249.119, chrome: {chromedriverVersion: 106.0.5249.61 (511755355844..., userDataDir: C:\Users\KHAIRN~1\AppData\L...}, goog:chromeOptions: {debuggerAddress: localhost:53232}, javascriptEnabled: true, networkConnectionEnabled: false, pageLoadStrategy: normal, platform: WINDOWS, platformName: WINDOWS, proxy: Proxy(), setWindowRect: true, strictFileInteractability: false, timeouts: {implicit: 0, pageLoad: 300000, script: 30000}, unhandledPromptBehavior: dismiss and notify, webauthn:extension:credBlob: true, webauthn:extension:largeBlob: true, webauthn:virtualAuthenticators: true}
Session ID: 866cf034993559aa794c6549efe35d5d
*** Element info: {Using=xpath, value=//select[@id='passengerAdults']//option[@value='2']}
2022-Oct-19 06:55:52 AM [main] INFO  com.web.actions.WebActions - Exception: clickElement '
2022-Oct-19 06:55:52 AM [main] INFO  com.web.actions.WebActions - Exception Log: org.openqa.selenium.NoSuchElementException: no such element: Unable to locate element: {"method":"css selector","selector":"#StepOneContinue"}
  (Session info: chrome=106.0.5249.119)
For documentation on this error, please visit: https://www.seleniumhq.org/exceptions/no_such_element.html
Build info: version: '3.141.59', revision: 'e82be7d358', time: '2018-11-14T08:17:03'
System info: host: 'POFWVDDEV-24', ip: '10.181.60.57', os.name: 'Windows 10', os.arch: 'amd64', os.version: '10.0', java.version: '1.8.0_321'
Driver info: org.openqa.selenium.chrome.ChromeDriver
Capabilities {acceptInsecureCerts: false, browserName: chrome, browserVersion: 106.0.5249.119, chrome: {chromedriverVersion: 106.0.5249.61 (511755355844..., userDataDir: C:\Users\KHAIRN~1\AppData\L...}, goog:chromeOptions: {debuggerAddress: localhost:53232}, javascriptEnabled: true, networkConnectionEnabled: false, pageLoadStrategy: normal, platform: WINDOWS, platformName: WINDOWS, proxy: Proxy(), setWindowRect: true, strictFileInteractability: false, timeouts: {implicit: 0, pageLoad: 300000, script: 30000}, unhandledPromptBehavior: dismiss and notify, webauthn:extension:credBlob: true, webauthn:extension:largeBlob: true, webauthn:virtualAuthenticators: true}
Session ID: 866cf034993559aa794c6549efe35d5d
*** Element info: {Using=id, value=StepOneContinue}
2022-Oct-19 06:57:35 AM [main] INFO  com.web.actions.WebActions - Exception: waitForElementToBeVisibile '
2022-Oct-19 06:57:35 AM [main] INFO  com.web.actions.WebActions - Exception Log: org.openqa.selenium.TimeoutException: Expected condition failed: waiting for visibility of Proxy element for: DefaultElementLocator 'By.id: vehicleNumber' (tried for 60 second(s) with 500 milliseconds interval)
2022-Oct-19 06:58:36 AM [main] INFO  com.web.actions.WebActions - Exception: ClearText '
2022-Oct-19 06:58:36 AM [main] INFO  com.web.actions.WebActions - Exception Log: org.openqa.selenium.NoSuchElementException: no such element: Unable to locate element: {"method":"css selector","selector":"#vehicleNumber"}
  (Session info: chrome=106.0.5249.119)
For documentation on this error, please visit: https://www.seleniumhq.org/exceptions/no_such_element.html
Build info: version: '3.141.59', revision: 'e82be7d358', time: '2018-11-14T08:17:03'
System info: host: 'POFWVDDEV-24', ip: '10.181.60.57', os.name: 'Windows 10', os.arch: 'amd64', os.version: '10.0', java.version: '1.8.0_321'
Driver info: org.openqa.selenium.chrome.ChromeDriver
Capabilities {acceptInsecureCerts: false, browserName: chrome, browserVersion: 106.0.5249.119, chrome: {chromedriverVersion: 106.0.5249.61 (511755355844..., userDataDir: C:\Users\KHAIRN~1\AppData\L...}, goog:chromeOptions: {debuggerAddress: localhost:53232}, javascriptEnabled: true, networkConnectionEnabled: false, pageLoadStrategy: normal, platform: WINDOWS, platformName: WINDOWS, proxy: Proxy(), setWindowRect: true, strictFileInteractability: false, timeouts: {implicit: 0, pageLoad: 300000, script: 30000}, unhandledPromptBehavior: dismiss and notify, webauthn:extension:credBlob: true, webauthn:extension:largeBlob: true, webauthn:virtualAuthenticators: true}
Session ID: 866cf034993559aa794c6549efe35d5d
*** Element info: {Using=id, value=vehicleNumber}
2022-Oct-19 06:59:16 AM [main] INFO  com.web.actions.WebActions - Exception: Write Text '1234' on 
2022-Oct-19 06:59:16 AM [main] INFO  com.web.actions.WebActions - Exception Log: org.openqa.selenium.NoSuchElementException: no such element: Unable to locate element: {"method":"css selector","selector":"#vehicleNumber"}
  (Session info: chrome=106.0.5249.119)
For documentation on this error, please visit: https://www.seleniumhq.org/exceptions/no_such_element.html
Build info: version: '3.141.59', revision: 'e82be7d358', time: '2018-11-14T08:17:03'
System info: host: 'POFWVDDEV-24', ip: '10.181.60.57', os.name: 'Windows 10', os.arch: 'amd64', os.version: '10.0', java.version: '1.8.0_321'
Driver info: org.openqa.selenium.chrome.ChromeDriver
Capabilities {acceptInsecureCerts: false, browserName: chrome, browserVersion: 106.0.5249.119, chrome: {chromedriverVersion: 106.0.5249.61 (511755355844..., userDataDir: C:\Users\KHAIRN~1\AppData\L...}, goog:chromeOptions: {debuggerAddress: localhost:53232}, javascriptEnabled: true, networkConnectionEnabled: false, pageLoadStrategy: normal, platform: WINDOWS, platformName: WINDOWS, proxy: Proxy(), setWindowRect: true, strictFileInteractability: false, timeouts: {implicit: 0, pageLoad: 300000, script: 30000}, unhandledPromptBehavior: dismiss and notify, webauthn:extension:credBlob: true, webauthn:extension:largeBlob: true, webauthn:virtualAuthenticators: true}
Session ID: 866cf034993559aa794c6549efe35d5d
*** Element info: {Using=id, value=vehicleNumber}
2022-Oct-19 07:00:16 AM [main] INFO  com.web.actions.WebActions - Exception: ClearText '
2022-Oct-19 07:00:16 AM [main] INFO  com.web.actions.WebActions - Exception Log: org.openqa.selenium.NoSuchElementException: no such element: Unable to locate element: {"method":"css selector","selector":"#vehicleLength"}
  (Session info: chrome=106.0.5249.119)
For documentation on this error, please visit: https://www.seleniumhq.org/exceptions/no_such_element.html
Build info: version: '3.141.59', revision: 'e82be7d358', time: '2018-11-14T08:17:03'
System info: host: 'POFWVDDEV-24', ip: '10.181.60.57', os.name: 'Windows 10', os.arch: 'amd64', os.version: '10.0', java.version: '1.8.0_321'
Driver info: org.openqa.selenium.chrome.ChromeDriver
Capabilities {acceptInsecureCerts: false, browserName: chrome, browserVersion: 106.0.5249.119, chrome: {chromedriverVersion: 106.0.5249.61 (511755355844..., userDataDir: C:\Users\KHAIRN~1\AppData\L...}, goog:chromeOptions: {debuggerAddress: localhost:53232}, javascriptEnabled: true, networkConnectionEnabled: false, pageLoadStrategy: normal, platform: WINDOWS, platformName: WINDOWS, proxy: Proxy(), setWindowRect: true, strictFileInteractability: false, timeouts: {implicit: 0, pageLoad: 300000, script: 30000}, unhandledPromptBehavior: dismiss and notify, webauthn:extension:credBlob: true, webauthn:extension:largeBlob: true, webauthn:virtualAuthenticators: true}
Session ID: 866cf034993559aa794c6549efe35d5d
*** Element info: {Using=id, value=vehicleLength}
2022-Oct-19 07:00:56 AM [main] INFO  com.web.actions.WebActions - Exception: Write Text '5' on 
2022-Oct-19 07:00:56 AM [main] INFO  com.web.actions.WebActions - Exception Log: org.openqa.selenium.NoSuchElementException: no such element: Unable to locate element: {"method":"css selector","selector":"#vehicleLength"}
  (Session info: chrome=106.0.5249.119)
For documentation on this error, please visit: https://www.seleniumhq.org/exceptions/no_such_element.html
Build info: version: '3.141.59', revision: 'e82be7d358', time: '2018-11-14T08:17:03'
System info: host: 'POFWVDDEV-24', ip: '10.181.60.57', os.name: 'Windows 10', os.arch: 'amd64', os.version: '10.0', java.version: '1.8.0_321'
Driver info: org.openqa.selenium.chrome.ChromeDriver
Capabilities {acceptInsecureCerts: false, browserName: chrome, browserVersion: 106.0.5249.119, chrome: {chromedriverVersion: 106.0.5249.61 (511755355844..., userDataDir: C:\Users\KHAIRN~1\AppData\L...}, goog:chromeOptions: {debuggerAddress: localhost:53232}, javascriptEnabled: true, networkConnectionEnabled: false, pageLoadStrategy: normal, platform: WINDOWS, platformName: WINDOWS, proxy: Proxy(), setWindowRect: true, strictFileInteractability: false, timeouts: {implicit: 0, pageLoad: 300000, script: 30000}, unhandledPromptBehavior: dismiss and notify, webauthn:extension:credBlob: true, webauthn:extension:largeBlob: true, webauthn:virtualAuthenticators: true}
Session ID: 866cf034993559aa794c6549efe35d5d
*** Element info: {Using=id, value=vehicleLength}
2022-Oct-19 07:01:37 AM [main] INFO  com.web.actions.WebActions - Exception: clickElement '
2022-Oct-19 07:01:37 AM [main] INFO  com.web.actions.WebActions - Exception Log: org.openqa.selenium.NoSuchElementException: no such element: Unable to locate element: {"method":"css selector","selector":"#StepTwoContinue"}
  (Session info: chrome=106.0.5249.119)
For documentation on this error, please visit: https://www.seleniumhq.org/exceptions/no_such_element.html
Build info: version: '3.141.59', revision: 'e82be7d358', time: '2018-11-14T08:17:03'
System info: host: 'POFWVDDEV-24', ip: '10.181.60.57', os.name: 'Windows 10', os.arch: 'amd64', os.version: '10.0', java.version: '1.8.0_321'
Driver info: org.openqa.selenium.chrome.ChromeDriver
Capabilities {acceptInsecureCerts: false, browserName: chrome, browserVersion: 106.0.5249.119, chrome: {chromedriverVersion: 106.0.5249.61 (511755355844..., userDataDir: C:\Users\KHAIRN~1\AppData\L...}, goog:chromeOptions: {debuggerAddress: localhost:53232}, javascriptEnabled: true, networkConnectionEnabled: false, pageLoadStrategy: normal, platform: WINDOWS, platformName: WINDOWS, proxy: Proxy(), setWindowRect: true, strictFileInteractability: false, timeouts: {implicit: 0, pageLoad: 300000, script: 30000}, unhandledPromptBehavior: dismiss and notify, webauthn:extension:credBlob: true, webauthn:extension:largeBlob: true, webauthn:virtualAuthenticators: true}
Session ID: 866cf034993559aa794c6549efe35d5d
*** Element info: {Using=id, value=StepTwoContinue}
2022-Oct-19 07:02:23 AM [main] INFO  com.web.actions.WebActions - Exception: getObjectText '
2022-Oct-19 07:02:23 AM [main] INFO  com.web.actions.WebActions - Exception Log: org.openqa.selenium.NoSuchElementException: no such element: Unable to locate element: {"method":"css selector","selector":"#rev\-vehUnitId"}
  (Session info: chrome=106.0.5249.119)
For documentation on this error, please visit: https://www.seleniumhq.org/exceptions/no_such_element.html
Build info: version: '3.141.59', revision: 'e82be7d358', time: '2018-11-14T08:17:03'
System info: host: 'POFWVDDEV-24', ip: '10.181.60.57', os.name: 'Windows 10', os.arch: 'amd64', os.version: '10.0', java.version: '1.8.0_321'
Driver info: org.openqa.selenium.chrome.ChromeDriver
Capabilities {acceptInsecureCerts: false, browserName: chrome, browserVersion: 106.0.5249.119, chrome: {chromedriverVersion: 106.0.5249.61 (511755355844..., userDataDir: C:\Users\KHAIRN~1\AppData\L...}, goog:chromeOptions: {debuggerAddress: localhost:53232}, javascriptEnabled: true, networkConnectionEnabled: false, pageLoadStrategy: normal, platform: WINDOWS, platformName: WINDOWS, proxy: Proxy(), setWindowRect: true, strictFileInteractability: false, timeouts: {implicit: 0, pageLoad: 300000, script: 30000}, unhandledPromptBehavior: dismiss and notify, webauthn:extension:credBlob: true, webauthn:extension:largeBlob: true, webauthn:virtualAuthenticators: true}
Session ID: 866cf034993559aa794c6549efe35d5d
*** Element info: {Using=id, value=rev-vehUnitId}
2022-Oct-19 07:03:03 AM [main] INFO  com.web.actions.WebActions - Exception: getObjectText '
2022-Oct-19 07:03:03 AM [main] INFO  com.web.actions.WebActions - Exception Log: org.openqa.selenium.NoSuchElementException: no such element: Unable to locate element: {"method":"css selector","selector":"#rev\-vehLength"}
  (Session info: chrome=106.0.5249.119)
For documentation on this error, please visit: https://www.seleniumhq.org/exceptions/no_such_element.html
Build info: version: '3.141.59', revision: 'e82be7d358', time: '2018-11-14T08:17:03'
System info: host: 'POFWVDDEV-24', ip: '10.181.60.57', os.name: 'Windows 10', os.arch: 'amd64', os.version: '10.0', java.version: '1.8.0_321'
Driver info: org.openqa.selenium.chrome.ChromeDriver
Capabilities {acceptInsecureCerts: false, browserName: chrome, browserVersion: 106.0.5249.119, chrome: {chromedriverVersion: 106.0.5249.61 (511755355844..., userDataDir: C:\Users\KHAIRN~1\AppData\L...}, goog:chromeOptions: {debuggerAddress: localhost:53232}, javascriptEnabled: true, networkConnectionEnabled: false, pageLoadStrategy: normal, platform: WINDOWS, platformName: WINDOWS, proxy: Proxy(), setWindowRect: true, strictFileInteractability: false, timeouts: {implicit: 0, pageLoad: 300000, script: 30000}, unhandledPromptBehavior: dismiss and notify, webauthn:extension:credBlob: true, webauthn:extension:largeBlob: true, webauthn:virtualAuthenticators: true}
Session ID: 866cf034993559aa794c6549efe35d5d
*** Element info: {Using=id, value=rev-vehLength}
2022-Oct-19 07:03:43 AM [main] INFO  com.web.actions.WebActions - Exception: getObjectText '
2022-Oct-19 07:03:43 AM [main] INFO  com.web.actions.WebActions - Exception Log: org.openqa.selenium.NoSuchElementException: no such element: Unable to locate element: {"method":"css selector","selector":"#rev\-vehHeight"}
  (Session info: chrome=106.0.5249.119)
For documentation on this error, please visit: https://www.seleniumhq.org/exceptions/no_such_element.html
Build info: version: '3.141.59', revision: 'e82be7d358', time: '2018-11-14T08:17:03'
System info: host: 'POFWVDDEV-24', ip: '10.181.60.57', os.name: 'Windows 10', os.arch: 'amd64', os.version: '10.0', java.version: '1.8.0_321'
Driver info: org.openqa.selenium.chrome.ChromeDriver
Capabilities {acceptInsecureCerts: false, browserName: chrome, browserVersion: 106.0.5249.119, chrome: {chromedriverVersion: 106.0.5249.61 (511755355844..., userDataDir: C:\Users\KHAIRN~1\AppData\L...}, goog:chromeOptions: {debuggerAddress: localhost:53232}, javascriptEnabled: true, networkConnectionEnabled: false, pageLoadStrategy: normal, platform: WINDOWS, platformName: WINDOWS, proxy: Proxy(), setWindowRect: true, strictFileInteractability: false, timeouts: {implicit: 0, pageLoad: 300000, script: 30000}, unhandledPromptBehavior: dismiss and notify, webauthn:extension:credBlob: true, webauthn:extension:largeBlob: true, webauthn:virtualAuthenticators: true}
Session ID: 866cf034993559aa794c6549efe35d5d
*** Element info: {Using=id, value=rev-vehHeight}
2022-Oct-19 07:04:24 AM [main] INFO  com.web.actions.WebActions - Exception: getObjectText '
2022-Oct-19 07:04:24 AM [main] INFO  com.web.actions.WebActions - Exception Log: org.openqa.selenium.NoSuchElementException: no such element: Unable to locate element: {"method":"css selector","selector":"#rev\-vehWidth"}
  (Session info: chrome=106.0.5249.119)
For documentation on this error, please visit: https://www.seleniumhq.org/exceptions/no_such_element.html
Build info: version: '3.141.59', revision: 'e82be7d358', time: '2018-11-14T08:17:03'
System info: host: 'POFWVDDEV-24', ip: '10.181.60.57', os.name: 'Windows 10', os.arch: 'amd64', os.version: '10.0', java.version: '1.8.0_321'
Driver info: org.openqa.selenium.chrome.ChromeDriver
Capabilities {acceptInsecureCerts: false, browserName: chrome, browserVersion: 106.0.5249.119, chrome: {chromedriverVersion: 106.0.5249.61 (511755355844..., userDataDir: C:\Users\KHAIRN~1\AppData\L...}, goog:chromeOptions: {debuggerAddress: localhost:53232}, javascriptEnabled: true, networkConnectionEnabled: false, pageLoadStrategy: normal, platform: WINDOWS, platformName: WINDOWS, proxy: Proxy(), setWindowRect: true, strictFileInteractability: false, timeouts: {implicit: 0, pageLoad: 300000, script: 30000}, unhandledPromptBehavior: dismiss and notify, webauthn:extension:credBlob: true, webauthn:extension:largeBlob: true, webauthn:virtualAuthenticators: true}
Session ID: 866cf034993559aa794c6549efe35d5d
*** Element info: {Using=id, value=rev-vehWidth}
