2022-Oct-28 07:51:45 AM [main] INFO  com.driver.DriverFactory - Instantiate ChromeDriver
2022-Oct-28 07:51:51 AM [main] INFO  com.web.actions.WebActions - Navigate to 'https://uk-sitecore-freight-tst-rg-323540-cd.azurewebsites.net/
2022-Oct-28 07:51:51 AM [main] INFO  com.web.actions.WebActions - Wait For Element To Be Clickable: --> xpath: //a[@href='#mobileMenu'][@class='menuMobile']]
2022-Oct-28 07:51:51 AM [main] INFO  com.web.actions.WebActions - Click on :--> xpath: //a[@href='#mobileMenu'][@class='menuMobile']]
2022-Oct-28 07:51:52 AM [main] INFO  com.web.actions.WebActions - Wait For Element To Be Clickable: --> link text: Book Now]
2022-Oct-28 07:52:04 AM [main] INFO  com.web.actions.WebActions - Click on :
2022-Oct-28 07:52:14 AM [main] INFO  com.web.actions.WebActions - Clear Text From : --> id: LoginEmail]
2022-Oct-28 07:52:14 AM [main] INFO  com.web.actions.WebActions - Write Text 'fcduser03' on --> id: LoginEmail]
2022-Oct-28 07:52:15 AM [main] INFO  com.web.actions.WebActions - Clear Text From : --> id: LoginPass]
2022-Oct-28 07:52:15 AM [main] INFO  com.web.actions.WebActions - Write Text 'Password01' on --> id: LoginPass]
2022-Oct-28 07:52:15 AM [main] INFO  com.web.actions.WebActions - Click on :--> id: LoginUserBtn]
2022-Oct-28 07:52:18 AM [main] INFO  com.web.actions.WebActions - Get All Object Size : 1 of By.xpath: //a[@class='closeAds']
2022-Oct-28 07:52:28 AM [main] INFO  com.web.actions.WebActions - Click on :--> xpath: //a[@class='closeAds']]
2022-Oct-28 07:52:29 AM [main] INFO  com.web.actions.WebActions - Wait For Element To Be Clickable: --> xpath: //section//a[contains(@href,'CreateBookings')]]
2022-Oct-28 07:52:41 AM [main] INFO  com.web.actions.WebActions - Click on :
2022-Oct-28 07:52:51 AM [main] INFO  com.web.actions.WebActions - Click on :--> xpath: //select[@id='RouteFilter']]
2022-Oct-28 07:52:51 AM [main] INFO  com.web.actions.WebActions - Select By Visible Text : [Hull to Zeebrugge], --> xpath: //select[@id='RouteFilter']]
2022-Oct-28 07:52:51 AM [main] INFO  com.web.actions.WebActions - Click on :--> id: generateFormButton]
2022-Oct-28 07:52:52 AM [main] INFO  com.web.actions.WebActions - Click on :--> id: UnitType_0]
2022-Oct-28 07:52:52 AM [main] INFO  com.web.actions.WebActions - Select By Visible Text : [Lolo Container( LCT )], --> id: UnitType_0]
2022-Oct-28 07:52:52 AM [main] INFO  com.web.actions.WebActions - Verify Object Exists : TRUE --> id: GMRSDVMessageText_0]
2022-Oct-28 07:52:52 AM [main] INFO  com.web.actions.WebActions - Clear Text From : --> id: UnitID_0]
2022-Oct-28 07:52:52 AM [main] INFO  com.web.actions.WebActions - Write Text 'QIIMj' on --> id: UnitID_0]
2022-Oct-28 07:52:53 AM [main] INFO  com.web.actions.WebActions - Clear Text From : --> id: JobReference_0]
2022-Oct-28 07:52:53 AM [main] INFO  com.web.actions.WebActions - Write Text 'SFSJn' on --> id: JobReference_0]
2022-Oct-28 07:52:53 AM [main] INFO  com.web.actions.WebActions - Clear Text From : --> id: JobDescription_0]
2022-Oct-28 07:52:53 AM [main] INFO  com.web.actions.WebActions - Write Text 'FtWtT' on --> id: JobDescription_0]
2022-Oct-28 07:52:54 AM [main] INFO  com.web.actions.WebActions - Verify Object Enabled : TRUE --> id: UnitLength_0]
2022-Oct-28 07:52:54 AM [main] INFO  com.web.actions.WebActions - Clear Text From : --> id: UnitLength_0]
2022-Oct-28 07:52:54 AM [main] INFO  com.web.actions.WebActions - Write Text '5' on --> id: UnitLength_0]
2022-Oct-28 07:52:54 AM [main] INFO  com.web.actions.WebActions - Verify Object Enabled : TRUE --> id: UnitWeight_0]
2022-Oct-28 07:52:54 AM [main] INFO  com.web.actions.WebActions - Clear Text From : --> id: UnitWeight_0]
2022-Oct-28 07:52:55 AM [main] INFO  com.web.actions.WebActions - Write Text '10' on --> id: UnitWeight_0]
2022-Oct-28 07:52:55 AM [main] INFO  com.web.actions.WebActions - Verify Object Exists : TRUE --> id: SelectDate_0]
2022-Oct-28 07:52:55 AM [main] INFO  com.web.actions.WebActions - Click on :--> id: SelectDate_0]
2022-Oct-28 07:53:05 AM [main] INFO  com.web.actions.WebActions - Click on :
2022-Oct-28 07:53:15 AM [main] INFO  com.web.actions.WebActions - Click on :--> xpath: //td[@data-handler='selectDay']/a[text()='2']]
2022-Oct-28 07:53:19 AM [main] INFO  com.web.actions.WebActions - Verify Object Exists : TRUE --> id: SelectSailing_0]
2022-Oct-28 07:53:49 AM [main] INFO  com.web.actions.WebActions - Verify Object Exists : FALSE 
2022-Oct-28 07:54:29 AM [main] INFO  com.web.actions.WebActions - Verify Object Exists : FALSE 
2022-Oct-28 07:54:39 AM [main] INFO  com.web.actions.WebActions - Click on :--> id: SubmitBooking]
2022-Oct-28 07:55:45 AM [main] INFO  com.web.actions.WebActions - Exception: waitForElementToBeVisibile '--> id: successfulBookingsBlock]
2022-Oct-28 07:55:45 AM [main] INFO  com.web.actions.WebActions - Exception Log: org.openqa.selenium.TimeoutException: Expected condition failed: waiting for visibility of [[ChromeDriver: chrome on WINDOWS (60859e98ffb83a3a09c8d802a1f822f0)] -> id: successfulBookingsBlock] (tried for 60 second(s) with 500 milliseconds interval)
Build info: version: '3.141.59', revision: 'e82be7d358', time: '2018-11-14T08:17:03'
System info: host: 'POFWVDDEV-24', ip: '10.181.60.57', os.name: 'Windows 10', os.arch: 'amd64', os.version: '10.0', java.version: '1.8.0_321'
Driver info: org.openqa.selenium.chrome.ChromeDriver
Capabilities {acceptInsecureCerts: false, browserName: chrome, browserVersion: 106.0.5249.119, chrome: {chromedriverVersion: 106.0.5249.61 (511755355844..., userDataDir: C:\Users\KHAIRN~1\AppData\L...}, goog:chromeOptions: {debuggerAddress: localhost:59502}, javascriptEnabled: true, networkConnectionEnabled: false, pageLoadStrategy: normal, platform: WINDOWS, platformName: WINDOWS, proxy: Proxy(), setWindowRect: true, strictFileInteractability: false, timeouts: {implicit: 0, pageLoad: 300000, script: 30000}, unhandledPromptBehavior: dismiss and notify, webauthn:extension:credBlob: true, webauthn:extension:largeBlob: true, webauthn:virtualAuthenticators: true}
Session ID: 60859e98ffb83a3a09c8d802a1f822f0
2022-Oct-28 07:55:45 AM [main] INFO  com.web.actions.WebActions - Verify Object Exists : TRUE --> id: successfulBookingsBlock]
2022-Oct-28 07:55:46 AM [main] INFO  com.web.actions.WebBrowserActions - closes the currently opened browser session.
2022-Oct-28 07:55:49 AM [main] INFO  com.driver.DriverFactory - Instantiate ChromeDriver
2022-Oct-28 07:55:54 AM [main] INFO  com.web.actions.WebActions - Navigate to 'https://uk-sitecore-freight-tst-rg-323540-cd.azurewebsites.net/
2022-Oct-28 07:55:54 AM [main] INFO  com.web.actions.WebActions - Wait For Element To Be Clickable: --> xpath: //a[@href='#mobileMenu'][@class='menuMobile']]
2022-Oct-28 07:55:55 AM [main] INFO  com.web.actions.WebActions - Click on :--> xpath: //a[@href='#mobileMenu'][@class='menuMobile']]
2022-Oct-28 07:55:55 AM [main] INFO  com.web.actions.WebActions - Wait For Element To Be Clickable: --> link text: Book Now]
2022-Oct-28 07:56:08 AM [main] INFO  com.web.actions.WebActions - Click on :
2022-Oct-28 07:56:18 AM [main] INFO  com.web.actions.WebActions - Clear Text From : --> id: LoginEmail]
2022-Oct-28 07:56:18 AM [main] INFO  com.web.actions.WebActions - Write Text 'fcduser03' on --> id: LoginEmail]
2022-Oct-28 07:56:18 AM [main] INFO  com.web.actions.WebActions - Clear Text From : --> id: LoginPass]
2022-Oct-28 07:56:19 AM [main] INFO  com.web.actions.WebActions - Write Text 'Password01' on --> id: LoginPass]
2022-Oct-28 07:56:19 AM [main] INFO  com.web.actions.WebActions - Click on :--> id: LoginUserBtn]
2022-Oct-28 07:56:24 AM [main] INFO  com.web.actions.WebActions - Get All Object Size : 1 of By.xpath: //a[@class='closeAds']
2022-Oct-28 07:56:34 AM [main] INFO  com.web.actions.WebActions - Click on :--> xpath: //a[@class='closeAds']]
2022-Oct-28 07:56:35 AM [main] INFO  com.web.actions.WebActions - Wait For Element To Be Clickable: --> xpath: //a[@href='#mobileMenu'][@class='menuMobile']]
2022-Oct-28 07:56:35 AM [main] INFO  com.web.actions.WebActions - Click on :--> xpath: //a[@href='#mobileMenu'][@class='menuMobile']]
2022-Oct-28 07:57:05 AM [main] INFO  com.web.actions.WebActions - Exception: clickElement '
2022-Oct-28 07:57:05 AM [main] INFO  com.web.actions.WebActions - Exception Log: org.openqa.selenium.NoSuchElementException: no such element: Unable to locate element: {"method":"xpath","selector":"//a[@href='/BlockBooking'][@class=' ']"}
  (Session info: chrome=106.0.5249.119)
For documentation on this error, please visit: https://www.seleniumhq.org/exceptions/no_such_element.html
Build info: version: '3.141.59', revision: 'e82be7d358', time: '2018-11-14T08:17:03'
System info: host: 'POFWVDDEV-24', ip: '10.181.60.57', os.name: 'Windows 10', os.arch: 'amd64', os.version: '10.0', java.version: '1.8.0_321'
Driver info: org.openqa.selenium.chrome.ChromeDriver
Capabilities {acceptInsecureCerts: false, browserName: chrome, browserVersion: 106.0.5249.119, chrome: {chromedriverVersion: 106.0.5249.61 (511755355844..., userDataDir: C:\Users\KHAIRN~1\AppData\L...}, goog:chromeOptions: {debuggerAddress: localhost:59749}, javascriptEnabled: true, networkConnectionEnabled: false, pageLoadStrategy: normal, platform: WINDOWS, platformName: WINDOWS, proxy: Proxy(), setWindowRect: true, strictFileInteractability: false, timeouts: {implicit: 0, pageLoad: 300000, script: 30000}, unhandledPromptBehavior: dismiss and notify, webauthn:extension:credBlob: true, webauthn:extension:largeBlob: true, webauthn:virtualAuthenticators: true}
Session ID: 67ca2e9c48d2b13df81feef169a0f593
*** Element info: {Using=xpath, value=//a[@href='/BlockBooking'][@class=' ']}
2022-Oct-28 07:57:46 AM [main] INFO  com.web.actions.WebActions - Exception: clickElement '
2022-Oct-28 07:57:46 AM [main] INFO  com.web.actions.WebActions - Exception Log: org.openqa.selenium.NoSuchElementException: no such element: Unable to locate element: {"method":"xpath","selector":"//a[@href='/BlockBooking'][@class=' ']"}
  (Session info: chrome=106.0.5249.119)
For documentation on this error, please visit: https://www.seleniumhq.org/exceptions/no_such_element.html
Build info: version: '3.141.59', revision: 'e82be7d358', time: '2018-11-14T08:17:03'
System info: host: 'POFWVDDEV-24', ip: '10.181.60.57', os.name: 'Windows 10', os.arch: 'amd64', os.version: '10.0', java.version: '1.8.0_321'
Driver info: org.openqa.selenium.chrome.ChromeDriver
Capabilities {acceptInsecureCerts: false, browserName: chrome, browserVersion: 106.0.5249.119, chrome: {chromedriverVersion: 106.0.5249.61 (511755355844..., userDataDir: C:\Users\KHAIRN~1\AppData\L...}, goog:chromeOptions: {debuggerAddress: localhost:59749}, javascriptEnabled: true, networkConnectionEnabled: false, pageLoadStrategy: normal, platform: WINDOWS, platformName: WINDOWS, proxy: Proxy(), setWindowRect: true, strictFileInteractability: false, timeouts: {implicit: 0, pageLoad: 300000, script: 30000}, unhandledPromptBehavior: dismiss and notify, webauthn:extension:credBlob: true, webauthn:extension:largeBlob: true, webauthn:virtualAuthenticators: true}
Session ID: 67ca2e9c48d2b13df81feef169a0f593
*** Element info: {Using=xpath, value=//a[@href='/BlockBooking'][@class=' ']}
2022-Oct-28 07:58:47 AM [main] INFO  com.web.actions.WebActions - Exception: clickElement '
2022-Oct-28 07:58:47 AM [main] INFO  com.web.actions.WebActions - Exception Log: org.openqa.selenium.NoSuchElementException: no such element: Unable to locate element: {"method":"css selector","selector":"#Route"}
  (Session info: chrome=106.0.5249.119)
For documentation on this error, please visit: https://www.seleniumhq.org/exceptions/no_such_element.html
Build info: version: '3.141.59', revision: 'e82be7d358', time: '2018-11-14T08:17:03'
System info: host: 'POFWVDDEV-24', ip: '10.181.60.57', os.name: 'Windows 10', os.arch: 'amd64', os.version: '10.0', java.version: '1.8.0_321'
Driver info: org.openqa.selenium.chrome.ChromeDriver
Capabilities {acceptInsecureCerts: false, browserName: chrome, browserVersion: 106.0.5249.119, chrome: {chromedriverVersion: 106.0.5249.61 (511755355844..., userDataDir: C:\Users\KHAIRN~1\AppData\L...}, goog:chromeOptions: {debuggerAddress: localhost:59749}, javascriptEnabled: true, networkConnectionEnabled: false, pageLoadStrategy: normal, platform: WINDOWS, platformName: WINDOWS, proxy: Proxy(), setWindowRect: true, strictFileInteractability: false, timeouts: {implicit: 0, pageLoad: 300000, script: 30000}, unhandledPromptBehavior: dismiss and notify, webauthn:extension:credBlob: true, webauthn:extension:largeBlob: true, webauthn:virtualAuthenticators: true}
Session ID: 67ca2e9c48d2b13df81feef169a0f593
*** Element info: {Using=id, value=Route}
2022-Oct-28 07:59:08 AM [main] INFO  com.web.actions.WebActions - Exception: SelectByVisibleText: [Cairnryan to Larne], 
2022-Oct-28 07:59:08 AM [main] INFO  com.web.actions.WebActions - Exception Log: org.openqa.selenium.NoSuchElementException: no such element: Unable to locate element: {"method":"css selector","selector":"#Route"}
  (Session info: chrome=106.0.5249.119)
For documentation on this error, please visit: https://www.seleniumhq.org/exceptions/no_such_element.html
Build info: version: '3.141.59', revision: 'e82be7d358', time: '2018-11-14T08:17:03'
System info: host: 'POFWVDDEV-24', ip: '10.181.60.57', os.name: 'Windows 10', os.arch: 'amd64', os.version: '10.0', java.version: '1.8.0_321'
Driver info: org.openqa.selenium.chrome.ChromeDriver
Capabilities {acceptInsecureCerts: false, browserName: chrome, browserVersion: 106.0.5249.119, chrome: {chromedriverVersion: 106.0.5249.61 (511755355844..., userDataDir: C:\Users\KHAIRN~1\AppData\L...}, goog:chromeOptions: {debuggerAddress: localhost:59749}, javascriptEnabled: true, networkConnectionEnabled: false, pageLoadStrategy: normal, platform: WINDOWS, platformName: WINDOWS, proxy: Proxy(), setWindowRect: true, strictFileInteractability: false, timeouts: {implicit: 0, pageLoad: 300000, script: 30000}, unhandledPromptBehavior: dismiss and notify, webauthn:extension:credBlob: true, webauthn:extension:largeBlob: true, webauthn:virtualAuthenticators: true}
Session ID: 67ca2e9c48d2b13df81feef169a0f593
*** Element info: {Using=id, value=Route}
2022-Oct-28 08:00:09 AM [main] INFO  com.web.actions.WebActions - Exception: clickElement '
2022-Oct-28 08:00:09 AM [main] INFO  com.web.actions.WebActions - Exception Log: org.openqa.selenium.NoSuchElementException: no such element: Unable to locate element: {"method":"css selector","selector":"#UnitType"}
  (Session info: chrome=106.0.5249.119)
For documentation on this error, please visit: https://www.seleniumhq.org/exceptions/no_such_element.html
Build info: version: '3.141.59', revision: 'e82be7d358', time: '2018-11-14T08:17:03'
System info: host: 'POFWVDDEV-24', ip: '10.181.60.57', os.name: 'Windows 10', os.arch: 'amd64', os.version: '10.0', java.version: '1.8.0_321'
Driver info: org.openqa.selenium.chrome.ChromeDriver
Capabilities {acceptInsecureCerts: false, browserName: chrome, browserVersion: 106.0.5249.119, chrome: {chromedriverVersion: 106.0.5249.61 (511755355844..., userDataDir: C:\Users\KHAIRN~1\AppData\L...}, goog:chromeOptions: {debuggerAddress: localhost:59749}, javascriptEnabled: true, networkConnectionEnabled: false, pageLoadStrategy: normal, platform: WINDOWS, platformName: WINDOWS, proxy: Proxy(), setWindowRect: true, strictFileInteractability: false, timeouts: {implicit: 0, pageLoad: 300000, script: 30000}, unhandledPromptBehavior: dismiss and notify, webauthn:extension:credBlob: true, webauthn:extension:largeBlob: true, webauthn:virtualAuthenticators: true}
Session ID: 67ca2e9c48d2b13df81feef169a0f593
*** Element info: {Using=id, value=UnitType}
2022-Oct-28 08:00:49 AM [main] INFO  com.web.actions.WebActions - Exception: getDropdownOption: 
2022-Oct-28 08:00:49 AM [main] INFO  com.web.actions.WebActions - Exception Log: org.openqa.selenium.NoSuchElementException: no such element: Unable to locate element: {"method":"css selector","selector":"#UnitType"}
  (Session info: chrome=106.0.5249.119)
For documentation on this error, please visit: https://www.seleniumhq.org/exceptions/no_such_element.html
Build info: version: '3.141.59', revision: 'e82be7d358', time: '2018-11-14T08:17:03'
System info: host: 'POFWVDDEV-24', ip: '10.181.60.57', os.name: 'Windows 10', os.arch: 'amd64', os.version: '10.0', java.version: '1.8.0_321'
Driver info: org.openqa.selenium.chrome.ChromeDriver
Capabilities {acceptInsecureCerts: false, browserName: chrome, browserVersion: 106.0.5249.119, chrome: {chromedriverVersion: 106.0.5249.61 (511755355844..., userDataDir: C:\Users\KHAIRN~1\AppData\L...}, goog:chromeOptions: {debuggerAddress: localhost:59749}, javascriptEnabled: true, networkConnectionEnabled: false, pageLoadStrategy: normal, platform: WINDOWS, platformName: WINDOWS, proxy: Proxy(), setWindowRect: true, strictFileInteractability: false, timeouts: {implicit: 0, pageLoad: 300000, script: 30000}, unhandledPromptBehavior: dismiss and notify, webauthn:extension:credBlob: true, webauthn:extension:largeBlob: true, webauthn:virtualAuthenticators: true}
Session ID: 67ca2e9c48d2b13df81feef169a0f593
*** Element info: {Using=id, value=UnitType}
2022-Oct-28 08:00:50 AM [main] INFO  com.web.actions.WebBrowserActions - closes the currently opened browser session.
2022-Oct-28 08:00:53 AM [main] INFO  com.driver.DriverFactory - Instantiate ChromeDriver
2022-Oct-28 08:00:57 AM [main] INFO  com.web.actions.WebActions - Navigate to 'https://uk-sitecore-freight-tst-rg-323540-cd.azurewebsites.net/
2022-Oct-28 08:00:58 AM [main] INFO  com.web.actions.WebActions - Wait For Element To Be Clickable: --> xpath: //a[@href='#mobileMenu'][@class='menuMobile']]
2022-Oct-28 08:00:58 AM [main] INFO  com.web.actions.WebActions - Click on :--> xpath: //a[@href='#mobileMenu'][@class='menuMobile']]
2022-Oct-28 08:00:58 AM [main] INFO  com.web.actions.WebActions - Wait For Element To Be Clickable: --> link text: Book Now]
2022-Oct-28 08:01:11 AM [main] INFO  com.web.actions.WebActions - Click on :
2022-Oct-28 08:01:21 AM [main] INFO  com.web.actions.WebActions - Clear Text From : --> id: LoginEmail]
2022-Oct-28 08:01:21 AM [main] INFO  com.web.actions.WebActions - Write Text 'Poftest002@gmail.com' on --> id: LoginEmail]
2022-Oct-28 08:01:21 AM [main] INFO  com.web.actions.WebActions - Clear Text From : --> id: LoginPass]
2022-Oct-28 08:01:22 AM [main] INFO  com.web.actions.WebActions - Write Text 'Test@123' on --> id: LoginPass]
2022-Oct-28 08:01:22 AM [main] INFO  com.web.actions.WebActions - Click on :--> id: LoginUserBtn]
2022-Oct-28 08:01:32 AM [main] INFO  com.web.actions.WebActions - Get All Object Size : 0 of By.xpath: //a[@class='closeAds']
2022-Oct-28 08:01:42 AM [main] INFO  com.web.actions.WebActions - Get All Object Size : 0 of By.xpath: //a[@class='closeAds']
2022-Oct-28 08:01:52 AM [main] INFO  com.web.actions.WebActions - Get All Object Size : 0 of By.xpath: //a[@class='closeAds']
2022-Oct-28 08:02:02 AM [main] INFO  com.web.actions.WebActions - Get All Object Size : 0 of By.xpath: //a[@class='closeAds']
2022-Oct-28 08:02:12 AM [main] INFO  com.web.actions.WebActions - Get All Object Size : 0 of By.xpath: //a[@class='closeAds']
2022-Oct-28 08:02:22 AM [main] INFO  com.web.actions.WebActions - Get All Object Size : 0 of By.xpath: //a[@class='closeAds']
2022-Oct-28 08:02:32 AM [main] INFO  com.web.actions.WebActions - Get All Object Size : 0 of By.xpath: //a[@class='closeAds']
2022-Oct-28 08:02:42 AM [main] INFO  com.web.actions.WebActions - Get All Object Size : 0 of By.xpath: //a[@class='closeAds']
2022-Oct-28 08:02:52 AM [main] INFO  com.web.actions.WebActions - Get All Object Size : 0 of By.xpath: //a[@class='closeAds']
2022-Oct-28 08:03:02 AM [main] INFO  com.web.actions.WebActions - Get All Object Size : 0 of By.xpath: //a[@class='closeAds']
2022-Oct-28 08:03:13 AM [main] INFO  com.web.actions.WebActions - Wait For Element To Be Clickable: --> xpath: //a[@href='#mobileMenu'][@class='menuMobile']]
2022-Oct-28 08:03:13 AM [main] INFO  com.web.actions.WebActions - Click on :--> xpath: //a[@href='#mobileMenu'][@class='menuMobile']]
2022-Oct-28 08:04:13 AM [main] INFO  com.web.actions.WebActions - Exception: waitForElementToBeVisibile '--> xpath: //a[@href='/BookNow'][@class=' ']]
2022-Oct-28 08:04:13 AM [main] INFO  com.web.actions.WebActions - Exception Log: org.openqa.selenium.TimeoutException: Expected condition failed: waiting for visibility of [[ChromeDriver: chrome on WINDOWS (781bec2345adeb5309bf0a4ee9d240a4)] -> xpath: //a[@href='/BookNow'][@class=' ']] (tried for 60 second(s) with 500 milliseconds interval)
Build info: version: '3.141.59', revision: 'e82be7d358', time: '2018-11-14T08:17:03'
System info: host: 'POFWVDDEV-24', ip: '10.181.60.57', os.name: 'Windows 10', os.arch: 'amd64', os.version: '10.0', java.version: '1.8.0_321'
Driver info: org.openqa.selenium.chrome.ChromeDriver
Capabilities {acceptInsecureCerts: false, browserName: chrome, browserVersion: 106.0.5249.119, chrome: {chromedriverVersion: 106.0.5249.61 (511755355844..., userDataDir: C:\Users\KHAIRN~1\AppData\L...}, goog:chromeOptions: {debuggerAddress: localhost:59991}, javascriptEnabled: true, networkConnectionEnabled: false, pageLoadStrategy: normal, platform: WINDOWS, platformName: WINDOWS, proxy: Proxy(), setWindowRect: true, strictFileInteractability: false, timeouts: {implicit: 0, pageLoad: 300000, script: 30000}, unhandledPromptBehavior: dismiss and notify, webauthn:extension:credBlob: true, webauthn:extension:largeBlob: true, webauthn:virtualAuthenticators: true}
Session ID: 781bec2345adeb5309bf0a4ee9d240a4
2022-Oct-28 08:04:23 AM [main] INFO  com.web.actions.WebActions - Exception: clickElement '--> xpath: //a[@href='/BookNow'][@class=' ']]
2022-Oct-28 08:04:23 AM [main] INFO  com.web.actions.WebActions - Exception Log: org.openqa.selenium.ElementNotInteractableException: element not interactable
  (Session info: chrome=106.0.5249.119)
Build info: version: '3.141.59', revision: 'e82be7d358', time: '2018-11-14T08:17:03'
System info: host: 'POFWVDDEV-24', ip: '10.181.60.57', os.name: 'Windows 10', os.arch: 'amd64', os.version: '10.0', java.version: '1.8.0_321'
Driver info: org.openqa.selenium.chrome.ChromeDriver
Capabilities {acceptInsecureCerts: false, browserName: chrome, browserVersion: 106.0.5249.119, chrome: {chromedriverVersion: 106.0.5249.61 (511755355844..., userDataDir: C:\Users\KHAIRN~1\AppData\L...}, goog:chromeOptions: {debuggerAddress: localhost:59991}, javascriptEnabled: true, networkConnectionEnabled: false, pageLoadStrategy: normal, platform: WINDOWS, platformName: WINDOWS, proxy: Proxy(), setWindowRect: true, strictFileInteractability: false, timeouts: {implicit: 0, pageLoad: 300000, script: 30000}, unhandledPromptBehavior: dismiss and notify, webauthn:extension:credBlob: true, webauthn:extension:largeBlob: true, webauthn:virtualAuthenticators: true}
Session ID: 781bec2345adeb5309bf0a4ee9d240a4
2022-Oct-28 08:04:24 AM [main] INFO  com.web.actions.WebActions - Click on :--> id: route]
2022-Oct-28 08:04:24 AM [main] INFO  com.web.actions.WebActions - Click on :--> xpath: //select[@id='route']//option[@value='DVR-CQF']]
2022-Oct-28 08:04:54 AM [main] INFO  com.web.actions.WebActions - Exception: clickElement '
2022-Oct-28 08:04:54 AM [main] INFO  com.web.actions.WebActions - Exception Log: org.openqa.selenium.NoSuchElementException: no such element: Unable to locate element: {"method":"css selector","selector":"#passengerAdults"}
  (Session info: chrome=106.0.5249.119)
For documentation on this error, please visit: https://www.seleniumhq.org/exceptions/no_such_element.html
Build info: version: '3.141.59', revision: 'e82be7d358', time: '2018-11-14T08:17:03'
System info: host: 'POFWVDDEV-24', ip: '10.181.60.57', os.name: 'Windows 10', os.arch: 'amd64', os.version: '10.0', java.version: '1.8.0_321'
Driver info: org.openqa.selenium.chrome.ChromeDriver
Capabilities {acceptInsecureCerts: false, browserName: chrome, browserVersion: 106.0.5249.119, chrome: {chromedriverVersion: 106.0.5249.61 (511755355844..., userDataDir: C:\Users\KHAIRN~1\AppData\L...}, goog:chromeOptions: {debuggerAddress: localhost:59991}, javascriptEnabled: true, networkConnectionEnabled: false, pageLoadStrategy: normal, platform: WINDOWS, platformName: WINDOWS, proxy: Proxy(), setWindowRect: true, strictFileInteractability: false, timeouts: {implicit: 0, pageLoad: 300000, script: 30000}, unhandledPromptBehavior: dismiss and notify, webauthn:extension:credBlob: true, webauthn:extension:largeBlob: true, webauthn:virtualAuthenticators: true}
Session ID: 781bec2345adeb5309bf0a4ee9d240a4
*** Element info: {Using=id, value=passengerAdults}
2022-Oct-28 08:05:35 AM [main] INFO  com.web.actions.WebActions - Exception: clickElement '
2022-Oct-28 08:05:35 AM [main] INFO  com.web.actions.WebActions - Exception Log: org.openqa.selenium.NoSuchElementException: no such element: Unable to locate element: {"method":"xpath","selector":"//select[@id='passengerAdults']//option[@value='2']"}
  (Session info: chrome=106.0.5249.119)
For documentation on this error, please visit: https://www.seleniumhq.org/exceptions/no_such_element.html
Build info: version: '3.141.59', revision: 'e82be7d358', time: '2018-11-14T08:17:03'
System info: host: 'POFWVDDEV-24', ip: '10.181.60.57', os.name: 'Windows 10', os.arch: 'amd64', os.version: '10.0', java.version: '1.8.0_321'
Driver info: org.openqa.selenium.chrome.ChromeDriver
Capabilities {acceptInsecureCerts: false, browserName: chrome, browserVersion: 106.0.5249.119, chrome: {chromedriverVersion: 106.0.5249.61 (511755355844..., userDataDir: C:\Users\KHAIRN~1\AppData\L...}, goog:chromeOptions: {debuggerAddress: localhost:59991}, javascriptEnabled: true, networkConnectionEnabled: false, pageLoadStrategy: normal, platform: WINDOWS, platformName: WINDOWS, proxy: Proxy(), setWindowRect: true, strictFileInteractability: false, timeouts: {implicit: 0, pageLoad: 300000, script: 30000}, unhandledPromptBehavior: dismiss and notify, webauthn:extension:credBlob: true, webauthn:extension:largeBlob: true, webauthn:virtualAuthenticators: true}
Session ID: 781bec2345adeb5309bf0a4ee9d240a4
*** Element info: {Using=xpath, value=//select[@id='passengerAdults']//option[@value='2']}
2022-Oct-28 08:06:15 AM [main] INFO  com.web.actions.WebActions - Exception: clickElement '
2022-Oct-28 08:06:15 AM [main] INFO  com.web.actions.WebActions - Exception Log: org.openqa.selenium.NoSuchElementException: no such element: Unable to locate element: {"method":"css selector","selector":"#StepOneContinue"}
  (Session info: chrome=106.0.5249.119)
For documentation on this error, please visit: https://www.seleniumhq.org/exceptions/no_such_element.html
Build info: version: '3.141.59', revision: 'e82be7d358', time: '2018-11-14T08:17:03'
System info: host: 'POFWVDDEV-24', ip: '10.181.60.57', os.name: 'Windows 10', os.arch: 'amd64', os.version: '10.0', java.version: '1.8.0_321'
Driver info: org.openqa.selenium.chrome.ChromeDriver
Capabilities {acceptInsecureCerts: false, browserName: chrome, browserVersion: 106.0.5249.119, chrome: {chromedriverVersion: 106.0.5249.61 (511755355844..., userDataDir: C:\Users\KHAIRN~1\AppData\L...}, goog:chromeOptions: {debuggerAddress: localhost:59991}, javascriptEnabled: true, networkConnectionEnabled: false, pageLoadStrategy: normal, platform: WINDOWS, platformName: WINDOWS, proxy: Proxy(), setWindowRect: true, strictFileInteractability: false, timeouts: {implicit: 0, pageLoad: 300000, script: 30000}, unhandledPromptBehavior: dismiss and notify, webauthn:extension:credBlob: true, webauthn:extension:largeBlob: true, webauthn:virtualAuthenticators: true}
Session ID: 781bec2345adeb5309bf0a4ee9d240a4
*** Element info: {Using=id, value=StepOneContinue}
2022-Oct-28 08:07:58 AM [main] INFO  com.web.actions.WebActions - Exception: waitForElementToBeVisibile '
2022-Oct-28 08:07:58 AM [main] INFO  com.web.actions.WebActions - Exception Log: org.openqa.selenium.TimeoutException: Expected condition failed: waiting for visibility of Proxy element for: DefaultElementLocator 'By.id: vehicleNumber' (tried for 60 second(s) with 500 milliseconds interval)
