2022-May-06 08:12:09 AM [main] INFO  com.driver.DriverFactory - InstantiateDriverObject Exception Log: org.openqa.selenium.WebDriverException: unknown error: Chrome failed to start: exited normally.
  (unknown error: DevToolsActivePort file doesn't exist)
  (The process started from chrome location C:\Users\Khairnar_S\AppData\Local\Google\Chrome\Application\chrome.exe is no longer running, so ChromeDriver is assuming that Chrome has crashed.)
Build info: version: '3.141.59', revision: 'e82be7d358', time: '2018-11-14T08:17:03'
System info: host: 'POFWVDDEV-24', ip: '10.181.60.57', os.name: 'Windows 10', os.arch: 'amd64', os.version: '10.0', java.version: '1.8.0_321'
Driver info: driver.version: ChromeDriver
remote stacktrace: Backtrace:
	Ordinal0 [0x00537413+2389011]
	Ordinal0 [0x004C9F61+1941345]
	Ordinal0 [0x003BC658+837208]
	Ordinal0 [0x003D9854+956500]
	Ordinal0 [0x003D5C51+941137]
	Ordinal0 [0x00408C80+1150080]
	Ordinal0 [0x004088DA+1149146]
	Ordinal0 [0x00403F66+1130342]
	Ordinal0 [0x003DE546+976198]
	Ordinal0 [0x003DF456+980054]
	GetHandleVerifier [0x006E9632+1727522]
	GetHandleVerifier [0x0079BA4D+2457661]
	GetHandleVerifier [0x005CEB81+569713]
	GetHandleVerifier [0x005CDD76+566118]
	Ordinal0 [0x004D0B2B+1968939]
	Ordinal0 [0x004D5988+1989000]
	Ordinal0 [0x004D5A75+1989237]
	Ordinal0 [0x004DECB1+2026673]
	BaseThreadInitThunk [0x762CFA29+25]
	RtlGetAppContainerNamedObjectPath [0x77D17A7E+286]
	RtlGetAppContainerNamedObjectPath [0x77D17A4E+238]

2022-May-06 08:12:09 AM [main] INFO  com.driver.DriverFactory - Instantiate ChromeDriver
2022-May-06 08:12:09 AM [main] INFO  com.web.actions.WebActions - Exception: Navigate to 'https://uks-sitecore-freight-dev-r-317880-cd.azurewebsites.net/
2022-May-06 08:12:09 AM [main] INFO  com.web.actions.WebActions - Exception Log: java.lang.NullPointerException
2022-May-06 08:12:09 AM [main] INFO  com.web.actions.WebBrowserActions - Exception: CloseBrowser.
2022-May-06 08:12:09 AM [main] INFO  com.web.actions.WebBrowserActions - Exception Log: java.lang.NullPointerException
2022-May-06 08:12:12 AM [main] INFO  com.driver.DriverFactory - Instantiate ChromeDriver
2022-May-06 08:12:15 AM [main] INFO  com.web.actions.WebActions - Navigate to 'https://uks-sitecore-freight-dev-r-317880-cd.azurewebsites.net/
2022-May-06 08:12:16 AM [main] INFO  com.web.actions.WebActions - Wait For Element To Be Clickable: --> link text: Book Now]
2022-May-06 08:12:18 AM [main] INFO  com.web.actions.WebActions - Click on :--> link text: Book Now]
2022-May-06 08:12:18 AM [main] INFO  com.web.actions.WebActions - Clear Text From : --> id: LoginEmail]
2022-May-06 08:12:18 AM [main] INFO  com.web.actions.WebActions - Write Text 'fcduser03' on --> id: LoginEmail]
2022-May-06 08:12:18 AM [main] INFO  com.web.actions.WebActions - Clear Text From : --> id: LoginPass]
2022-May-06 08:12:19 AM [main] INFO  com.web.actions.WebActions - Write Text 'Password01' on --> id: LoginPass]
2022-May-06 08:12:19 AM [main] INFO  com.web.actions.WebActions - Click on :--> id: LoginUserBtn]
2022-May-06 08:12:35 AM [main] INFO  com.web.actions.WebActions - Wait For Element To Be Clickable: --> xpath: //section//a[contains(@href,'CreateBookings')]]
2022-May-06 08:13:33 AM [main] INFO  com.web.actions.WebActions - Click on :
2022-May-06 08:13:44 AM [main] INFO  com.web.actions.WebActions - Click on :--> id: generateFormButton]
2022-May-06 08:13:44 AM [main] INFO  com.web.actions.WebActions - Click on :--> id: AccountFilter]
2022-May-06 08:14:04 AM [main] INFO  com.web.actions.WebActions - Exception: SelectByVisibleText: [248500, P O Ferrymasters Limited], --> id: AccountFilter]
2022-May-06 08:14:04 AM [main] INFO  com.web.actions.WebActions - Exception Log: org.openqa.selenium.NoSuchElementException: Cannot locate element with text: 248500, P O Ferrymasters Limited
For documentation on this error, please visit: https://www.seleniumhq.org/exceptions/no_such_element.html
Build info: version: '3.141.59', revision: 'e82be7d358', time: '2018-11-14T08:17:03'
System info: host: 'POFWVDDEV-24', ip: '10.181.60.57', os.name: 'Windows 10', os.arch: 'amd64', os.version: '10.0', java.version: '1.8.0_321'
Driver info: driver.version: unknown
2022-May-06 08:14:04 AM [main] INFO  com.web.actions.WebActions - Click on :--> xpath: //select[@id='RouteFilter']]
2022-May-06 08:14:05 AM [main] INFO  com.web.actions.WebActions - Select By Visible Text : [Dover to Calais], --> xpath: //select[@id='RouteFilter']]
2022-May-06 08:14:05 AM [main] INFO  com.web.actions.WebActions - Click on :--> id: numberOfBookingsFilter]
2022-May-06 08:14:05 AM [main] INFO  com.web.actions.WebActions - Select By Visible Text : [1], --> id: numberOfBookingsFilter]
2022-May-06 08:14:05 AM [main] INFO  com.web.actions.WebActions - Click on :--> id: generateFormButton]
2022-May-06 08:14:06 AM [main] INFO  com.web.actions.WebActions - Click on :--> id: UnitType_0]
2022-May-06 08:14:06 AM [main] INFO  com.web.actions.WebActions - Select By Visible Text : [Van( VAN )], --> id: UnitType_0]
2022-May-06 08:14:06 AM [main] INFO  com.web.actions.WebActions - Clear Text From : --> id: UnitID_0]
2022-May-06 08:14:06 AM [main] INFO  com.web.actions.WebActions - Write Text 'SCNOV191800' on --> id: UnitID_0]
2022-May-06 08:14:06 AM [main] INFO  com.web.actions.WebActions - Clear Text From : --> id: JobReference_0]
2022-May-06 08:14:07 AM [main] INFO  com.web.actions.WebActions - Write Text 'JR0000' on --> id: JobReference_0]
2022-May-06 08:14:07 AM [main] INFO  com.web.actions.WebActions - Clear Text From : --> id: JobDescription_0]
2022-May-06 08:14:07 AM [main] INFO  com.web.actions.WebActions - Write Text 'DES0000' on --> id: JobDescription_0]
2022-May-06 08:14:07 AM [main] INFO  com.web.actions.WebActions - Verify Object Enabled : TRUE --> xpath: //select[@id='drivers_0'][@name='drivers']]
2022-May-06 08:14:08 AM [main] INFO  com.web.actions.WebActions - Click on :--> xpath: //select[@id='drivers_0'][@name='drivers']]
2022-May-06 08:14:08 AM [main] INFO  com.web.actions.WebActions - Select By Visible Text : [1], --> xpath: //select[@id='drivers_0'][@name='drivers']]
2022-May-06 08:14:08 AM [main] INFO  com.web.actions.WebActions - Verify Object Enabled : TRUE --> id: UnitLength_0]
2022-May-06 08:14:08 AM [main] INFO  com.web.actions.WebActions - Clear Text From : --> id: UnitLength_0]
2022-May-06 08:14:08 AM [main] INFO  com.web.actions.WebActions - Write Text '5' on --> id: UnitLength_0]
2022-May-06 08:14:08 AM [main] INFO  com.web.actions.WebActions - Verify Object Enabled : TRUE --> id: UnitWeight_0]
2022-May-06 08:14:09 AM [main] INFO  com.web.actions.WebActions - Verify Object Enabled : TRUE --> id: PluginRequired_0]
2022-May-06 08:14:09 AM [main] INFO  com.web.actions.WebActions - Verify Object Exists : TRUE --> id: SelectDate_0]
2022-May-06 08:14:09 AM [main] INFO  com.web.actions.WebActions - Verify Object Exists : TRUE --> id: SelectSailing_0]
2022-May-06 08:14:39 AM [main] INFO  com.web.actions.WebActions - Verify Object Exists : FALSE 
2022-May-06 08:15:19 AM [main] INFO  com.web.actions.WebActions - Verify Object Exists : FALSE 
2022-May-06 08:15:30 AM [main] INFO  com.web.actions.WebActions - Click on :--> id: SubmitBooking]
2022-May-06 08:16:35 AM [main] INFO  com.web.actions.WebActions - Exception: waitForElementToBeVisibile '--> id: successfulBookingsBlock]
2022-May-06 08:16:35 AM [main] INFO  com.web.actions.WebActions - Exception Log: org.openqa.selenium.TimeoutException: Expected condition failed: waiting for visibility of [[ChromeDriver: chrome on WINDOWS (2328bfa4d23ca023ebc7b6298ec2404c)] -> id: successfulBookingsBlock] (tried for 60 second(s) with 500 milliseconds interval)
Build info: version: '3.141.59', revision: 'e82be7d358', time: '2018-11-14T08:17:03'
System info: host: 'POFWVDDEV-24', ip: '10.181.60.57', os.name: 'Windows 10', os.arch: 'amd64', os.version: '10.0', java.version: '1.8.0_321'
Driver info: org.openqa.selenium.chrome.ChromeDriver
Capabilities {acceptInsecureCerts: false, browserName: chrome, browserVersion: 101.0.4951.54, chrome: {chromedriverVersion: 100.0.4896.60 (6a5d10861ce8..., userDataDir: C:\Users\KHAIRN~1\AppData\L...}, goog:chromeOptions: {debuggerAddress: localhost:64506}, javascriptEnabled: true, networkConnectionEnabled: false, pageLoadStrategy: normal, platform: WINDOWS, platformName: WINDOWS, proxy: Proxy(), setWindowRect: true, strictFileInteractability: false, timeouts: {implicit: 0, pageLoad: 300000, script: 30000}, unhandledPromptBehavior: dismiss and notify, webauthn:extension:credBlob: true, webauthn:extension:largeBlob: true, webauthn:virtualAuthenticators: true}
Session ID: 2328bfa4d23ca023ebc7b6298ec2404c
2022-May-06 08:16:35 AM [main] INFO  com.web.actions.WebActions - Verify Object Exists : TRUE --> id: successfulBookingsBlock]
2022-May-06 08:17:05 AM [main] INFO  com.web.actions.WebActions - Exception: clickElement '
2022-May-06 08:17:05 AM [main] INFO  com.web.actions.WebActions - Exception Log: org.openqa.selenium.NoSuchElementException: no such element: Unable to locate element: {"method":"xpath","selector":"//div[@id='successfulBookingsBlock']//div[@class='eachLine'][text()='Way Bill No: ']/span"}
  (Session info: chrome=101.0.4951.54)
For documentation on this error, please visit: https://www.seleniumhq.org/exceptions/no_such_element.html
Build info: version: '3.141.59', revision: 'e82be7d358', time: '2018-11-14T08:17:03'
System info: host: 'POFWVDDEV-24', ip: '10.181.60.57', os.name: 'Windows 10', os.arch: 'amd64', os.version: '10.0', java.version: '1.8.0_321'
Driver info: org.openqa.selenium.chrome.ChromeDriver
Capabilities {acceptInsecureCerts: false, browserName: chrome, browserVersion: 101.0.4951.54, chrome: {chromedriverVersion: 100.0.4896.60 (6a5d10861ce8..., userDataDir: C:\Users\KHAIRN~1\AppData\L...}, goog:chromeOptions: {debuggerAddress: localhost:64506}, javascriptEnabled: true, networkConnectionEnabled: false, pageLoadStrategy: normal, platform: WINDOWS, platformName: WINDOWS, proxy: Proxy(), setWindowRect: true, strictFileInteractability: false, timeouts: {implicit: 0, pageLoad: 300000, script: 30000}, unhandledPromptBehavior: dismiss and notify, webauthn:extension:credBlob: true, webauthn:extension:largeBlob: true, webauthn:virtualAuthenticators: true}
Session ID: 2328bfa4d23ca023ebc7b6298ec2404c
*** Element info: {Using=xpath, value=//div[@id='successfulBookingsBlock']//div[@class='eachLine'][text()='Way Bill No: ']/span}
2022-May-06 08:18:48 AM [main] INFO  com.web.actions.WebActions - Exception: waitForElementToBeVisibile '
2022-May-06 08:18:48 AM [main] INFO  com.web.actions.WebActions - Exception Log: org.openqa.selenium.TimeoutException: Expected condition failed: waiting for visibility of Proxy element for: DefaultElementLocator 'By.xpath: //*[@id='showDetails']//label[text()='Account: ']/../*[@class='data']' (tried for 60 second(s) with 500 milliseconds interval)
2022-May-06 08:19:28 AM [main] INFO  com.web.actions.WebActions - Exception: getObjectText '
2022-May-06 08:19:28 AM [main] INFO  com.web.actions.WebActions - Exception Log: org.openqa.selenium.NoSuchElementException: no such element: Unable to locate element: {"method":"xpath","selector":"//*[@id='showDetails']//label[text()='Account: ']/../*[@class='data']"}
  (Session info: chrome=101.0.4951.54)
For documentation on this error, please visit: https://www.seleniumhq.org/exceptions/no_such_element.html
Build info: version: '3.141.59', revision: 'e82be7d358', time: '2018-11-14T08:17:03'
System info: host: 'POFWVDDEV-24', ip: '10.181.60.57', os.name: 'Windows 10', os.arch: 'amd64', os.version: '10.0', java.version: '1.8.0_321'
Driver info: org.openqa.selenium.chrome.ChromeDriver
Capabilities {acceptInsecureCerts: false, browserName: chrome, browserVersion: 101.0.4951.54, chrome: {chromedriverVersion: 100.0.4896.60 (6a5d10861ce8..., userDataDir: C:\Users\KHAIRN~1\AppData\L...}, goog:chromeOptions: {debuggerAddress: localhost:64506}, javascriptEnabled: true, networkConnectionEnabled: false, pageLoadStrategy: normal, platform: WINDOWS, platformName: WINDOWS, proxy: Proxy(), setWindowRect: true, strictFileInteractability: false, timeouts: {implicit: 0, pageLoad: 300000, script: 30000}, unhandledPromptBehavior: dismiss and notify, webauthn:extension:credBlob: true, webauthn:extension:largeBlob: true, webauthn:virtualAuthenticators: true}
Session ID: 2328bfa4d23ca023ebc7b6298ec2404c
*** Element info: {Using=xpath, value=//*[@id='showDetails']//label[text()='Account: ']/../*[@class='data']}
2022-May-06 08:20:08 AM [main] INFO  com.web.actions.WebActions - Exception: getObjectText '
2022-May-06 08:20:08 AM [main] INFO  com.web.actions.WebActions - Exception Log: org.openqa.selenium.NoSuchElementException: no such element: Unable to locate element: {"method":"xpath","selector":"//*[@id='showDetails']//label[text()='From:']/../*[@class='data']"}
  (Session info: chrome=101.0.4951.54)
For documentation on this error, please visit: https://www.seleniumhq.org/exceptions/no_such_element.html
Build info: version: '3.141.59', revision: 'e82be7d358', time: '2018-11-14T08:17:03'
System info: host: 'POFWVDDEV-24', ip: '10.181.60.57', os.name: 'Windows 10', os.arch: 'amd64', os.version: '10.0', java.version: '1.8.0_321'
Driver info: org.openqa.selenium.chrome.ChromeDriver
Capabilities {acceptInsecureCerts: false, browserName: chrome, browserVersion: 101.0.4951.54, chrome: {chromedriverVersion: 100.0.4896.60 (6a5d10861ce8..., userDataDir: C:\Users\KHAIRN~1\AppData\L...}, goog:chromeOptions: {debuggerAddress: localhost:64506}, javascriptEnabled: true, networkConnectionEnabled: false, pageLoadStrategy: normal, platform: WINDOWS, platformName: WINDOWS, proxy: Proxy(), setWindowRect: true, strictFileInteractability: false, timeouts: {implicit: 0, pageLoad: 300000, script: 30000}, unhandledPromptBehavior: dismiss and notify, webauthn:extension:credBlob: true, webauthn:extension:largeBlob: true, webauthn:virtualAuthenticators: true}
Session ID: 2328bfa4d23ca023ebc7b6298ec2404c
*** Element info: {Using=xpath, value=//*[@id='showDetails']//label[text()='From:']/../*[@class='data']}
2022-May-06 08:20:49 AM [main] INFO  com.web.actions.WebActions - Exception: getObjectText '
2022-May-06 08:20:49 AM [main] INFO  com.web.actions.WebActions - Exception Log: org.openqa.selenium.NoSuchElementException: no such element: Unable to locate element: {"method":"xpath","selector":"//*[@id='showDetails']//label[text()='To:']/../*[@class='data']"}
  (Session info: chrome=101.0.4951.54)
For documentation on this error, please visit: https://www.seleniumhq.org/exceptions/no_such_element.html
Build info: version: '3.141.59', revision: 'e82be7d358', time: '2018-11-14T08:17:03'
System info: host: 'POFWVDDEV-24', ip: '10.181.60.57', os.name: 'Windows 10', os.arch: 'amd64', os.version: '10.0', java.version: '1.8.0_321'
Driver info: org.openqa.selenium.chrome.ChromeDriver
Capabilities {acceptInsecureCerts: false, browserName: chrome, browserVersion: 101.0.4951.54, chrome: {chromedriverVersion: 100.0.4896.60 (6a5d10861ce8..., userDataDir: C:\Users\KHAIRN~1\AppData\L...}, goog:chromeOptions: {debuggerAddress: localhost:64506}, javascriptEnabled: true, networkConnectionEnabled: false, pageLoadStrategy: normal, platform: WINDOWS, platformName: WINDOWS, proxy: Proxy(), setWindowRect: true, strictFileInteractability: false, timeouts: {implicit: 0, pageLoad: 300000, script: 30000}, unhandledPromptBehavior: dismiss and notify, webauthn:extension:credBlob: true, webauthn:extension:largeBlob: true, webauthn:virtualAuthenticators: true}
Session ID: 2328bfa4d23ca023ebc7b6298ec2404c
*** Element info: {Using=xpath, value=//*[@id='showDetails']//label[text()='To:']/../*[@class='data']}
2022-May-06 08:21:29 AM [main] INFO  com.web.actions.WebActions - Exception: getObjectText '
2022-May-06 08:21:29 AM [main] INFO  com.web.actions.WebActions - Exception Log: org.openqa.selenium.NoSuchElementException: no such element: Unable to locate element: {"method":"xpath","selector":"//*[@id='showDetails']//label[text()='WayBill No: ']/../*[@class='data']"}
  (Session info: chrome=101.0.4951.54)
For documentation on this error, please visit: https://www.seleniumhq.org/exceptions/no_such_element.html
Build info: version: '3.141.59', revision: 'e82be7d358', time: '2018-11-14T08:17:03'
System info: host: 'POFWVDDEV-24', ip: '10.181.60.57', os.name: 'Windows 10', os.arch: 'amd64', os.version: '10.0', java.version: '1.8.0_321'
Driver info: org.openqa.selenium.chrome.ChromeDriver
Capabilities {acceptInsecureCerts: false, browserName: chrome, browserVersion: 101.0.4951.54, chrome: {chromedriverVersion: 100.0.4896.60 (6a5d10861ce8..., userDataDir: C:\Users\KHAIRN~1\AppData\L...}, goog:chromeOptions: {debuggerAddress: localhost:64506}, javascriptEnabled: true, networkConnectionEnabled: false, pageLoadStrategy: normal, platform: WINDOWS, platformName: WINDOWS, proxy: Proxy(), setWindowRect: true, strictFileInteractability: false, timeouts: {implicit: 0, pageLoad: 300000, script: 30000}, unhandledPromptBehavior: dismiss and notify, webauthn:extension:credBlob: true, webauthn:extension:largeBlob: true, webauthn:virtualAuthenticators: true}
Session ID: 2328bfa4d23ca023ebc7b6298ec2404c
*** Element info: {Using=xpath, value=//*[@id='showDetails']//label[text()='WayBill No: ']/../*[@class='data']}
