2022-Apr-08 09:08:37 AM [main] INFO  com.driver.DriverFactory - Instantiate ChromeDriver
2022-Apr-08 09:08:41 AM [main] INFO  com.web.actions.WebActions - Navigate to 'https://uk-sitecore-freight-tst-rg-323540-cm.azurewebsites.net/
2022-Apr-08 09:08:41 AM [main] INFO  com.web.actions.WebActions - Wait For Element To Be Clickable: --> link text: Book Now]
2022-Apr-08 09:08:43 AM [main] INFO  com.web.actions.WebActions - Click on :--> link text: Book Now]
2022-Apr-08 09:08:43 AM [main] INFO  com.web.actions.WebActions - Clear Text From : --> id: LoginEmail]
2022-Apr-08 09:08:43 AM [main] INFO  com.web.actions.WebActions - Write Text 'akhilraju@hotmail.com' on --> id: LoginEmail]
2022-Apr-08 09:08:43 AM [main] INFO  com.web.actions.WebActions - Clear Text From : --> id: LoginPass]
2022-Apr-08 09:08:44 AM [main] INFO  com.web.actions.WebActions - Write Text 'Shogun6666' on --> id: LoginPass]
2022-Apr-08 09:08:44 AM [main] INFO  com.web.actions.WebActions - Click on :--> id: LoginUserBtn]
2022-Apr-08 09:08:56 AM [main] INFO  com.web.actions.WebActions - Wait For Element To Be Visibile: --> xpath: //a[@href='/BookNow'][@class=' ']]
2022-Apr-08 09:08:59 AM [main] INFO  com.web.actions.WebActions - Click on :--> xpath: //a[@href='/BookNow'][@class=' ']]
2022-Apr-08 09:08:59 AM [main] INFO  com.web.actions.WebActions - Click on :--> id: route]
2022-Apr-08 09:09:00 AM [main] INFO  com.web.actions.WebActions - Click on :--> xpath: //select[@id='route']//option[@value='DVR-CQF']]
2022-Apr-08 09:09:00 AM [main] INFO  com.web.actions.WebActions - Click on :--> id: passengerAdults]
2022-Apr-08 09:09:00 AM [main] INFO  com.web.actions.WebActions - Click on :--> xpath: //select[@id='passengerAdults']//option[@value='2']]
2022-Apr-08 09:09:16 AM [main] INFO  com.web.actions.WebActions - Click on :
2022-Apr-08 09:09:26 AM [main] INFO  com.web.actions.WebActions - Wait For Element To Be Visibile: --> id: vehicleNumber]
2022-Apr-08 09:09:26 AM [main] INFO  com.web.actions.WebActions - Clear Text From : --> id: vehicleNumber]
2022-Apr-08 09:09:26 AM [main] INFO  com.web.actions.WebActions - Write Text '1234' on --> id: vehicleNumber]
2022-Apr-08 09:09:27 AM [main] INFO  com.web.actions.WebActions - Clear Text From : --> id: vehicleLength]
2022-Apr-08 09:09:27 AM [main] INFO  com.web.actions.WebActions - Write Text '5' on --> id: vehicleLength]
2022-Apr-08 09:09:38 AM [main] INFO  com.web.actions.WebActions - Click on :
2022-Apr-08 09:09:54 AM [main] INFO  com.web.actions.WebActions - Object Text : 1234, --> id: rev-vehUnitId]
2022-Apr-08 09:09:55 AM [main] INFO  com.web.actions.WebActions - Object Text : 5 metre, --> id: rev-vehLength]
2022-Apr-08 09:09:55 AM [main] INFO  com.web.actions.WebActions - Object Text : 2.5 metre, --> id: rev-vehHeight]
2022-Apr-08 09:09:55 AM [main] INFO  com.web.actions.WebActions - Object Text : 2.5 metre, --> id: rev-vehWidth]
2022-Apr-08 09:09:55 AM [main] INFO  com.web.actions.WebActions - Object Text : <44 tons, --> id: rev-vehWeight]
2022-Apr-08 09:09:56 AM [main] INFO  com.web.actions.WebActions - Object Text : 2, --> id: rev-adults]
2022-Apr-08 09:09:56 AM [main] INFO  com.web.actions.WebActions - Click on :--> id: PaymentTermsCheckBox]
2022-Apr-08 09:09:56 AM [main] INFO  com.web.actions.WebActions - Click on :--> id: proceedToPayBtn]
2022-Apr-08 09:10:04 AM [main] INFO  com.web.actions.WebActions - Object Text : £114.00, --> id: amount]
2022-Apr-08 09:10:05 AM [main] INFO  com.web.actions.WebActions - Clear Text From : --> id: cardNumber]
2022-Apr-08 09:10:05 AM [main] INFO  com.web.actions.WebActions - Write Text '4111111111111111' on --> id: cardNumber]
2022-Apr-08 09:10:05 AM [main] INFO  com.web.actions.WebActions - Click on :--> id: expiryMonth]
2022-Apr-08 09:10:05 AM [main] INFO  com.web.actions.WebActions - Click on :--> xpath: //select[@id='expiryMonth']//option[@value='12']]
2022-Apr-08 09:10:06 AM [main] INFO  com.web.actions.WebActions - Click on :--> id: expiryYear]
2022-Apr-08 09:10:07 AM [main] INFO  com.web.actions.WebActions - Click on :--> xpath: //select[@id='expiryYear']//option[@value='2022']]
2022-Apr-08 09:10:07 AM [main] INFO  com.web.actions.WebActions - Clear Text From : --> id: csc]
2022-Apr-08 09:10:07 AM [main] INFO  com.web.actions.WebActions - Write Text '456' on --> id: csc]
2022-Apr-08 09:10:38 AM [main] INFO  com.web.actions.WebActions - Click on :
2022-Apr-08 09:10:39 AM [main] INFO  com.web.actions.WebBrowserActions - closes the currently opened browser session.
2022-Apr-08 09:10:42 AM [main] INFO  com.driver.DriverFactory - Instantiate ChromeDriver
2022-Apr-08 09:10:45 AM [main] INFO  com.web.actions.WebActions - Navigate to 'https://uk-sitecore-freight-tst-rg-323540-cm.azurewebsites.net/
2022-Apr-08 09:10:45 AM [main] INFO  com.web.actions.WebActions - Wait For Element To Be Clickable: --> link text: Book Now]
2022-Apr-08 09:10:47 AM [main] INFO  com.web.actions.WebActions - Click on :--> link text: Book Now]
2022-Apr-08 09:10:47 AM [main] INFO  com.web.actions.WebActions - Clear Text From : --> id: LoginEmail]
2022-Apr-08 09:10:47 AM [main] INFO  com.web.actions.WebActions - Write Text 'martintrux' on --> id: LoginEmail]
2022-Apr-08 09:10:48 AM [main] INFO  com.web.actions.WebActions - Clear Text From : --> id: LoginPass]
2022-Apr-08 09:10:48 AM [main] INFO  com.web.actions.WebActions - Write Text 'Dhoni@007' on --> id: LoginPass]
2022-Apr-08 09:10:48 AM [main] INFO  com.web.actions.WebActions - Click on :--> id: LoginUserBtn]
2022-Apr-08 09:11:04 AM [main] INFO  com.web.actions.WebActions - Wait For Element To Be Clickable: --> xpath: //section//a[contains(@href,'CreateBookings')]]
2022-Apr-08 09:11:16 AM [main] INFO  com.web.actions.WebActions - Click on :
2022-Apr-08 09:11:26 AM [main] INFO  com.web.actions.WebActions - Click on :--> id: generateFormButton]
2022-Apr-08 09:11:27 AM [main] INFO  com.web.actions.WebActions - Click on :--> id: AccountFilter]
2022-Apr-08 09:11:27 AM [main] INFO  com.web.actions.WebActions - Select By Visible Text : [248500, P O Ferrymasters Limited], --> id: AccountFilter]
2022-Apr-08 09:11:27 AM [main] INFO  com.web.actions.WebActions - Click on :--> xpath: //select[@id='RouteFilter']]
2022-Apr-08 09:11:27 AM [main] INFO  com.web.actions.WebActions - Select By Visible Text : [Dover to Calais], --> xpath: //select[@id='RouteFilter']]
2022-Apr-08 09:11:27 AM [main] INFO  com.web.actions.WebActions - Click on :--> id: numberOfBookingsFilter]
2022-Apr-08 09:11:27 AM [main] INFO  com.web.actions.WebActions - Select By Visible Text : [1], --> id: numberOfBookingsFilter]
2022-Apr-08 09:11:28 AM [main] INFO  com.web.actions.WebActions - Click on :--> id: generateFormButton]
2022-Apr-08 09:11:28 AM [main] INFO  com.web.actions.WebActions - Click on :--> id: UnitType_0]
2022-Apr-08 09:11:28 AM [main] INFO  com.web.actions.WebActions - Select By Visible Text : [Van( VAN )], --> id: UnitType_0]
2022-Apr-08 09:11:28 AM [main] INFO  com.web.actions.WebActions - Clear Text From : --> id: UnitID_0]
2022-Apr-08 09:11:29 AM [main] INFO  com.web.actions.WebActions - Write Text 'SCNOV191800' on --> id: UnitID_0]
2022-Apr-08 09:11:29 AM [main] INFO  com.web.actions.WebActions - Clear Text From : --> id: JobReference_0]
2022-Apr-08 09:11:29 AM [main] INFO  com.web.actions.WebActions - Write Text 'JR0000' on --> id: JobReference_0]
2022-Apr-08 09:11:29 AM [main] INFO  com.web.actions.WebActions - Clear Text From : --> id: JobDescription_0]
2022-Apr-08 09:11:30 AM [main] INFO  com.web.actions.WebActions - Write Text 'DES0000' on --> id: JobDescription_0]
2022-Apr-08 09:11:30 AM [main] INFO  com.web.actions.WebActions - Verify Object Enabled : TRUE --> xpath: //select[@id='drivers_0'][@name='drivers']]
2022-Apr-08 09:11:30 AM [main] INFO  com.web.actions.WebActions - Click on :--> xpath: //select[@id='drivers_0'][@name='drivers']]
2022-Apr-08 09:11:30 AM [main] INFO  com.web.actions.WebActions - Select By Visible Text : [1], --> xpath: //select[@id='drivers_0'][@name='drivers']]
2022-Apr-08 09:11:30 AM [main] INFO  com.web.actions.WebActions - Verify Object Enabled : TRUE --> id: UnitLength_0]
2022-Apr-08 09:11:30 AM [main] INFO  com.web.actions.WebActions - Clear Text From : --> id: UnitLength_0]
2022-Apr-08 09:11:31 AM [main] INFO  com.web.actions.WebActions - Write Text '5' on --> id: UnitLength_0]
2022-Apr-08 09:11:31 AM [main] INFO  com.web.actions.WebActions - Verify Object Enabled : TRUE --> id: UnitWeight_0]
2022-Apr-08 09:11:31 AM [main] INFO  com.web.actions.WebActions - Verify Object Enabled : TRUE --> id: PluginRequired_0]
2022-Apr-08 09:11:31 AM [main] INFO  com.web.actions.WebActions - Verify Object Exists : TRUE --> id: SelectDate_0]
2022-Apr-08 09:11:31 AM [main] INFO  com.web.actions.WebActions - Verify Object Exists : TRUE --> id: SelectSailing_0]
2022-Apr-08 09:12:01 AM [main] INFO  com.web.actions.WebActions - Verify Object Exists : FALSE 
2022-Apr-08 09:12:41 AM [main] INFO  com.web.actions.WebActions - Verify Object Exists : FALSE 
2022-Apr-08 09:12:52 AM [main] INFO  com.web.actions.WebActions - Click on :--> id: SubmitBooking]
2022-Apr-08 09:12:57 AM [main] INFO  com.web.actions.WebActions - Wait For Element To Be Visibile: --> id: successfulBookingsBlock]
2022-Apr-08 09:12:57 AM [main] INFO  com.web.actions.WebActions - Verify Object Exists : TRUE --> id: successfulBookingsBlock]
2022-Apr-08 09:12:57 AM [main] INFO  com.web.actions.WebActions - Object Text : DO00037727, --> xpath: //div[@id='successfulBookingsBlock']//div[@class='eachLine'][text()='Way Bill No: ']/span]
2022-Apr-08 09:12:57 AM [main] INFO  com.web.actions.WebActions - Click on :--> xpath: //div[@id='successfulBookingsBlock']//div[@class='eachLine'][text()='Way Bill No: ']/span]
2022-Apr-08 09:12:57 AM [main] INFO  com.web.actions.WebActions - Wait For Element To Be Visibile: --> xpath: //*[@id='showDetails']//label[text()='Account: ']/../*[@class='data']]
2022-Apr-08 09:12:58 AM [main] INFO  com.web.actions.WebActions - Object Text : 248500 , P O Ferrymasters Limited, --> xpath: //*[@id='showDetails']//label[text()='Account: ']/../*[@class='data']]
2022-Apr-08 09:12:58 AM [main] INFO  com.web.actions.WebActions - Object Text : Dover, --> xpath: //*[@id='showDetails']//label[text()='From:']/../*[@class='data']]
2022-Apr-08 09:12:58 AM [main] INFO  com.web.actions.WebActions - Object Text : Calais, --> xpath: //*[@id='showDetails']//label[text()='To:']/../*[@class='data']]
2022-Apr-08 09:12:58 AM [main] INFO  com.web.actions.WebActions - Object Text : DO00037727, --> xpath: //*[@id='showDetails']//label[text()='WayBill No: ']/../*[@class='data']]
2022-Apr-08 09:12:58 AM [main] INFO  com.web.actions.WebActions - Object Text : 8 Apr 2022, --> xpath: //*[@id='showDetails']//label[text()='Booking Date:']/../*[@class='data']]
2022-Apr-08 09:12:58 AM [main] INFO  com.web.actions.WebActions - Object Text : VAN, --> xpath: //*[@id='showDetails']//label[text()='Unit Type: ']/../*[@class='data']]
2022-Apr-08 09:12:58 AM [main] INFO  com.web.actions.WebActions - Object Text : SCNOV191800, --> xpath: //*[@id='showDetails']//label[text()='Unit ID: ']/../*[@class='data']]
2022-Apr-08 09:12:58 AM [main] INFO  com.web.actions.WebActions - Object Text : 5, --> xpath: //*[@id='showDetails']//label[text()='Unit Length (M):']/../*[@class='data']]
2022-Apr-08 09:12:59 AM [main] INFO  com.web.actions.WebActions - Object Text : No, --> xpath: //*[@id='showDetails']//label[text()='Plug-in:']/../*[@class='data']]
2022-Apr-08 09:12:59 AM [main] INFO  com.web.actions.WebActions - Object Text : 1, --> xpath: //*[@id='showDetails']//label[text()='Drivers:']/../*[@class='data']]
2022-Apr-08 09:12:59 AM [main] INFO  com.web.actions.WebActions - Object Text : , --> xpath: //*[@id='showDetails']//label[text()='Temp (°C):']/../*[@class='data']]
2022-Apr-08 09:12:59 AM [main] INFO  com.web.actions.WebActions - Object Text : JR0000, --> xpath: //*[@id='showDetails']//label[text()='Job Reference:']/../*[@class='data']]
2022-Apr-08 09:12:59 AM [main] INFO  com.web.actions.WebActions - Object Text : DES0000, --> xpath: //*[@id='showDetails']//label[text()='Description:']/../*[@class='data']]
2022-Apr-08 09:12:59 AM [main] INFO  com.web.actions.WebActions - Click on :--> xpath: //h2[text()='Booking Details']/../..//a[@class='close icon']]
2022-Apr-08 09:13:01 AM [main] INFO  com.web.actions.WebBrowserActions - closes the currently opened browser session.
2022-Apr-08 09:13:03 AM [main] INFO  com.driver.DriverFactory - Instantiate ChromeDriver
2022-Apr-08 09:13:05 AM [main] INFO  com.web.actions.WebBrowserActions - closes the currently opened browser session.
2022-Apr-08 09:13:07 AM [main] INFO  com.driver.DriverFactory - Instantiate ChromeDriver
2022-Apr-08 09:13:10 AM [main] INFO  com.web.actions.WebActions - Navigate to 'https://uk-sitecore-freight-tst-rg-323540-cm.azurewebsites.net/
2022-Apr-08 09:13:10 AM [main] INFO  com.web.actions.WebActions - Wait For Element To Be Clickable: --> link text: Book Now]
2022-Apr-08 09:13:12 AM [main] INFO  com.web.actions.WebActions - Click on :--> link text: Book Now]
2022-Apr-08 09:13:12 AM [main] INFO  com.web.actions.WebActions - Clear Text From : --> id: LoginEmail]
2022-Apr-08 09:13:13 AM [main] INFO  com.web.actions.WebActions - Write Text 'martintrux' on --> id: LoginEmail]
2022-Apr-08 09:13:13 AM [main] INFO  com.web.actions.WebActions - Clear Text From : --> id: LoginPass]
2022-Apr-08 09:13:13 AM [main] INFO  com.web.actions.WebActions - Write Text 'Dhoni@007' on --> id: LoginPass]
2022-Apr-08 09:13:13 AM [main] INFO  com.web.actions.WebActions - Click on :--> id: LoginUserBtn]
2022-Apr-08 09:13:59 AM [main] INFO  com.web.actions.WebActions - Exception: getObjectText '
2022-Apr-08 09:13:59 AM [main] INFO  com.web.actions.WebActions - Exception Log: org.openqa.selenium.NoSuchElementException: no such element: Unable to locate element: {"method":"xpath","selector":"//div[@id='showTiles']/div[1]//div[@class='eachLine'][text()='WayBill No: ']"}
  (Session info: chrome=99.0.4844.84)
For documentation on this error, please visit: https://www.seleniumhq.org/exceptions/no_such_element.html
Build info: version: '3.141.59', revision: 'e82be7d358', time: '2018-11-14T08:17:03'
System info: host: 'POFWVDDEV-24', ip: '10.181.60.57', os.name: 'Windows 10', os.arch: 'amd64', os.version: '10.0', java.version: '1.8.0_321'
Driver info: org.openqa.selenium.chrome.ChromeDriver
Capabilities {acceptInsecureCerts: false, browserName: chrome, browserVersion: 99.0.4844.84, chrome: {chromedriverVersion: 99.0.4844.51 (d537ec02474b5..., userDataDir: C:\Users\KHAIRN~1\AppData\L...}, goog:chromeOptions: {debuggerAddress: localhost:64094}, javascriptEnabled: true, networkConnectionEnabled: false, pageLoadStrategy: normal, platform: WINDOWS, platformName: WINDOWS, proxy: Proxy(), setWindowRect: true, strictFileInteractability: false, timeouts: {implicit: 0, pageLoad: 300000, script: 30000}, unhandledPromptBehavior: dismiss and notify, webauthn:extension:credBlob: true, webauthn:extension:largeBlob: true, webauthn:virtualAuthenticators: true}
Session ID: 3cd8b090139476f16af0a3a5429fb2e9
*** Element info: {Using=xpath, value=//div[@id='showTiles']/div[1]//div[@class='eachLine'][text()='WayBill No: ']}
2022-Apr-08 09:14:39 AM [main] INFO  com.web.actions.WebActions - Exception: clickElement '
2022-Apr-08 09:14:39 AM [main] INFO  com.web.actions.WebActions - Exception Log: org.openqa.selenium.NoSuchElementException: no such element: Unable to locate element: {"method":"xpath","selector":"//div[@id='showTiles']/div[1]//div[@class='eachLine'][text()='WayBill No: ']"}
  (Session info: chrome=99.0.4844.84)
For documentation on this error, please visit: https://www.seleniumhq.org/exceptions/no_such_element.html
Build info: version: '3.141.59', revision: 'e82be7d358', time: '2018-11-14T08:17:03'
System info: host: 'POFWVDDEV-24', ip: '10.181.60.57', os.name: 'Windows 10', os.arch: 'amd64', os.version: '10.0', java.version: '1.8.0_321'
Driver info: org.openqa.selenium.chrome.ChromeDriver
Capabilities {acceptInsecureCerts: false, browserName: chrome, browserVersion: 99.0.4844.84, chrome: {chromedriverVersion: 99.0.4844.51 (d537ec02474b5..., userDataDir: C:\Users\KHAIRN~1\AppData\L...}, goog:chromeOptions: {debuggerAddress: localhost:64094}, javascriptEnabled: true, networkConnectionEnabled: false, pageLoadStrategy: normal, platform: WINDOWS, platformName: WINDOWS, proxy: Proxy(), setWindowRect: true, strictFileInteractability: false, timeouts: {implicit: 0, pageLoad: 300000, script: 30000}, unhandledPromptBehavior: dismiss and notify, webauthn:extension:credBlob: true, webauthn:extension:largeBlob: true, webauthn:virtualAuthenticators: true}
Session ID: 3cd8b090139476f16af0a3a5429fb2e9
*** Element info: {Using=xpath, value=//div[@id='showTiles']/div[1]//div[@class='eachLine'][text()='WayBill No: ']}
2022-Apr-08 09:16:22 AM [main] INFO  com.web.actions.WebActions - Exception: waitForElementToBeVisibile '
2022-Apr-08 09:16:22 AM [main] INFO  com.web.actions.WebActions - Exception Log: org.openqa.selenium.TimeoutException: Expected condition failed: waiting for visibility of Proxy element for: DefaultElementLocator 'By.xpath: //*[@id='showDetails']//label[text()='Account: ']/../*[@class='data']' (tried for 60 second(s) with 500 milliseconds interval)
2022-Apr-08 09:17:02 AM [main] INFO  com.web.actions.WebActions - Exception: getObjectText '
2022-Apr-08 09:17:02 AM [main] INFO  com.web.actions.WebActions - Exception Log: org.openqa.selenium.NoSuchElementException: no such element: Unable to locate element: {"method":"xpath","selector":"//*[@id='showDetails']//label[text()='Account: ']/../*[@class='data']"}
  (Session info: chrome=99.0.4844.84)
For documentation on this error, please visit: https://www.seleniumhq.org/exceptions/no_such_element.html
Build info: version: '3.141.59', revision: 'e82be7d358', time: '2018-11-14T08:17:03'
System info: host: 'POFWVDDEV-24', ip: '10.181.60.57', os.name: 'Windows 10', os.arch: 'amd64', os.version: '10.0', java.version: '1.8.0_321'
Driver info: org.openqa.selenium.chrome.ChromeDriver
Capabilities {acceptInsecureCerts: false, browserName: chrome, browserVersion: 99.0.4844.84, chrome: {chromedriverVersion: 99.0.4844.51 (d537ec02474b5..., userDataDir: C:\Users\KHAIRN~1\AppData\L...}, goog:chromeOptions: {debuggerAddress: localhost:64094}, javascriptEnabled: true, networkConnectionEnabled: false, pageLoadStrategy: normal, platform: WINDOWS, platformName: WINDOWS, proxy: Proxy(), setWindowRect: true, strictFileInteractability: false, timeouts: {implicit: 0, pageLoad: 300000, script: 30000}, unhandledPromptBehavior: dismiss and notify, webauthn:extension:credBlob: true, webauthn:extension:largeBlob: true, webauthn:virtualAuthenticators: true}
Session ID: 3cd8b090139476f16af0a3a5429fb2e9
*** Element info: {Using=xpath, value=//*[@id='showDetails']//label[text()='Account: ']/../*[@class='data']}
2022-Apr-08 09:17:43 AM [main] INFO  com.web.actions.WebActions - Exception: getObjectText '
2022-Apr-08 09:17:43 AM [main] INFO  com.web.actions.WebActions - Exception Log: org.openqa.selenium.NoSuchElementException: no such element: Unable to locate element: {"method":"xpath","selector":"//*[@id='showDetails']//label[text()='From:']/../*[@class='data']"}
  (Session info: chrome=99.0.4844.84)
For documentation on this error, please visit: https://www.seleniumhq.org/exceptions/no_such_element.html
Build info: version: '3.141.59', revision: 'e82be7d358', time: '2018-11-14T08:17:03'
System info: host: 'POFWVDDEV-24', ip: '10.181.60.57', os.name: 'Windows 10', os.arch: 'amd64', os.version: '10.0', java.version: '1.8.0_321'
Driver info: org.openqa.selenium.chrome.ChromeDriver
Capabilities {acceptInsecureCerts: false, browserName: chrome, browserVersion: 99.0.4844.84, chrome: {chromedriverVersion: 99.0.4844.51 (d537ec02474b5..., userDataDir: C:\Users\KHAIRN~1\AppData\L...}, goog:chromeOptions: {debuggerAddress: localhost:64094}, javascriptEnabled: true, networkConnectionEnabled: false, pageLoadStrategy: normal, platform: WINDOWS, platformName: WINDOWS, proxy: Proxy(), setWindowRect: true, strictFileInteractability: false, timeouts: {implicit: 0, pageLoad: 300000, script: 30000}, unhandledPromptBehavior: dismiss and notify, webauthn:extension:credBlob: true, webauthn:extension:largeBlob: true, webauthn:virtualAuthenticators: true}
Session ID: 3cd8b090139476f16af0a3a5429fb2e9
*** Element info: {Using=xpath, value=//*[@id='showDetails']//label[text()='From:']/../*[@class='data']}
2022-Apr-08 09:18:23 AM [main] INFO  com.web.actions.WebActions - Exception: getObjectText '
2022-Apr-08 09:18:23 AM [main] INFO  com.web.actions.WebActions - Exception Log: org.openqa.selenium.NoSuchElementException: no such element: Unable to locate element: {"method":"xpath","selector":"//*[@id='showDetails']//label[text()='To:']/../*[@class='data']"}
  (Session info: chrome=99.0.4844.84)
For documentation on this error, please visit: https://www.seleniumhq.org/exceptions/no_such_element.html
Build info: version: '3.141.59', revision: 'e82be7d358', time: '2018-11-14T08:17:03'
System info: host: 'POFWVDDEV-24', ip: '10.181.60.57', os.name: 'Windows 10', os.arch: 'amd64', os.version: '10.0', java.version: '1.8.0_321'
Driver info: org.openqa.selenium.chrome.ChromeDriver
Capabilities {acceptInsecureCerts: false, browserName: chrome, browserVersion: 99.0.4844.84, chrome: {chromedriverVersion: 99.0.4844.51 (d537ec02474b5..., userDataDir: C:\Users\KHAIRN~1\AppData\L...}, goog:chromeOptions: {debuggerAddress: localhost:64094}, javascriptEnabled: true, networkConnectionEnabled: false, pageLoadStrategy: normal, platform: WINDOWS, platformName: WINDOWS, proxy: Proxy(), setWindowRect: true, strictFileInteractability: false, timeouts: {implicit: 0, pageLoad: 300000, script: 30000}, unhandledPromptBehavior: dismiss and notify, webauthn:extension:credBlob: true, webauthn:extension:largeBlob: true, webauthn:virtualAuthenticators: true}
Session ID: 3cd8b090139476f16af0a3a5429fb2e9
*** Element info: {Using=xpath, value=//*[@id='showDetails']//label[text()='To:']/../*[@class='data']}
2022-Apr-08 09:19:03 AM [main] INFO  com.web.actions.WebActions - Exception: getObjectText '
2022-Apr-08 09:19:03 AM [main] INFO  com.web.actions.WebActions - Exception Log: org.openqa.selenium.NoSuchElementException: no such element: Unable to locate element: {"method":"xpath","selector":"//*[@id='showDetails']//label[text()='WayBill No: ']/../*[@class='data']"}
  (Session info: chrome=99.0.4844.84)
For documentation on this error, please visit: https://www.seleniumhq.org/exceptions/no_such_element.html
Build info: version: '3.141.59', revision: 'e82be7d358', time: '2018-11-14T08:17:03'
System info: host: 'POFWVDDEV-24', ip: '10.181.60.57', os.name: 'Windows 10', os.arch: 'amd64', os.version: '10.0', java.version: '1.8.0_321'
Driver info: org.openqa.selenium.chrome.ChromeDriver
Capabilities {acceptInsecureCerts: false, browserName: chrome, browserVersion: 99.0.4844.84, chrome: {chromedriverVersion: 99.0.4844.51 (d537ec02474b5..., userDataDir: C:\Users\KHAIRN~1\AppData\L...}, goog:chromeOptions: {debuggerAddress: localhost:64094}, javascriptEnabled: true, networkConnectionEnabled: false, pageLoadStrategy: normal, platform: WINDOWS, platformName: WINDOWS, proxy: Proxy(), setWindowRect: true, strictFileInteractability: false, timeouts: {implicit: 0, pageLoad: 300000, script: 30000}, unhandledPromptBehavior: dismiss and notify, webauthn:extension:credBlob: true, webauthn:extension:largeBlob: true, webauthn:virtualAuthenticators: true}
Session ID: 3cd8b090139476f16af0a3a5429fb2e9
*** Element info: {Using=xpath, value=//*[@id='showDetails']//label[text()='WayBill No: ']/../*[@class='data']}
2022-Apr-08 09:19:43 AM [main] INFO  com.web.actions.WebActions - Exception: getObjectText '
2022-Apr-08 09:19:43 AM [main] INFO  com.web.actions.WebActions - Exception Log: org.openqa.selenium.NoSuchElementException: no such element: Unable to locate element: {"method":"xpath","selector":"//*[@id='showDetails']//label[text()='Booking Date:']/../*[@class='data']"}
  (Session info: chrome=99.0.4844.84)
For documentation on this error, please visit: https://www.seleniumhq.org/exceptions/no_such_element.html
Build info: version: '3.141.59', revision: 'e82be7d358', time: '2018-11-14T08:17:03'
System info: host: 'POFWVDDEV-24', ip: '10.181.60.57', os.name: 'Windows 10', os.arch: 'amd64', os.version: '10.0', java.version: '1.8.0_321'
Driver info: org.openqa.selenium.chrome.ChromeDriver
Capabilities {acceptInsecureCerts: false, browserName: chrome, browserVersion: 99.0.4844.84, chrome: {chromedriverVersion: 99.0.4844.51 (d537ec02474b5..., userDataDir: C:\Users\KHAIRN~1\AppData\L...}, goog:chromeOptions: {debuggerAddress: localhost:64094}, javascriptEnabled: true, networkConnectionEnabled: false, pageLoadStrategy: normal, platform: WINDOWS, platformName: WINDOWS, proxy: Proxy(), setWindowRect: true, strictFileInteractability: false, timeouts: {implicit: 0, pageLoad: 300000, script: 30000}, unhandledPromptBehavior: dismiss and notify, webauthn:extension:credBlob: true, webauthn:extension:largeBlob: true, webauthn:virtualAuthenticators: true}
Session ID: 3cd8b090139476f16af0a3a5429fb2e9
*** Element info: {Using=xpath, value=//*[@id='showDetails']//label[text()='Booking Date:']/../*[@class='data']}
2022-Apr-08 09:20:23 AM [main] INFO  com.web.actions.WebActions - Exception: getObjectText '
2022-Apr-08 09:20:23 AM [main] INFO  com.web.actions.WebActions - Exception Log: org.openqa.selenium.NoSuchElementException: no such element: Unable to locate element: {"method":"xpath","selector":"//*[@id='showDetails']//label[text()='Unit Type: ']/../*[@class='data']"}
  (Session info: chrome=99.0.4844.84)
For documentation on this error, please visit: https://www.seleniumhq.org/exceptions/no_such_element.html
Build info: version: '3.141.59', revision: 'e82be7d358', time: '2018-11-14T08:17:03'
System info: host: 'POFWVDDEV-24', ip: '10.181.60.57', os.name: 'Windows 10', os.arch: 'amd64', os.version: '10.0', java.version: '1.8.0_321'
Driver info: org.openqa.selenium.chrome.ChromeDriver
Capabilities {acceptInsecureCerts: false, browserName: chrome, browserVersion: 99.0.4844.84, chrome: {chromedriverVersion: 99.0.4844.51 (d537ec02474b5..., userDataDir: C:\Users\KHAIRN~1\AppData\L...}, goog:chromeOptions: {debuggerAddress: localhost:64094}, javascriptEnabled: true, networkConnectionEnabled: false, pageLoadStrategy: normal, platform: WINDOWS, platformName: WINDOWS, proxy: Proxy(), setWindowRect: true, strictFileInteractability: false, timeouts: {implicit: 0, pageLoad: 300000, script: 30000}, unhandledPromptBehavior: dismiss and notify, webauthn:extension:credBlob: true, webauthn:extension:largeBlob: true, webauthn:virtualAuthenticators: true}
Session ID: 3cd8b090139476f16af0a3a5429fb2e9
*** Element info: {Using=xpath, value=//*[@id='showDetails']//label[text()='Unit Type: ']/../*[@class='data']}
2022-Apr-08 09:21:04 AM [main] INFO  com.web.actions.WebActions - Exception: getObjectText '
2022-Apr-08 09:21:04 AM [main] INFO  com.web.actions.WebActions - Exception Log: org.openqa.selenium.NoSuchElementException: no such element: Unable to locate element: {"method":"xpath","selector":"//*[@id='showDetails']//label[text()='Unit ID: ']/../*[@class='data']"}
  (Session info: chrome=99.0.4844.84)
For documentation on this error, please visit: https://www.seleniumhq.org/exceptions/no_such_element.html
Build info: version: '3.141.59', revision: 'e82be7d358', time: '2018-11-14T08:17:03'
System info: host: 'POFWVDDEV-24', ip: '10.181.60.57', os.name: 'Windows 10', os.arch: 'amd64', os.version: '10.0', java.version: '1.8.0_321'
Driver info: org.openqa.selenium.chrome.ChromeDriver
Capabilities {acceptInsecureCerts: false, browserName: chrome, browserVersion: 99.0.4844.84, chrome: {chromedriverVersion: 99.0.4844.51 (d537ec02474b5..., userDataDir: C:\Users\KHAIRN~1\AppData\L...}, goog:chromeOptions: {debuggerAddress: localhost:64094}, javascriptEnabled: true, networkConnectionEnabled: false, pageLoadStrategy: normal, platform: WINDOWS, platformName: WINDOWS, proxy: Proxy(), setWindowRect: true, strictFileInteractability: false, timeouts: {implicit: 0, pageLoad: 300000, script: 30000}, unhandledPromptBehavior: dismiss and notify, webauthn:extension:credBlob: true, webauthn:extension:largeBlob: true, webauthn:virtualAuthenticators: true}
Session ID: 3cd8b090139476f16af0a3a5429fb2e9
*** Element info: {Using=xpath, value=//*[@id='showDetails']//label[text()='Unit ID: ']/../*[@class='data']}
2022-Apr-08 09:21:44 AM [main] INFO  com.web.actions.WebActions - Exception: getObjectText '
2022-Apr-08 09:21:44 AM [main] INFO  com.web.actions.WebActions - Exception Log: org.openqa.selenium.NoSuchElementException: no such element: Unable to locate element: {"method":"xpath","selector":"//*[@id='showDetails']//label[text()='Unit Length (M):']/../*[@class='data']"}
  (Session info: chrome=99.0.4844.84)
For documentation on this error, please visit: https://www.seleniumhq.org/exceptions/no_such_element.html
Build info: version: '3.141.59', revision: 'e82be7d358', time: '2018-11-14T08:17:03'
System info: host: 'POFWVDDEV-24', ip: '10.181.60.57', os.name: 'Windows 10', os.arch: 'amd64', os.version: '10.0', java.version: '1.8.0_321'
Driver info: org.openqa.selenium.chrome.ChromeDriver
Capabilities {acceptInsecureCerts: false, browserName: chrome, browserVersion: 99.0.4844.84, chrome: {chromedriverVersion: 99.0.4844.51 (d537ec02474b5..., userDataDir: C:\Users\KHAIRN~1\AppData\L...}, goog:chromeOptions: {debuggerAddress: localhost:64094}, javascriptEnabled: true, networkConnectionEnabled: false, pageLoadStrategy: normal, platform: WINDOWS, platformName: WINDOWS, proxy: Proxy(), setWindowRect: true, strictFileInteractability: false, timeouts: {implicit: 0, pageLoad: 300000, script: 30000}, unhandledPromptBehavior: dismiss and notify, webauthn:extension:credBlob: true, webauthn:extension:largeBlob: true, webauthn:virtualAuthenticators: true}
Session ID: 3cd8b090139476f16af0a3a5429fb2e9
*** Element info: {Using=xpath, value=//*[@id='showDetails']//label[text()='Unit Length (M):']/../*[@class='data']}
2022-Apr-08 09:22:24 AM [main] INFO  com.web.actions.WebActions - Exception: getObjectText '
2022-Apr-08 09:22:24 AM [main] INFO  com.web.actions.WebActions - Exception Log: org.openqa.selenium.NoSuchElementException: no such element: Unable to locate element: {"method":"xpath","selector":"//*[@id='showDetails']//label[text()='Plug-in:']/../*[@class='data']"}
  (Session info: chrome=99.0.4844.84)
For documentation on this error, please visit: https://www.seleniumhq.org/exceptions/no_such_element.html
Build info: version: '3.141.59', revision: 'e82be7d358', time: '2018-11-14T08:17:03'
System info: host: 'POFWVDDEV-24', ip: '10.181.60.57', os.name: 'Windows 10', os.arch: 'amd64', os.version: '10.0', java.version: '1.8.0_321'
Driver info: org.openqa.selenium.chrome.ChromeDriver
Capabilities {acceptInsecureCerts: false, browserName: chrome, browserVersion: 99.0.4844.84, chrome: {chromedriverVersion: 99.0.4844.51 (d537ec02474b5..., userDataDir: C:\Users\KHAIRN~1\AppData\L...}, goog:chromeOptions: {debuggerAddress: localhost:64094}, javascriptEnabled: true, networkConnectionEnabled: false, pageLoadStrategy: normal, platform: WINDOWS, platformName: WINDOWS, proxy: Proxy(), setWindowRect: true, strictFileInteractability: false, timeouts: {implicit: 0, pageLoad: 300000, script: 30000}, unhandledPromptBehavior: dismiss and notify, webauthn:extension:credBlob: true, webauthn:extension:largeBlob: true, webauthn:virtualAuthenticators: true}
Session ID: 3cd8b090139476f16af0a3a5429fb2e9
*** Element info: {Using=xpath, value=//*[@id='showDetails']//label[text()='Plug-in:']/../*[@class='data']}
2022-Apr-08 09:23:04 AM [main] INFO  com.web.actions.WebActions - Exception: getObjectText '
2022-Apr-08 09:23:04 AM [main] INFO  com.web.actions.WebActions - Exception Log: org.openqa.selenium.NoSuchElementException: no such element: Unable to locate element: {"method":"xpath","selector":"//*[@id='showDetails']//label[text()='Drivers:']/../*[@class='data']"}
  (Session info: chrome=99.0.4844.84)
For documentation on this error, please visit: https://www.seleniumhq.org/exceptions/no_such_element.html
Build info: version: '3.141.59', revision: 'e82be7d358', time: '2018-11-14T08:17:03'
System info: host: 'POFWVDDEV-24', ip: '10.181.60.57', os.name: 'Windows 10', os.arch: 'amd64', os.version: '10.0', java.version: '1.8.0_321'
Driver info: org.openqa.selenium.chrome.ChromeDriver
Capabilities {acceptInsecureCerts: false, browserName: chrome, browserVersion: 99.0.4844.84, chrome: {chromedriverVersion: 99.0.4844.51 (d537ec02474b5..., userDataDir: C:\Users\KHAIRN~1\AppData\L...}, goog:chromeOptions: {debuggerAddress: localhost:64094}, javascriptEnabled: true, networkConnectionEnabled: false, pageLoadStrategy: normal, platform: WINDOWS, platformName: WINDOWS, proxy: Proxy(), setWindowRect: true, strictFileInteractability: false, timeouts: {implicit: 0, pageLoad: 300000, script: 30000}, unhandledPromptBehavior: dismiss and notify, webauthn:extension:credBlob: true, webauthn:extension:largeBlob: true, webauthn:virtualAuthenticators: true}
Session ID: 3cd8b090139476f16af0a3a5429fb2e9
*** Element info: {Using=xpath, value=//*[@id='showDetails']//label[text()='Drivers:']/../*[@class='data']}
2022-Apr-08 09:23:44 AM [main] INFO  com.web.actions.WebActions - Exception: getObjectText '
2022-Apr-08 09:23:44 AM [main] INFO  com.web.actions.WebActions - Exception Log: org.openqa.selenium.NoSuchElementException: no such element: Unable to locate element: {"method":"xpath","selector":"//*[@id='showDetails']//label[text()='Temp (°C):']/../*[@class='data']"}
  (Session info: chrome=99.0.4844.84)
For documentation on this error, please visit: https://www.seleniumhq.org/exceptions/no_such_element.html
Build info: version: '3.141.59', revision: 'e82be7d358', time: '2018-11-14T08:17:03'
System info: host: 'POFWVDDEV-24', ip: '10.181.60.57', os.name: 'Windows 10', os.arch: 'amd64', os.version: '10.0', java.version: '1.8.0_321'
Driver info: org.openqa.selenium.chrome.ChromeDriver
Capabilities {acceptInsecureCerts: false, browserName: chrome, browserVersion: 99.0.4844.84, chrome: {chromedriverVersion: 99.0.4844.51 (d537ec02474b5..., userDataDir: C:\Users\KHAIRN~1\AppData\L...}, goog:chromeOptions: {debuggerAddress: localhost:64094}, javascriptEnabled: true, networkConnectionEnabled: false, pageLoadStrategy: normal, platform: WINDOWS, platformName: WINDOWS, proxy: Proxy(), setWindowRect: true, strictFileInteractability: false, timeouts: {implicit: 0, pageLoad: 300000, script: 30000}, unhandledPromptBehavior: dismiss and notify, webauthn:extension:credBlob: true, webauthn:extension:largeBlob: true, webauthn:virtualAuthenticators: true}
Session ID: 3cd8b090139476f16af0a3a5429fb2e9
*** Element info: {Using=xpath, value=//*[@id='showDetails']//label[text()='Temp (°C):']/../*[@class='data']}
2022-Apr-08 09:24:25 AM [main] INFO  com.web.actions.WebActions - Exception: getObjectText '
2022-Apr-08 09:24:25 AM [main] INFO  com.web.actions.WebActions - Exception Log: org.openqa.selenium.NoSuchElementException: no such element: Unable to locate element: {"method":"xpath","selector":"//*[@id='showDetails']//label[text()='Job Reference:']/../*[@class='data']"}
  (Session info: chrome=99.0.4844.84)
For documentation on this error, please visit: https://www.seleniumhq.org/exceptions/no_such_element.html
Build info: version: '3.141.59', revision: 'e82be7d358', time: '2018-11-14T08:17:03'
System info: host: 'POFWVDDEV-24', ip: '10.181.60.57', os.name: 'Windows 10', os.arch: 'amd64', os.version: '10.0', java.version: '1.8.0_321'
Driver info: org.openqa.selenium.chrome.ChromeDriver
Capabilities {acceptInsecureCerts: false, browserName: chrome, browserVersion: 99.0.4844.84, chrome: {chromedriverVersion: 99.0.4844.51 (d537ec02474b5..., userDataDir: C:\Users\KHAIRN~1\AppData\L...}, goog:chromeOptions: {debuggerAddress: localhost:64094}, javascriptEnabled: true, networkConnectionEnabled: false, pageLoadStrategy: normal, platform: WINDOWS, platformName: WINDOWS, proxy: Proxy(), setWindowRect: true, strictFileInteractability: false, timeouts: {implicit: 0, pageLoad: 300000, script: 30000}, unhandledPromptBehavior: dismiss and notify, webauthn:extension:credBlob: true, webauthn:extension:largeBlob: true, webauthn:virtualAuthenticators: true}
Session ID: 3cd8b090139476f16af0a3a5429fb2e9
*** Element info: {Using=xpath, value=//*[@id='showDetails']//label[text()='Job Reference:']/../*[@class='data']}
2022-Apr-08 09:25:05 AM [main] INFO  com.web.actions.WebActions - Exception: getObjectText '
2022-Apr-08 09:25:05 AM [main] INFO  com.web.actions.WebActions - Exception Log: org.openqa.selenium.NoSuchElementException: no such element: Unable to locate element: {"method":"xpath","selector":"//*[@id='showDetails']//label[text()='Description:']/../*[@class='data']"}
  (Session info: chrome=99.0.4844.84)
For documentation on this error, please visit: https://www.seleniumhq.org/exceptions/no_such_element.html
Build info: version: '3.141.59', revision: 'e82be7d358', time: '2018-11-14T08:17:03'
System info: host: 'POFWVDDEV-24', ip: '10.181.60.57', os.name: 'Windows 10', os.arch: 'amd64', os.version: '10.0', java.version: '1.8.0_321'
Driver info: org.openqa.selenium.chrome.ChromeDriver
Capabilities {acceptInsecureCerts: false, browserName: chrome, browserVersion: 99.0.4844.84, chrome: {chromedriverVersion: 99.0.4844.51 (d537ec02474b5..., userDataDir: C:\Users\KHAIRN~1\AppData\L...}, goog:chromeOptions: {debuggerAddress: localhost:64094}, javascriptEnabled: true, networkConnectionEnabled: false, pageLoadStrategy: normal, platform: WINDOWS, platformName: WINDOWS, proxy: Proxy(), setWindowRect: true, strictFileInteractability: false, timeouts: {implicit: 0, pageLoad: 300000, script: 30000}, unhandledPromptBehavior: dismiss and notify, webauthn:extension:credBlob: true, webauthn:extension:largeBlob: true, webauthn:virtualAuthenticators: true}
Session ID: 3cd8b090139476f16af0a3a5429fb2e9
*** Element info: {Using=xpath, value=//*[@id='showDetails']//label[text()='Description:']/../*[@class='data']}
2022-Apr-08 09:25:25 AM [main] INFO  com.web.actions.WebActions - Exception: clickElement '--> xpath: //h2[text()='Booking Details']/../..//a[@class='close icon']]
2022-Apr-08 09:25:25 AM [main] INFO  com.web.actions.WebActions - Exception Log: org.openqa.selenium.ElementNotInteractableException: element not interactable
  (Session info: chrome=99.0.4844.84)
Build info: version: '3.141.59', revision: 'e82be7d358', time: '2018-11-14T08:17:03'
System info: host: 'POFWVDDEV-24', ip: '10.181.60.57', os.name: 'Windows 10', os.arch: 'amd64', os.version: '10.0', java.version: '1.8.0_321'
Driver info: org.openqa.selenium.chrome.ChromeDriver
Capabilities {acceptInsecureCerts: false, browserName: chrome, browserVersion: 99.0.4844.84, chrome: {chromedriverVersion: 99.0.4844.51 (d537ec02474b5..., userDataDir: C:\Users\KHAIRN~1\AppData\L...}, goog:chromeOptions: {debuggerAddress: localhost:64094}, javascriptEnabled: true, networkConnectionEnabled: false, pageLoadStrategy: normal, platform: WINDOWS, platformName: WINDOWS, proxy: Proxy(), setWindowRect: true, strictFileInteractability: false, timeouts: {implicit: 0, pageLoad: 300000, script: 30000}, unhandledPromptBehavior: dismiss and notify, webauthn:extension:credBlob: true, webauthn:extension:largeBlob: true, webauthn:virtualAuthenticators: true}
Session ID: 3cd8b090139476f16af0a3a5429fb2e9
2022-Apr-08 09:26:58 AM [main] INFO  com.web.actions.WebActions - Exception: waitForElementToBeVisibile '
2022-Apr-08 09:26:58 AM [main] INFO  com.web.actions.WebActions - Exception Log: org.openqa.selenium.TimeoutException: Expected condition failed: waiting for visibility of Proxy element for: DefaultElementLocator 'By.xpath: //div[@id='showTiles']/div[1]//div[@class='eachLine'][text()='WayBill No: ']' (tried for 60 second(s) with 500 milliseconds interval)
2022-Apr-08 09:27:39 AM [main] INFO  com.web.actions.WebActions - Exception: clickElement '
2022-Apr-08 09:27:39 AM [main] INFO  com.web.actions.WebActions - Exception Log: org.openqa.selenium.NoSuchElementException: no such element: Unable to locate element: {"method":"xpath","selector":"//div[@id='showTiles']/div[1]//a[@class='edit'][text()='Edit']"}
  (Session info: chrome=99.0.4844.84)
For documentation on this error, please visit: https://www.seleniumhq.org/exceptions/no_such_element.html
Build info: version: '3.141.59', revision: 'e82be7d358', time: '2018-11-14T08:17:03'
System info: host: 'POFWVDDEV-24', ip: '10.181.60.57', os.name: 'Windows 10', os.arch: 'amd64', os.version: '10.0', java.version: '1.8.0_321'
Driver info: org.openqa.selenium.chrome.ChromeDriver
Capabilities {acceptInsecureCerts: false, browserName: chrome, browserVersion: 99.0.4844.84, chrome: {chromedriverVersion: 99.0.4844.51 (d537ec02474b5..., userDataDir: C:\Users\KHAIRN~1\AppData\L...}, goog:chromeOptions: {debuggerAddress: localhost:64094}, javascriptEnabled: true, networkConnectionEnabled: false, pageLoadStrategy: normal, platform: WINDOWS, platformName: WINDOWS, proxy: Proxy(), setWindowRect: true, strictFileInteractability: false, timeouts: {implicit: 0, pageLoad: 300000, script: 30000}, unhandledPromptBehavior: dismiss and notify, webauthn:extension:credBlob: true, webauthn:extension:largeBlob: true, webauthn:virtualAuthenticators: true}
Session ID: 3cd8b090139476f16af0a3a5429fb2e9
*** Element info: {Using=xpath, value=//div[@id='showTiles']/div[1]//a[@class='edit'][text()='Edit']}
2022-Apr-08 09:29:22 AM [main] INFO  com.web.actions.WebActions - Exception: waitForElementToBeVisibile '
2022-Apr-08 09:29:22 AM [main] INFO  com.web.actions.WebActions - Exception Log: org.openqa.selenium.TimeoutException: Expected condition failed: waiting for visibility of Proxy element for: DefaultElementLocator 'By.id: Account_0' (tried for 60 second(s) with 500 milliseconds interval)
2022-Apr-08 09:30:22 AM [main] INFO  com.web.actions.WebActions - Exception: clickElement '
2022-Apr-08 09:30:22 AM [main] INFO  com.web.actions.WebActions - Exception Log: org.openqa.selenium.NoSuchElementException: no such element: Unable to locate element: {"method":"css selector","selector":"#Account_0"}
  (Session info: chrome=99.0.4844.84)
For documentation on this error, please visit: https://www.seleniumhq.org/exceptions/no_such_element.html
Build info: version: '3.141.59', revision: 'e82be7d358', time: '2018-11-14T08:17:03'
System info: host: 'POFWVDDEV-24', ip: '10.181.60.57', os.name: 'Windows 10', os.arch: 'amd64', os.version: '10.0', java.version: '1.8.0_321'
Driver info: org.openqa.selenium.chrome.ChromeDriver
Capabilities {acceptInsecureCerts: false, browserName: chrome, browserVersion: 99.0.4844.84, chrome: {chromedriverVersion: 99.0.4844.51 (d537ec02474b5..., userDataDir: C:\Users\KHAIRN~1\AppData\L...}, goog:chromeOptions: {debuggerAddress: localhost:64094}, javascriptEnabled: true, networkConnectionEnabled: false, pageLoadStrategy: normal, platform: WINDOWS, platformName: WINDOWS, proxy: Proxy(), setWindowRect: true, strictFileInteractability: false, timeouts: {implicit: 0, pageLoad: 300000, script: 30000}, unhandledPromptBehavior: dismiss and notify, webauthn:extension:credBlob: true, webauthn:extension:largeBlob: true, webauthn:virtualAuthenticators: true}
Session ID: 3cd8b090139476f16af0a3a5429fb2e9
*** Element info: {Using=id, value=Account_0}
2022-Apr-08 09:31:02 AM [main] INFO  com.web.actions.WebActions - Exception: FirstSelectedOption: 
2022-Apr-08 09:31:02 AM [main] INFO  com.web.actions.WebActions - Exception Log: org.openqa.selenium.NoSuchElementException: no such element: Unable to locate element: {"method":"css selector","selector":"#Account_0"}
  (Session info: chrome=99.0.4844.84)
For documentation on this error, please visit: https://www.seleniumhq.org/exceptions/no_such_element.html
Build info: version: '3.141.59', revision: 'e82be7d358', time: '2018-11-14T08:17:03'
System info: host: 'POFWVDDEV-24', ip: '10.181.60.57', os.name: 'Windows 10', os.arch: 'amd64', os.version: '10.0', java.version: '1.8.0_321'
Driver info: org.openqa.selenium.chrome.ChromeDriver
Capabilities {acceptInsecureCerts: false, browserName: chrome, browserVersion: 99.0.4844.84, chrome: {chromedriverVersion: 99.0.4844.51 (d537ec02474b5..., userDataDir: C:\Users\KHAIRN~1\AppData\L...}, goog:chromeOptions: {debuggerAddress: localhost:64094}, javascriptEnabled: true, networkConnectionEnabled: false, pageLoadStrategy: normal, platform: WINDOWS, platformName: WINDOWS, proxy: Proxy(), setWindowRect: true, strictFileInteractability: false, timeouts: {implicit: 0, pageLoad: 300000, script: 30000}, unhandledPromptBehavior: dismiss and notify, webauthn:extension:credBlob: true, webauthn:extension:largeBlob: true, webauthn:virtualAuthenticators: true}
Session ID: 3cd8b090139476f16af0a3a5429fb2e9
*** Element info: {Using=id, value=Account_0}
2022-Apr-08 09:31:07 AM [main] INFO  com.web.actions.WebBrowserActions - closes the currently opened browser session.
2022-Apr-08 09:31:10 AM [main] INFO  com.driver.DriverFactory - Instantiate ChromeDriver
2022-Apr-08 09:31:14 AM [main] INFO  com.web.actions.WebBrowserActions - closes the currently opened browser session.
2022-Apr-08 09:31:16 AM [main] INFO  com.driver.DriverFactory - Instantiate ChromeDriver
2022-Apr-08 09:31:19 AM [main] INFO  com.web.actions.WebBrowserActions - closes the currently opened browser session.
2022-Apr-08 09:31:22 AM [main] INFO  com.driver.DriverFactory - Instantiate ChromeDriver
2022-Apr-08 09:31:27 AM [main] INFO  com.web.actions.WebActions - Navigate to 'https://uk-sitecore-freight-tst-rg-323540-cm.azurewebsites.net/
2022-Apr-08 09:31:28 AM [main] INFO  com.web.actions.WebActions - Wait For Element To Be Clickable: --> link text: Book Now]
2022-Apr-08 09:31:30 AM [main] INFO  com.web.actions.WebActions - Click on :--> link text: Book Now]
2022-Apr-08 09:31:36 AM [main] INFO  com.web.actions.WebActions - Navigate to 'https://uk-sitecore-freight-tst-rg-323540-cd.azurewebsites.net/CreditCustomerApplicationform
2022-Apr-08 09:31:36 AM [main] INFO  com.web.actions.WebActions - Wait For Element To Be Visibile: --> id: SaveProfileBtn]
2022-Apr-08 09:31:38 AM [main] INFO  com.web.actions.WebActions - Click on :--> id: SaveProfileBtn]
2022-Apr-08 09:31:40 AM [main] INFO  com.poferries.tourist.web.actions.SignUpPageActions - Validated Text for Title, Expected Value = Title is required, Actual Value = Title is required
2022-Apr-08 09:31:40 AM [main] INFO  com.poferries.tourist.web.actions.SignUpPageActions - Validated Text for First Name, Expected Value = First Name is Required, Actual Value = First Name is Required
2022-Apr-08 09:31:40 AM [main] INFO  com.web.actions.WebActions - Clear Text From : --> id: firstname]
2022-Apr-08 09:31:41 AM [main] INFO  com.web.actions.WebActions - Write Text 'YJsDDBMEZJUeZiiOYqONUPRYkrTTgDfvVmzQjKbnW' on --> id: firstname]
2022-Apr-08 09:31:51 AM [main] INFO  com.web.actions.WebActions - Click on :--> id: SaveProfileBtn]
2022-Apr-08 09:31:53 AM [main] INFO  com.poferries.tourist.web.actions.SignUpPageActions - Validated Text for First Name, Expected Value = First Name Cannot Exceed 40 Characters, Actual Value = First Name Cannot Exceed 40 Characters
2022-Apr-08 09:31:53 AM [main] INFO  com.poferries.tourist.web.actions.SignUpPageActions - Validated Text for Last Name, Expected Value = Last Name is Required, Actual Value = Last Name is Required
2022-Apr-08 09:31:53 AM [main] INFO  com.web.actions.WebActions - Clear Text From : --> id: lastname]
2022-Apr-08 09:31:54 AM [main] INFO  com.web.actions.WebActions - Write Text 'FajqJyVqgFLzrEeDqGsGrhOgfjrmhrEoiKgfTXEuuvXMIdYUgqRGlVQAijNVbJmrZfOHDylbwtzoQqWaq' on --> id: lastname]
2022-Apr-08 09:31:56 AM [main] INFO  com.web.actions.WebActions - Click on :--> id: SaveProfileBtn]
2022-Apr-08 09:31:59 AM [main] INFO  com.poferries.tourist.web.actions.SignUpPageActions - Validated Text for Last Name, Expected Value = Last Name cannot Exceed 80 Characters, Actual Value = Last Name cannot Exceed 80 Characters
2022-Apr-08 09:31:59 AM [main] INFO  com.poferries.tourist.web.actions.SignUpPageActions - Validated Text for Job Title, Expected Value = Job Title is Required, Actual Value = Job Title is Required
2022-Apr-08 09:31:59 AM [main] INFO  com.web.actions.WebActions - Clear Text From : --> id: jobtittle]
2022-Apr-08 09:32:00 AM [main] INFO  com.web.actions.WebActions - Write Text 'VZBHaZuEpZWkDjhXQPPazBXriLOKuaHKvRbcKwDepQtjVCcToWALNRlXzkNcyqsZpwIFKDvUpqZEMvsOoVNigsUcCdNRcxXWFFAHazilhgPqXCXuqBTUdvAtocziUQAlhYBqpFbFVVpCaCayQZtUboAVDhumsryHUiFlvfIEdKeUeVkicWgkvQGtJSGepGGOdWXJderixSSjXlneIHLasXMiICXWmRkQKBLKviBgRVqAYPpCWUyiXhuhCGSpxDXY' on --> id: jobtittle]
2022-Apr-08 09:32:03 AM [main] INFO  com.web.actions.WebActions - Click on :--> id: SaveProfileBtn]
2022-Apr-08 09:32:05 AM [main] INFO  com.poferries.tourist.web.actions.SignUpPageActions - Validated Text for Job Title, Expected Value = Please enter no more than 255 characters., Actual Value = Please enter no more than 255 characters.
2022-Apr-08 09:32:06 AM [main] INFO  com.poferries.tourist.web.actions.SignUpPageActions - Validated Text for Email, Expected Value = Email is Required, Actual Value = Email is Required
2022-Apr-08 09:32:06 AM [main] INFO  com.web.actions.WebActions - Clear Text From : --> id: email]
2022-Apr-08 09:32:06 AM [main] INFO  com.web.actions.WebActions - Write Text 'Ky' on --> id: email]
2022-Apr-08 09:32:08 AM [main] INFO  com.web.actions.WebActions - Click on :--> id: SaveProfileBtn]
2022-Apr-08 09:32:11 AM [main] INFO  com.poferries.tourist.web.actions.SignUpPageActions - Validated Text for Email, Expected Value = Enter Valid Email, Actual Value = Enter Valid Email
2022-Apr-08 09:32:11 AM [main] INFO  com.web.actions.WebActions - Clear Text From : --> id: email]
2022-Apr-08 09:32:12 AM [main] INFO  com.web.actions.WebActions - Write Text 'WiDyueVhMONLCxreGOAMzTjezkqZqqIzhwgkHlNXyOpUvThwniHsOBvjLGkrKMaDaMtiqOGEymOwvIdmQ@gmail.com' on --> id: email]
2022-Apr-08 09:32:14 AM [main] INFO  com.web.actions.WebActions - Click on :--> id: SaveProfileBtn]
2022-Apr-08 09:32:16 AM [main] INFO  com.poferries.tourist.web.actions.SignUpPageActions - Validated Text for Email, Expected Value = Please enter no more than 80 characters., Actual Value = Please enter no more than 80 characters.
2022-Apr-08 09:32:16 AM [main] INFO  com.poferries.tourist.web.actions.SignUpPageActions - Validated Text for Mobile, Expected Value = Mobile is Required, Actual Value = Mobile is Required
2022-Apr-08 09:32:17 AM [main] INFO  com.web.actions.WebActions - Clear Text From : --> id: phoneNumber]
2022-Apr-08 09:32:17 AM [main] INFO  com.web.actions.WebActions - Write Text '4490034283005' on --> id: phoneNumber]
2022-Apr-08 09:32:19 AM [main] INFO  com.web.actions.WebActions - Click on :--> id: SaveProfileBtn]
2022-Apr-08 09:32:21 AM [main] INFO  com.poferries.tourist.web.actions.SignUpPageActions - Validated Text for Mobile, Expected Value = Please enter no more than 12 characters., Actual Value = Please enter no more than 12 characters.
2022-Apr-08 09:32:22 AM [main] INFO  com.web.actions.WebActions - Clear Text From : --> id: phoneNumber]
2022-Apr-08 09:32:22 AM [main] INFO  com.web.actions.WebActions - Write Text 'QM' on --> id: phoneNumber]
2022-Apr-08 09:32:24 AM [main] INFO  com.web.actions.WebActions - Click on :--> id: SaveProfileBtn]
2022-Apr-08 09:32:26 AM [main] INFO  com.poferries.tourist.web.actions.SignUpPageActions - Validated Text for Mobile, Expected Value = Enter Valid Mobile, Actual Value = Enter Valid Mobile
2022-Apr-08 09:32:27 AM [main] INFO  com.poferries.tourist.web.actions.SignUpPageActions - Validated Text for Company Name, Expected Value = Company Name is Required, Actual Value = Company Name is Required
2022-Apr-08 09:32:27 AM [main] INFO  com.web.actions.WebActions - Clear Text From : --> id: companyname]
2022-Apr-08 09:32:28 AM [main] INFO  com.web.actions.WebActions - Write Text 'bQGXInOjnPRRDVYquPJkmDKbAmHfjBPkXvueCxtbZnHqklwlbGSDIArgWJCeNDaXxocJeUlCNLXcEanonmFArCATdbQqUtcchYCigoXJPfBpjePkzIPJBOcTMbHSAYgkybloriCgNvdpJcqteWUtjGHlAINVhPLaBxhDxuGqkbvOWdbWpZUICypMZDfJzWXDxCSTxagUeHOSakDQIRfuQRXeKhlVOCjLPSjEjgWpbnMrFaxnWFgTSzcRXgLSyiDu' on --> id: companyname]
2022-Apr-08 09:32:31 AM [main] INFO  com.web.actions.WebActions - Click on :--> id: SaveProfileBtn]
2022-Apr-08 09:32:33 AM [main] INFO  com.poferries.tourist.web.actions.SignUpPageActions - Validated Text for Company Name, Expected Value = Please enter no more than 255 characters., Actual Value = Please enter no more than 255 characters.
2022-Apr-08 09:32:33 AM [main] INFO  com.web.actions.WebActions - Clear Text From : --> id: vatnumber]
2022-Apr-08 09:32:33 AM [main] INFO  com.web.actions.WebActions - Write Text 'UiDie' on --> id: vatnumber]
2022-Apr-08 09:32:36 AM [main] INFO  com.web.actions.WebActions - Click on :--> id: SaveProfileBtn]
2022-Apr-08 09:32:38 AM [main] WARN  com.poferries.tourist.web.actions.SignUpPageActions - Validated Text for Country, Expected Value = Pick valid Country name, Actual Value = 
2022-Apr-08 09:32:38 AM [main] WARN  com.poferries.tourist.web.actions.SignUpPageActions - Validated Text for VAT Number, Expected Value = Sorry this VAT number is not recognized please try again, or you can proceed without entering, Actual Value = 
2022-Apr-08 09:32:38 AM [main] INFO  com.poferries.tourist.web.actions.SignUpPageActions - Validated Text for Company Registration Number, Expected Value = Company Registration Number is Required, Actual Value = Company Registration Number is Required
2022-Apr-08 09:32:38 AM [main] INFO  com.web.actions.WebActions - Clear Text From : --> id: companyregistrationNumber]
2022-Apr-08 09:32:39 AM [main] INFO  com.web.actions.WebActions - Write Text 'OCgxQ' on --> id: companyregistrationNumber]
2022-Apr-08 09:32:41 AM [main] INFO  com.web.actions.WebActions - Click on :--> id: SaveProfileBtn]
2022-Apr-08 09:32:43 AM [main] INFO  com.poferries.tourist.web.actions.SignUpPageActions - Validated Text for Company Registration Number, Expected Value = Enter valid Company Registration Number, Actual Value = Enter valid Company Registration Number
2022-Apr-08 09:32:44 AM [main] INFO  com.web.actions.WebActions - Clear Text From : --> id: companyregistrationNumber]
2022-Apr-08 09:32:44 AM [main] INFO  com.web.actions.WebActions - Write Text 'OnYkYSdVCHKDuDMP' on --> id: companyregistrationNumber]
2022-Apr-08 09:32:46 AM [main] INFO  com.web.actions.WebActions - Click on :--> id: SaveProfileBtn]
2022-Apr-08 09:32:49 AM [main] INFO  com.poferries.tourist.web.actions.SignUpPageActions - Validated Text for Company Registration Number, Expected Value = Company Registration Number cannot exceed 15 Chars., Actual Value = Company Registration Number cannot exceed 15 Chars.
2022-Apr-08 09:32:49 AM [main] INFO  com.web.actions.WebActions - Clear Text From : --> id: companytype]
2022-Apr-08 09:32:50 AM [main] INFO  com.web.actions.WebActions - Write Text 'oRuaTwkvpYBZQVwtQfLxJRkrSYIFmcwVzFtzAWdXVoYcBFtsdQzxAWVPpnWmBjNzKjDpebvBLfAhQfMdboRkONMwraZXBNhSVHNieNFJSkhbNDXfNpYKjTNaUnUvofRzBRjwmgLlvpPCMHMkwVKZTHdUJsRaUzYheIBOfTNHtYNiVNmNbZVCaKDfenqQnwzCfyyolKsfFOYbwpSGMFOqYnIjSOVdzgELRusCMSjzukslxmmyfhYgWCGfuaaGiLRn' on --> id: companytype]
2022-Apr-08 09:32:52 AM [main] INFO  com.web.actions.WebActions - Click on :--> id: SaveProfileBtn]
2022-Apr-08 09:32:54 AM [main] INFO  com.poferries.tourist.web.actions.SignUpPageActions - Validated Text for Company Type, Expected Value = Please enter no more than 255 characters., Actual Value = Please enter no more than 255 characters.
2022-Apr-08 09:32:54 AM [main] WARN  com.poferries.tourist.web.actions.SignUpPageActions - Validated Text for Anticipated No of Shipments, Expected Value = Anticipated No of Shipments per month is Required, Actual Value = 
2022-Apr-08 09:32:55 AM [main] INFO  com.web.actions.WebActions - Clear Text From : --> id: numberofshipments]
2022-Apr-08 09:32:55 AM [main] INFO  com.web.actions.WebActions - Write Text 'WXlEqNwGqc' on --> id: numberofshipments]
2022-Apr-08 09:33:03 AM [main] INFO  com.web.actions.WebActions - Click on :--> id: SaveProfileBtn]
2022-Apr-08 09:33:05 AM [main] WARN  com.poferries.tourist.web.actions.SignUpPageActions - Validated Text for Anticipated No of Shipments, Expected Value = Enter Valid anticipated No of Shipments per month, Actual Value = 
2022-Apr-08 09:33:06 AM [main] INFO  com.poferries.tourist.web.actions.SignUpPageActions - Validated Text for Company Telephone Number, Expected Value = Company Telephone is Required, Actual Value = Company Telephone is Required
2022-Apr-08 09:33:06 AM [main] INFO  com.web.actions.WebActions - Clear Text From : --> id: companytelephone]
2022-Apr-08 09:33:06 AM [main] INFO  com.web.actions.WebActions - Write Text '13844418376060011105126209467187970324569' on --> id: companytelephone]
2022-Apr-08 09:33:09 AM [main] INFO  com.web.actions.WebActions - Click on :--> id: SaveProfileBtn]
2022-Apr-08 09:33:11 AM [main] INFO  com.poferries.tourist.web.actions.SignUpPageActions - Validated Text for Company Telephone Number, Expected Value = Please enter no more than 40 characters., Actual Value = Please enter no more than 40 characters.
2022-Apr-08 09:33:11 AM [main] INFO  com.web.actions.WebActions - Clear Text From : --> id: companytelephone]
2022-Apr-08 09:33:11 AM [main] INFO  com.web.actions.WebActions - Write Text 'USMhkGZaKw' on --> id: companytelephone]
2022-Apr-08 09:33:14 AM [main] INFO  com.web.actions.WebActions - Click on :--> id: SaveProfileBtn]
2022-Apr-08 09:33:16 AM [main] INFO  com.poferries.tourist.web.actions.SignUpPageActions - Validated Text for Company Telephone Number, Expected Value = Enter Valid Company Telephone, Actual Value = Enter Valid Company Telephone
2022-Apr-08 09:33:16 AM [main] INFO  com.poferries.tourist.web.actions.SignUpPageActions - Validated Text for Country name, Expected Value = Pick valid Country name, Actual Value = Pick valid Country name
2022-Apr-08 09:33:16 AM [main] INFO  com.poferries.tourist.web.actions.SignUpPageActions - Validated Text for Post code, Expected Value = Post code is Required, Actual Value = Post code is Required
2022-Apr-08 09:33:16 AM [main] INFO  com.web.actions.WebActions - Clear Text From : --> id: postcode]
2022-Apr-08 09:33:17 AM [main] INFO  com.web.actions.WebActions - Write Text '044164296651046060352' on --> id: postcode]
2022-Apr-08 09:33:19 AM [main] INFO  com.web.actions.WebActions - Click on :--> id: SaveProfileBtn]
2022-Apr-08 09:33:21 AM [main] INFO  com.poferries.tourist.web.actions.SignUpPageActions - Validated Text for Post code, Expected Value = Post Code cannot exceed 20 chars, Actual Value = Post Code cannot exceed 20 chars
2022-Apr-08 09:33:21 AM [main] INFO  com.poferries.tourist.web.actions.SignUpPageActions - Validated Text for Address 1, Expected Value = Address 1 is required, Actual Value = Address 1 is required
2022-Apr-08 09:33:46 AM [main] INFO  com.web.actions.WebBrowserActions - closes the currently opened browser session.
2022-Apr-08 09:33:48 AM [main] INFO  com.driver.DriverFactory - Instantiate ChromeDriver
2022-Apr-08 09:33:52 AM [main] INFO  com.web.actions.WebBrowserActions - closes the currently opened browser session.
2022-Apr-08 09:33:54 AM [main] INFO  com.driver.DriverFactory - Instantiate ChromeDriver
2022-Apr-08 09:33:59 AM [main] INFO  com.web.actions.WebActions - Navigate to 'https://uk-sitecore-freight-tst-rg-323540-cm.azurewebsites.net/
2022-Apr-08 09:33:59 AM [main] INFO  com.web.actions.WebActions - Wait For Element To Be Clickable: --> link text: Book Now]
2022-Apr-08 09:34:03 AM [main] INFO  com.web.actions.WebActions - Click on :--> link text: Book Now]
2022-Apr-08 09:34:03 AM [main] INFO  com.web.actions.WebActions - Clear Text From : --> id: LoginEmail]
2022-Apr-08 09:34:03 AM [main] INFO  com.web.actions.WebActions - Write Text 'martintrux' on --> id: LoginEmail]
2022-Apr-08 09:34:03 AM [main] INFO  com.web.actions.WebActions - Clear Text From : --> id: LoginPass]
2022-Apr-08 09:34:04 AM [main] INFO  com.web.actions.WebActions - Write Text 'Dhoni@007' on --> id: LoginPass]
2022-Apr-08 09:34:04 AM [main] INFO  com.web.actions.WebActions - Click on :--> id: LoginUserBtn]
2022-Apr-08 09:34:49 AM [main] INFO  com.web.actions.WebActions - Exception: getObjectText '
2022-Apr-08 09:34:49 AM [main] INFO  com.web.actions.WebActions - Exception Log: org.openqa.selenium.NoSuchElementException: no such element: Unable to locate element: {"method":"xpath","selector":"//div[@id='showTiles']/div[1]//div[@class='eachLine'][text()='WayBill No: ']"}
  (Session info: chrome=99.0.4844.84)
For documentation on this error, please visit: https://www.seleniumhq.org/exceptions/no_such_element.html
Build info: version: '3.141.59', revision: 'e82be7d358', time: '2018-11-14T08:17:03'
System info: host: 'POFWVDDEV-24', ip: '10.181.60.57', os.name: 'Windows 10', os.arch: 'amd64', os.version: '10.0', java.version: '1.8.0_321'
Driver info: org.openqa.selenium.chrome.ChromeDriver
Capabilities {acceptInsecureCerts: false, browserName: chrome, browserVersion: 99.0.4844.84, chrome: {chromedriverVersion: 99.0.4844.51 (d537ec02474b5..., userDataDir: C:\Users\KHAIRN~1\AppData\L...}, goog:chromeOptions: {debuggerAddress: localhost:63605}, javascriptEnabled: true, networkConnectionEnabled: false, pageLoadStrategy: normal, platform: WINDOWS, platformName: WINDOWS, proxy: Proxy(), setWindowRect: true, strictFileInteractability: false, timeouts: {implicit: 0, pageLoad: 300000, script: 30000}, unhandledPromptBehavior: dismiss and notify, webauthn:extension:credBlob: true, webauthn:extension:largeBlob: true, webauthn:virtualAuthenticators: true}
Session ID: fe3dfabb1f8c8c626a6b03020162768f
*** Element info: {Using=xpath, value=//div[@id='showTiles']/div[1]//div[@class='eachLine'][text()='WayBill No: ']}
2022-Apr-08 09:35:30 AM [main] INFO  com.web.actions.WebActions - Exception: clickElement '
2022-Apr-08 09:35:30 AM [main] INFO  com.web.actions.WebActions - Exception Log: org.openqa.selenium.NoSuchElementException: no such element: Unable to locate element: {"method":"xpath","selector":"//div[@id='showTiles']/div[1]//div[@class='eachLine'][text()='WayBill No: ']"}
  (Session info: chrome=99.0.4844.84)
For documentation on this error, please visit: https://www.seleniumhq.org/exceptions/no_such_element.html
Build info: version: '3.141.59', revision: 'e82be7d358', time: '2018-11-14T08:17:03'
System info: host: 'POFWVDDEV-24', ip: '10.181.60.57', os.name: 'Windows 10', os.arch: 'amd64', os.version: '10.0', java.version: '1.8.0_321'
Driver info: org.openqa.selenium.chrome.ChromeDriver
Capabilities {acceptInsecureCerts: false, browserName: chrome, browserVersion: 99.0.4844.84, chrome: {chromedriverVersion: 99.0.4844.51 (d537ec02474b5..., userDataDir: C:\Users\KHAIRN~1\AppData\L...}, goog:chromeOptions: {debuggerAddress: localhost:63605}, javascriptEnabled: true, networkConnectionEnabled: false, pageLoadStrategy: normal, platform: WINDOWS, platformName: WINDOWS, proxy: Proxy(), setWindowRect: true, strictFileInteractability: false, timeouts: {implicit: 0, pageLoad: 300000, script: 30000}, unhandledPromptBehavior: dismiss and notify, webauthn:extension:credBlob: true, webauthn:extension:largeBlob: true, webauthn:virtualAuthenticators: true}
Session ID: fe3dfabb1f8c8c626a6b03020162768f
*** Element info: {Using=xpath, value=//div[@id='showTiles']/div[1]//div[@class='eachLine'][text()='WayBill No: ']}
2022-Apr-08 09:37:13 AM [main] INFO  com.web.actions.WebActions - Exception: waitForElementToBeVisibile '
2022-Apr-08 09:37:13 AM [main] INFO  com.web.actions.WebActions - Exception Log: org.openqa.selenium.TimeoutException: Expected condition failed: waiting for visibility of Proxy element for: DefaultElementLocator 'By.xpath: //*[@id='showDetails']//label[text()='Account: ']/../*[@class='data']' (tried for 60 second(s) with 500 milliseconds interval)
2022-Apr-08 09:37:53 AM [main] INFO  com.web.actions.WebActions - Exception: getObjectText '
2022-Apr-08 09:37:53 AM [main] INFO  com.web.actions.WebActions - Exception Log: org.openqa.selenium.NoSuchElementException: no such element: Unable to locate element: {"method":"xpath","selector":"//*[@id='showDetails']//label[text()='Account: ']/../*[@class='data']"}
  (Session info: chrome=99.0.4844.84)
For documentation on this error, please visit: https://www.seleniumhq.org/exceptions/no_such_element.html
Build info: version: '3.141.59', revision: 'e82be7d358', time: '2018-11-14T08:17:03'
System info: host: 'POFWVDDEV-24', ip: '10.181.60.57', os.name: 'Windows 10', os.arch: 'amd64', os.version: '10.0', java.version: '1.8.0_321'
Driver info: org.openqa.selenium.chrome.ChromeDriver
Capabilities {acceptInsecureCerts: false, browserName: chrome, browserVersion: 99.0.4844.84, chrome: {chromedriverVersion: 99.0.4844.51 (d537ec02474b5..., userDataDir: C:\Users\KHAIRN~1\AppData\L...}, goog:chromeOptions: {debuggerAddress: localhost:63605}, javascriptEnabled: true, networkConnectionEnabled: false, pageLoadStrategy: normal, platform: WINDOWS, platformName: WINDOWS, proxy: Proxy(), setWindowRect: true, strictFileInteractability: false, timeouts: {implicit: 0, pageLoad: 300000, script: 30000}, unhandledPromptBehavior: dismiss and notify, webauthn:extension:credBlob: true, webauthn:extension:largeBlob: true, webauthn:virtualAuthenticators: true}
Session ID: fe3dfabb1f8c8c626a6b03020162768f
*** Element info: {Using=xpath, value=//*[@id='showDetails']//label[text()='Account: ']/../*[@class='data']}
2022-Apr-08 09:38:33 AM [main] INFO  com.web.actions.WebActions - Exception: getObjectText '
2022-Apr-08 09:38:33 AM [main] INFO  com.web.actions.WebActions - Exception Log: org.openqa.selenium.NoSuchElementException: no such element: Unable to locate element: {"method":"xpath","selector":"//*[@id='showDetails']//label[text()='From:']/../*[@class='data']"}
  (Session info: chrome=99.0.4844.84)
For documentation on this error, please visit: https://www.seleniumhq.org/exceptions/no_such_element.html
Build info: version: '3.141.59', revision: 'e82be7d358', time: '2018-11-14T08:17:03'
System info: host: 'POFWVDDEV-24', ip: '10.181.60.57', os.name: 'Windows 10', os.arch: 'amd64', os.version: '10.0', java.version: '1.8.0_321'
Driver info: org.openqa.selenium.chrome.ChromeDriver
Capabilities {acceptInsecureCerts: false, browserName: chrome, browserVersion: 99.0.4844.84, chrome: {chromedriverVersion: 99.0.4844.51 (d537ec02474b5..., userDataDir: C:\Users\KHAIRN~1\AppData\L...}, goog:chromeOptions: {debuggerAddress: localhost:63605}, javascriptEnabled: true, networkConnectionEnabled: false, pageLoadStrategy: normal, platform: WINDOWS, platformName: WINDOWS, proxy: Proxy(), setWindowRect: true, strictFileInteractability: false, timeouts: {implicit: 0, pageLoad: 300000, script: 30000}, unhandledPromptBehavior: dismiss and notify, webauthn:extension:credBlob: true, webauthn:extension:largeBlob: true, webauthn:virtualAuthenticators: true}
Session ID: fe3dfabb1f8c8c626a6b03020162768f
*** Element info: {Using=xpath, value=//*[@id='showDetails']//label[text()='From:']/../*[@class='data']}
2022-Apr-08 09:39:13 AM [main] INFO  com.web.actions.WebActions - Exception: getObjectText '
2022-Apr-08 09:39:13 AM [main] INFO  com.web.actions.WebActions - Exception Log: org.openqa.selenium.NoSuchElementException: no such element: Unable to locate element: {"method":"xpath","selector":"//*[@id='showDetails']//label[text()='To:']/../*[@class='data']"}
  (Session info: chrome=99.0.4844.84)
For documentation on this error, please visit: https://www.seleniumhq.org/exceptions/no_such_element.html
Build info: version: '3.141.59', revision: 'e82be7d358', time: '2018-11-14T08:17:03'
System info: host: 'POFWVDDEV-24', ip: '10.181.60.57', os.name: 'Windows 10', os.arch: 'amd64', os.version: '10.0', java.version: '1.8.0_321'
Driver info: org.openqa.selenium.chrome.ChromeDriver
Capabilities {acceptInsecureCerts: false, browserName: chrome, browserVersion: 99.0.4844.84, chrome: {chromedriverVersion: 99.0.4844.51 (d537ec02474b5..., userDataDir: C:\Users\KHAIRN~1\AppData\L...}, goog:chromeOptions: {debuggerAddress: localhost:63605}, javascriptEnabled: true, networkConnectionEnabled: false, pageLoadStrategy: normal, platform: WINDOWS, platformName: WINDOWS, proxy: Proxy(), setWindowRect: true, strictFileInteractability: false, timeouts: {implicit: 0, pageLoad: 300000, script: 30000}, unhandledPromptBehavior: dismiss and notify, webauthn:extension:credBlob: true, webauthn:extension:largeBlob: true, webauthn:virtualAuthenticators: true}
Session ID: fe3dfabb1f8c8c626a6b03020162768f
*** Element info: {Using=xpath, value=//*[@id='showDetails']//label[text()='To:']/../*[@class='data']}
2022-Apr-08 09:39:53 AM [main] INFO  com.web.actions.WebActions - Exception: getObjectText '
2022-Apr-08 09:39:53 AM [main] INFO  com.web.actions.WebActions - Exception Log: org.openqa.selenium.NoSuchElementException: no such element: Unable to locate element: {"method":"xpath","selector":"//*[@id='showDetails']//label[text()='WayBill No: ']/../*[@class='data']"}
  (Session info: chrome=99.0.4844.84)
For documentation on this error, please visit: https://www.seleniumhq.org/exceptions/no_such_element.html
Build info: version: '3.141.59', revision: 'e82be7d358', time: '2018-11-14T08:17:03'
System info: host: 'POFWVDDEV-24', ip: '10.181.60.57', os.name: 'Windows 10', os.arch: 'amd64', os.version: '10.0', java.version: '1.8.0_321'
Driver info: org.openqa.selenium.chrome.ChromeDriver
Capabilities {acceptInsecureCerts: false, browserName: chrome, browserVersion: 99.0.4844.84, chrome: {chromedriverVersion: 99.0.4844.51 (d537ec02474b5..., userDataDir: C:\Users\KHAIRN~1\AppData\L...}, goog:chromeOptions: {debuggerAddress: localhost:63605}, javascriptEnabled: true, networkConnectionEnabled: false, pageLoadStrategy: normal, platform: WINDOWS, platformName: WINDOWS, proxy: Proxy(), setWindowRect: true, strictFileInteractability: false, timeouts: {implicit: 0, pageLoad: 300000, script: 30000}, unhandledPromptBehavior: dismiss and notify, webauthn:extension:credBlob: true, webauthn:extension:largeBlob: true, webauthn:virtualAuthenticators: true}
Session ID: fe3dfabb1f8c8c626a6b03020162768f
*** Element info: {Using=xpath, value=//*[@id='showDetails']//label[text()='WayBill No: ']/../*[@class='data']}
2022-Apr-08 09:40:34 AM [main] INFO  com.web.actions.WebActions - Exception: getObjectText '
2022-Apr-08 09:40:34 AM [main] INFO  com.web.actions.WebActions - Exception Log: org.openqa.selenium.NoSuchElementException: no such element: Unable to locate element: {"method":"xpath","selector":"//*[@id='showDetails']//label[text()='Booking Date:']/../*[@class='data']"}
  (Session info: chrome=99.0.4844.84)
For documentation on this error, please visit: https://www.seleniumhq.org/exceptions/no_such_element.html
Build info: version: '3.141.59', revision: 'e82be7d358', time: '2018-11-14T08:17:03'
System info: host: 'POFWVDDEV-24', ip: '10.181.60.57', os.name: 'Windows 10', os.arch: 'amd64', os.version: '10.0', java.version: '1.8.0_321'
Driver info: org.openqa.selenium.chrome.ChromeDriver
Capabilities {acceptInsecureCerts: false, browserName: chrome, browserVersion: 99.0.4844.84, chrome: {chromedriverVersion: 99.0.4844.51 (d537ec02474b5..., userDataDir: C:\Users\KHAIRN~1\AppData\L...}, goog:chromeOptions: {debuggerAddress: localhost:63605}, javascriptEnabled: true, networkConnectionEnabled: false, pageLoadStrategy: normal, platform: WINDOWS, platformName: WINDOWS, proxy: Proxy(), setWindowRect: true, strictFileInteractability: false, timeouts: {implicit: 0, pageLoad: 300000, script: 30000}, unhandledPromptBehavior: dismiss and notify, webauthn:extension:credBlob: true, webauthn:extension:largeBlob: true, webauthn:virtualAuthenticators: true}
Session ID: fe3dfabb1f8c8c626a6b03020162768f
*** Element info: {Using=xpath, value=//*[@id='showDetails']//label[text()='Booking Date:']/../*[@class='data']}
2022-Apr-08 09:41:14 AM [main] INFO  com.web.actions.WebActions - Exception: getObjectText '
2022-Apr-08 09:41:14 AM [main] INFO  com.web.actions.WebActions - Exception Log: org.openqa.selenium.NoSuchElementException: no such element: Unable to locate element: {"method":"xpath","selector":"//*[@id='showDetails']//label[text()='Unit Type: ']/../*[@class='data']"}
  (Session info: chrome=99.0.4844.84)
For documentation on this error, please visit: https://www.seleniumhq.org/exceptions/no_such_element.html
Build info: version: '3.141.59', revision: 'e82be7d358', time: '2018-11-14T08:17:03'
System info: host: 'POFWVDDEV-24', ip: '10.181.60.57', os.name: 'Windows 10', os.arch: 'amd64', os.version: '10.0', java.version: '1.8.0_321'
Driver info: org.openqa.selenium.chrome.ChromeDriver
Capabilities {acceptInsecureCerts: false, browserName: chrome, browserVersion: 99.0.4844.84, chrome: {chromedriverVersion: 99.0.4844.51 (d537ec02474b5..., userDataDir: C:\Users\KHAIRN~1\AppData\L...}, goog:chromeOptions: {debuggerAddress: localhost:63605}, javascriptEnabled: true, networkConnectionEnabled: false, pageLoadStrategy: normal, platform: WINDOWS, platformName: WINDOWS, proxy: Proxy(), setWindowRect: true, strictFileInteractability: false, timeouts: {implicit: 0, pageLoad: 300000, script: 30000}, unhandledPromptBehavior: dismiss and notify, webauthn:extension:credBlob: true, webauthn:extension:largeBlob: true, webauthn:virtualAuthenticators: true}
Session ID: fe3dfabb1f8c8c626a6b03020162768f
*** Element info: {Using=xpath, value=//*[@id='showDetails']//label[text()='Unit Type: ']/../*[@class='data']}
2022-Apr-08 09:41:54 AM [main] INFO  com.web.actions.WebActions - Exception: getObjectText '
2022-Apr-08 09:41:54 AM [main] INFO  com.web.actions.WebActions - Exception Log: org.openqa.selenium.NoSuchElementException: no such element: Unable to locate element: {"method":"xpath","selector":"//*[@id='showDetails']//label[text()='Unit ID: ']/../*[@class='data']"}
  (Session info: chrome=99.0.4844.84)
For documentation on this error, please visit: https://www.seleniumhq.org/exceptions/no_such_element.html
Build info: version: '3.141.59', revision: 'e82be7d358', time: '2018-11-14T08:17:03'
System info: host: 'POFWVDDEV-24', ip: '10.181.60.57', os.name: 'Windows 10', os.arch: 'amd64', os.version: '10.0', java.version: '1.8.0_321'
Driver info: org.openqa.selenium.chrome.ChromeDriver
Capabilities {acceptInsecureCerts: false, browserName: chrome, browserVersion: 99.0.4844.84, chrome: {chromedriverVersion: 99.0.4844.51 (d537ec02474b5..., userDataDir: C:\Users\KHAIRN~1\AppData\L...}, goog:chromeOptions: {debuggerAddress: localhost:63605}, javascriptEnabled: true, networkConnectionEnabled: false, pageLoadStrategy: normal, platform: WINDOWS, platformName: WINDOWS, proxy: Proxy(), setWindowRect: true, strictFileInteractability: false, timeouts: {implicit: 0, pageLoad: 300000, script: 30000}, unhandledPromptBehavior: dismiss and notify, webauthn:extension:credBlob: true, webauthn:extension:largeBlob: true, webauthn:virtualAuthenticators: true}
Session ID: fe3dfabb1f8c8c626a6b03020162768f
*** Element info: {Using=xpath, value=//*[@id='showDetails']//label[text()='Unit ID: ']/../*[@class='data']}
2022-Apr-08 09:42:34 AM [main] INFO  com.web.actions.WebActions - Exception: getObjectText '
2022-Apr-08 09:42:34 AM [main] INFO  com.web.actions.WebActions - Exception Log: org.openqa.selenium.NoSuchElementException: no such element: Unable to locate element: {"method":"xpath","selector":"//*[@id='showDetails']//label[text()='Unit Length (M):']/../*[@class='data']"}
  (Session info: chrome=99.0.4844.84)
For documentation on this error, please visit: https://www.seleniumhq.org/exceptions/no_such_element.html
Build info: version: '3.141.59', revision: 'e82be7d358', time: '2018-11-14T08:17:03'
System info: host: 'POFWVDDEV-24', ip: '10.181.60.57', os.name: 'Windows 10', os.arch: 'amd64', os.version: '10.0', java.version: '1.8.0_321'
Driver info: org.openqa.selenium.chrome.ChromeDriver
Capabilities {acceptInsecureCerts: false, browserName: chrome, browserVersion: 99.0.4844.84, chrome: {chromedriverVersion: 99.0.4844.51 (d537ec02474b5..., userDataDir: C:\Users\KHAIRN~1\AppData\L...}, goog:chromeOptions: {debuggerAddress: localhost:63605}, javascriptEnabled: true, networkConnectionEnabled: false, pageLoadStrategy: normal, platform: WINDOWS, platformName: WINDOWS, proxy: Proxy(), setWindowRect: true, strictFileInteractability: false, timeouts: {implicit: 0, pageLoad: 300000, script: 30000}, unhandledPromptBehavior: dismiss and notify, webauthn:extension:credBlob: true, webauthn:extension:largeBlob: true, webauthn:virtualAuthenticators: true}
Session ID: fe3dfabb1f8c8c626a6b03020162768f
*** Element info: {Using=xpath, value=//*[@id='showDetails']//label[text()='Unit Length (M):']/../*[@class='data']}
2022-Apr-08 09:43:14 AM [main] INFO  com.web.actions.WebActions - Exception: getObjectText '
2022-Apr-08 09:43:14 AM [main] INFO  com.web.actions.WebActions - Exception Log: org.openqa.selenium.NoSuchElementException: no such element: Unable to locate element: {"method":"xpath","selector":"//*[@id='showDetails']//label[text()='Plug-in:']/../*[@class='data']"}
  (Session info: chrome=99.0.4844.84)
For documentation on this error, please visit: https://www.seleniumhq.org/exceptions/no_such_element.html
Build info: version: '3.141.59', revision: 'e82be7d358', time: '2018-11-14T08:17:03'
System info: host: 'POFWVDDEV-24', ip: '10.181.60.57', os.name: 'Windows 10', os.arch: 'amd64', os.version: '10.0', java.version: '1.8.0_321'
Driver info: org.openqa.selenium.chrome.ChromeDriver
Capabilities {acceptInsecureCerts: false, browserName: chrome, browserVersion: 99.0.4844.84, chrome: {chromedriverVersion: 99.0.4844.51 (d537ec02474b5..., userDataDir: C:\Users\KHAIRN~1\AppData\L...}, goog:chromeOptions: {debuggerAddress: localhost:63605}, javascriptEnabled: true, networkConnectionEnabled: false, pageLoadStrategy: normal, platform: WINDOWS, platformName: WINDOWS, proxy: Proxy(), setWindowRect: true, strictFileInteractability: false, timeouts: {implicit: 0, pageLoad: 300000, script: 30000}, unhandledPromptBehavior: dismiss and notify, webauthn:extension:credBlob: true, webauthn:extension:largeBlob: true, webauthn:virtualAuthenticators: true}
Session ID: fe3dfabb1f8c8c626a6b03020162768f
*** Element info: {Using=xpath, value=//*[@id='showDetails']//label[text()='Plug-in:']/../*[@class='data']}
2022-Apr-08 09:43:54 AM [main] INFO  com.web.actions.WebActions - Exception: getObjectText '
2022-Apr-08 09:43:54 AM [main] INFO  com.web.actions.WebActions - Exception Log: org.openqa.selenium.NoSuchElementException: no such element: Unable to locate element: {"method":"xpath","selector":"//*[@id='showDetails']//label[text()='Drivers:']/../*[@class='data']"}
  (Session info: chrome=99.0.4844.84)
For documentation on this error, please visit: https://www.seleniumhq.org/exceptions/no_such_element.html
Build info: version: '3.141.59', revision: 'e82be7d358', time: '2018-11-14T08:17:03'
System info: host: 'POFWVDDEV-24', ip: '10.181.60.57', os.name: 'Windows 10', os.arch: 'amd64', os.version: '10.0', java.version: '1.8.0_321'
Driver info: org.openqa.selenium.chrome.ChromeDriver
Capabilities {acceptInsecureCerts: false, browserName: chrome, browserVersion: 99.0.4844.84, chrome: {chromedriverVersion: 99.0.4844.51 (d537ec02474b5..., userDataDir: C:\Users\KHAIRN~1\AppData\L...}, goog:chromeOptions: {debuggerAddress: localhost:63605}, javascriptEnabled: true, networkConnectionEnabled: false, pageLoadStrategy: normal, platform: WINDOWS, platformName: WINDOWS, proxy: Proxy(), setWindowRect: true, strictFileInteractability: false, timeouts: {implicit: 0, pageLoad: 300000, script: 30000}, unhandledPromptBehavior: dismiss and notify, webauthn:extension:credBlob: true, webauthn:extension:largeBlob: true, webauthn:virtualAuthenticators: true}
Session ID: fe3dfabb1f8c8c626a6b03020162768f
*** Element info: {Using=xpath, value=//*[@id='showDetails']//label[text()='Drivers:']/../*[@class='data']}
2022-Apr-08 09:44:35 AM [main] INFO  com.web.actions.WebActions - Exception: getObjectText '
2022-Apr-08 09:44:35 AM [main] INFO  com.web.actions.WebActions - Exception Log: org.openqa.selenium.NoSuchElementException: no such element: Unable to locate element: {"method":"xpath","selector":"//*[@id='showDetails']//label[text()='Temp (°C):']/../*[@class='data']"}
  (Session info: chrome=99.0.4844.84)
For documentation on this error, please visit: https://www.seleniumhq.org/exceptions/no_such_element.html
Build info: version: '3.141.59', revision: 'e82be7d358', time: '2018-11-14T08:17:03'
System info: host: 'POFWVDDEV-24', ip: '10.181.60.57', os.name: 'Windows 10', os.arch: 'amd64', os.version: '10.0', java.version: '1.8.0_321'
Driver info: org.openqa.selenium.chrome.ChromeDriver
Capabilities {acceptInsecureCerts: false, browserName: chrome, browserVersion: 99.0.4844.84, chrome: {chromedriverVersion: 99.0.4844.51 (d537ec02474b5..., userDataDir: C:\Users\KHAIRN~1\AppData\L...}, goog:chromeOptions: {debuggerAddress: localhost:63605}, javascriptEnabled: true, networkConnectionEnabled: false, pageLoadStrategy: normal, platform: WINDOWS, platformName: WINDOWS, proxy: Proxy(), setWindowRect: true, strictFileInteractability: false, timeouts: {implicit: 0, pageLoad: 300000, script: 30000}, unhandledPromptBehavior: dismiss and notify, webauthn:extension:credBlob: true, webauthn:extension:largeBlob: true, webauthn:virtualAuthenticators: true}
Session ID: fe3dfabb1f8c8c626a6b03020162768f
*** Element info: {Using=xpath, value=//*[@id='showDetails']//label[text()='Temp (°C):']/../*[@class='data']}
2022-Apr-08 09:45:15 AM [main] INFO  com.web.actions.WebActions - Exception: getObjectText '
2022-Apr-08 09:45:15 AM [main] INFO  com.web.actions.WebActions - Exception Log: org.openqa.selenium.NoSuchElementException: no such element: Unable to locate element: {"method":"xpath","selector":"//*[@id='showDetails']//label[text()='Job Reference:']/../*[@class='data']"}
  (Session info: chrome=99.0.4844.84)
For documentation on this error, please visit: https://www.seleniumhq.org/exceptions/no_such_element.html
Build info: version: '3.141.59', revision: 'e82be7d358', time: '2018-11-14T08:17:03'
System info: host: 'POFWVDDEV-24', ip: '10.181.60.57', os.name: 'Windows 10', os.arch: 'amd64', os.version: '10.0', java.version: '1.8.0_321'
Driver info: org.openqa.selenium.chrome.ChromeDriver
Capabilities {acceptInsecureCerts: false, browserName: chrome, browserVersion: 99.0.4844.84, chrome: {chromedriverVersion: 99.0.4844.51 (d537ec02474b5..., userDataDir: C:\Users\KHAIRN~1\AppData\L...}, goog:chromeOptions: {debuggerAddress: localhost:63605}, javascriptEnabled: true, networkConnectionEnabled: false, pageLoadStrategy: normal, platform: WINDOWS, platformName: WINDOWS, proxy: Proxy(), setWindowRect: true, strictFileInteractability: false, timeouts: {implicit: 0, pageLoad: 300000, script: 30000}, unhandledPromptBehavior: dismiss and notify, webauthn:extension:credBlob: true, webauthn:extension:largeBlob: true, webauthn:virtualAuthenticators: true}
Session ID: fe3dfabb1f8c8c626a6b03020162768f
*** Element info: {Using=xpath, value=//*[@id='showDetails']//label[text()='Job Reference:']/../*[@class='data']}
2022-Apr-08 09:45:55 AM [main] INFO  com.web.actions.WebActions - Exception: getObjectText '
2022-Apr-08 09:45:55 AM [main] INFO  com.web.actions.WebActions - Exception Log: org.openqa.selenium.NoSuchElementException: no such element: Unable to locate element: {"method":"xpath","selector":"//*[@id='showDetails']//label[text()='Description:']/../*[@class='data']"}
  (Session info: chrome=99.0.4844.84)
For documentation on this error, please visit: https://www.seleniumhq.org/exceptions/no_such_element.html
Build info: version: '3.141.59', revision: 'e82be7d358', time: '2018-11-14T08:17:03'
System info: host: 'POFWVDDEV-24', ip: '10.181.60.57', os.name: 'Windows 10', os.arch: 'amd64', os.version: '10.0', java.version: '1.8.0_321'
Driver info: org.openqa.selenium.chrome.ChromeDriver
Capabilities {acceptInsecureCerts: false, browserName: chrome, browserVersion: 99.0.4844.84, chrome: {chromedriverVersion: 99.0.4844.51 (d537ec02474b5..., userDataDir: C:\Users\KHAIRN~1\AppData\L...}, goog:chromeOptions: {debuggerAddress: localhost:63605}, javascriptEnabled: true, networkConnectionEnabled: false, pageLoadStrategy: normal, platform: WINDOWS, platformName: WINDOWS, proxy: Proxy(), setWindowRect: true, strictFileInteractability: false, timeouts: {implicit: 0, pageLoad: 300000, script: 30000}, unhandledPromptBehavior: dismiss and notify, webauthn:extension:credBlob: true, webauthn:extension:largeBlob: true, webauthn:virtualAuthenticators: true}
Session ID: fe3dfabb1f8c8c626a6b03020162768f
*** Element info: {Using=xpath, value=//*[@id='showDetails']//label[text()='Description:']/../*[@class='data']}
2022-Apr-08 09:46:15 AM [main] INFO  com.web.actions.WebActions - Exception: clickElement '--> xpath: //h2[text()='Booking Details']/../..//a[@class='close icon']]
2022-Apr-08 09:46:15 AM [main] INFO  com.web.actions.WebActions - Exception Log: org.openqa.selenium.ElementNotInteractableException: element not interactable
  (Session info: chrome=99.0.4844.84)
Build info: version: '3.141.59', revision: 'e82be7d358', time: '2018-11-14T08:17:03'
System info: host: 'POFWVDDEV-24', ip: '10.181.60.57', os.name: 'Windows 10', os.arch: 'amd64', os.version: '10.0', java.version: '1.8.0_321'
Driver info: org.openqa.selenium.chrome.ChromeDriver
Capabilities {acceptInsecureCerts: false, browserName: chrome, browserVersion: 99.0.4844.84, chrome: {chromedriverVersion: 99.0.4844.51 (d537ec02474b5..., userDataDir: C:\Users\KHAIRN~1\AppData\L...}, goog:chromeOptions: {debuggerAddress: localhost:63605}, javascriptEnabled: true, networkConnectionEnabled: false, pageLoadStrategy: normal, platform: WINDOWS, platformName: WINDOWS, proxy: Proxy(), setWindowRect: true, strictFileInteractability: false, timeouts: {implicit: 0, pageLoad: 300000, script: 30000}, unhandledPromptBehavior: dismiss and notify, webauthn:extension:credBlob: true, webauthn:extension:largeBlob: true, webauthn:virtualAuthenticators: true}
Session ID: fe3dfabb1f8c8c626a6b03020162768f
2022-Apr-08 09:47:48 AM [main] INFO  com.web.actions.WebActions - Exception: waitForElementToBeVisibile '
2022-Apr-08 09:47:48 AM [main] INFO  com.web.actions.WebActions - Exception Log: org.openqa.selenium.TimeoutException: Expected condition failed: waiting for visibility of Proxy element for: DefaultElementLocator 'By.xpath: //div[@id='showTiles']/div[1]//div[@class='eachLine'][text()='WayBill No: ']' (tried for 60 second(s) with 500 milliseconds interval)
2022-Apr-08 09:48:29 AM [main] INFO  com.web.actions.WebActions - Exception: clickElement '
2022-Apr-08 09:48:29 AM [main] INFO  com.web.actions.WebActions - Exception Log: org.openqa.selenium.NoSuchElementException: no such element: Unable to locate element: {"method":"xpath","selector":"//div[@id='showTiles']/div[1]//a[@class='edit'][text()='Edit']"}
  (Session info: chrome=99.0.4844.84)
For documentation on this error, please visit: https://www.seleniumhq.org/exceptions/no_such_element.html
Build info: version: '3.141.59', revision: 'e82be7d358', time: '2018-11-14T08:17:03'
System info: host: 'POFWVDDEV-24', ip: '10.181.60.57', os.name: 'Windows 10', os.arch: 'amd64', os.version: '10.0', java.version: '1.8.0_321'
Driver info: org.openqa.selenium.chrome.ChromeDriver
Capabilities {acceptInsecureCerts: false, browserName: chrome, browserVersion: 99.0.4844.84, chrome: {chromedriverVersion: 99.0.4844.51 (d537ec02474b5..., userDataDir: C:\Users\KHAIRN~1\AppData\L...}, goog:chromeOptions: {debuggerAddress: localhost:63605}, javascriptEnabled: true, networkConnectionEnabled: false, pageLoadStrategy: normal, platform: WINDOWS, platformName: WINDOWS, proxy: Proxy(), setWindowRect: true, strictFileInteractability: false, timeouts: {implicit: 0, pageLoad: 300000, script: 30000}, unhandledPromptBehavior: dismiss and notify, webauthn:extension:credBlob: true, webauthn:extension:largeBlob: true, webauthn:virtualAuthenticators: true}
Session ID: fe3dfabb1f8c8c626a6b03020162768f
*** Element info: {Using=xpath, value=//div[@id='showTiles']/div[1]//a[@class='edit'][text()='Edit']}
2022-Apr-08 09:50:12 AM [main] INFO  com.web.actions.WebActions - Exception: waitForElementToBeVisibile '
2022-Apr-08 09:50:12 AM [main] INFO  com.web.actions.WebActions - Exception Log: org.openqa.selenium.TimeoutException: Expected condition failed: waiting for visibility of Proxy element for: DefaultElementLocator 'By.id: Account_0' (tried for 60 second(s) with 500 milliseconds interval)
2022-Apr-08 09:51:12 AM [main] INFO  com.web.actions.WebActions - Exception: clickElement '
2022-Apr-08 09:51:12 AM [main] INFO  com.web.actions.WebActions - Exception Log: org.openqa.selenium.NoSuchElementException: no such element: Unable to locate element: {"method":"css selector","selector":"#Account_0"}
  (Session info: chrome=99.0.4844.84)
For documentation on this error, please visit: https://www.seleniumhq.org/exceptions/no_such_element.html
Build info: version: '3.141.59', revision: 'e82be7d358', time: '2018-11-14T08:17:03'
System info: host: 'POFWVDDEV-24', ip: '10.181.60.57', os.name: 'Windows 10', os.arch: 'amd64', os.version: '10.0', java.version: '1.8.0_321'
Driver info: org.openqa.selenium.chrome.ChromeDriver
Capabilities {acceptInsecureCerts: false, browserName: chrome, browserVersion: 99.0.4844.84, chrome: {chromedriverVersion: 99.0.4844.51 (d537ec02474b5..., userDataDir: C:\Users\KHAIRN~1\AppData\L...}, goog:chromeOptions: {debuggerAddress: localhost:63605}, javascriptEnabled: true, networkConnectionEnabled: false, pageLoadStrategy: normal, platform: WINDOWS, platformName: WINDOWS, proxy: Proxy(), setWindowRect: true, strictFileInteractability: false, timeouts: {implicit: 0, pageLoad: 300000, script: 30000}, unhandledPromptBehavior: dismiss and notify, webauthn:extension:credBlob: true, webauthn:extension:largeBlob: true, webauthn:virtualAuthenticators: true}
Session ID: fe3dfabb1f8c8c626a6b03020162768f
*** Element info: {Using=id, value=Account_0}
2022-Apr-08 09:51:52 AM [main] INFO  com.web.actions.WebActions - Exception: FirstSelectedOption: 
2022-Apr-08 09:51:52 AM [main] INFO  com.web.actions.WebActions - Exception Log: org.openqa.selenium.NoSuchElementException: no such element: Unable to locate element: {"method":"css selector","selector":"#Account_0"}
  (Session info: chrome=99.0.4844.84)
For documentation on this error, please visit: https://www.seleniumhq.org/exceptions/no_such_element.html
Build info: version: '3.141.59', revision: 'e82be7d358', time: '2018-11-14T08:17:03'
System info: host: 'POFWVDDEV-24', ip: '10.181.60.57', os.name: 'Windows 10', os.arch: 'amd64', os.version: '10.0', java.version: '1.8.0_321'
Driver info: org.openqa.selenium.chrome.ChromeDriver
Capabilities {acceptInsecureCerts: false, browserName: chrome, browserVersion: 99.0.4844.84, chrome: {chromedriverVersion: 99.0.4844.51 (d537ec02474b5..., userDataDir: C:\Users\KHAIRN~1\AppData\L...}, goog:chromeOptions: {debuggerAddress: localhost:63605}, javascriptEnabled: true, networkConnectionEnabled: false, pageLoadStrategy: normal, platform: WINDOWS, platformName: WINDOWS, proxy: Proxy(), setWindowRect: true, strictFileInteractability: false, timeouts: {implicit: 0, pageLoad: 300000, script: 30000}, unhandledPromptBehavior: dismiss and notify, webauthn:extension:credBlob: true, webauthn:extension:largeBlob: true, webauthn:virtualAuthenticators: true}
Session ID: fe3dfabb1f8c8c626a6b03020162768f
*** Element info: {Using=id, value=Account_0}
2022-Apr-08 09:51:53 AM [main] INFO  com.web.actions.WebBrowserActions - closes the currently opened browser session.
