2022-May-06 09:23:08 AM [main] INFO  com.driver.DriverFactory - Instantiate ChromeDriver
2022-May-06 09:23:11 AM [main] INFO  com.web.actions.WebActions - Navigate to 'https://uks-sitecore-freight-dev-r-317880-cd.azurewebsites.net/
2022-May-06 09:23:12 AM [main] INFO  com.web.actions.WebActions - Wait For Element To Be Clickable: --> link text: Book Now]
2022-May-06 09:23:13 AM [main] INFO  com.web.actions.WebActions - Click on :--> link text: Book Now]
2022-May-06 09:23:14 AM [main] INFO  com.web.actions.WebActions - Clear Text From : --> id: LoginEmail]
2022-May-06 09:23:14 AM [main] INFO  com.web.actions.WebActions - Write Text 'fcduser03' on --> id: LoginEmail]
2022-May-06 09:23:14 AM [main] INFO  com.web.actions.WebActions - Clear Text From : --> id: LoginPass]
2022-May-06 09:23:14 AM [main] INFO  com.web.actions.WebActions - Write Text 'Password01' on --> id: LoginPass]
2022-May-06 09:23:15 AM [main] INFO  com.web.actions.WebActions - Click on :--> id: LoginUserBtn]
2022-May-06 09:23:30 AM [main] INFO  com.web.actions.WebActions - Wait For Element To Be Clickable: --> xpath: //section//a[contains(@href,'CreateBookings')]]
2022-May-06 09:23:42 AM [main] INFO  com.web.actions.WebActions - Click on :
2022-May-06 09:23:52 AM [main] INFO  com.web.actions.WebActions - Click on :--> id: AccountFilter]
2022-May-06 09:24:22 AM [main] INFO  com.web.actions.WebActions - Exception: clickElement '
2022-May-06 09:24:22 AM [main] INFO  com.web.actions.WebActions - Exception Log: org.openqa.selenium.NoSuchElementException: no such element: Unable to locate element: {"method":"xpath","selector":"//select[@id='AccountFilter']//option[@value='248500']"}
  (Session info: chrome=101.0.4951.54)
For documentation on this error, please visit: https://www.seleniumhq.org/exceptions/no_such_element.html
Build info: version: '3.141.59', revision: 'e82be7d358', time: '2018-11-14T08:17:03'
System info: host: 'POFWVDDEV-24', ip: '10.181.60.57', os.name: 'Windows 10', os.arch: 'amd64', os.version: '10.0', java.version: '1.8.0_321'
Driver info: org.openqa.selenium.chrome.ChromeDriver
Capabilities {acceptInsecureCerts: false, browserName: chrome, browserVersion: 101.0.4951.54, chrome: {chromedriverVersion: 100.0.4896.60 (6a5d10861ce8..., userDataDir: C:\Users\KHAIRN~1\AppData\L...}, goog:chromeOptions: {debuggerAddress: localhost:54881}, javascriptEnabled: true, networkConnectionEnabled: false, pageLoadStrategy: normal, platform: WINDOWS, platformName: WINDOWS, proxy: Proxy(), setWindowRect: true, strictFileInteractability: false, timeouts: {implicit: 0, pageLoad: 300000, script: 30000}, unhandledPromptBehavior: dismiss and notify, webauthn:extension:credBlob: true, webauthn:extension:largeBlob: true, webauthn:virtualAuthenticators: true}
Session ID: 8e19b4c7a8f6538dcaa2f5ef1de16359
*** Element info: {Using=xpath, value=//select[@id='AccountFilter']//option[@value='248500']}
